********************************
Video Name : video0001
Generating optical flow Started.
Duration of Running optical flow: 6 seconds.
Video Length : 538
# Of Frames Processed in Optical flow: 268
Generating optical flow Finished.

Analyzing Video started.
Scanning Window Size = 100
Minimum Threshold Value:0.00750592,  Maximum  Threshold Value17010   Average  Threshold Value:1218.66
Local Maximums Size Before Pruning:74
Local Maximums Size After Pruning:74
Local Maximums: 
150: Distance: 0.2
---------------------
BF T1: 13.8582;AF T1: 13.4901;BF T2: 46.9642;AF T2: 38.4124;In-T1B: 69.0854;In-T1A: 60.1425;In+T1B: 64.6042;In+T1A: 55.8139;In-T2B: 70.5914;In-T2A: 68.3513;In+T2B: 70.6101;In+T2A: 54.6545
130: Distance: 0.68
---------------------
BF T1: 14.9587;AF T1: 22.0192;BF T2: 31.0977;AF T2: 45.4956;In-T1B: 80.3706;In-T1A: 70.6101;In+T1B: 69.0854;In+T1A: 60.1425;In-T2B: 100.09;In-T2A: 64.6042;In+T2B: 63.1032;In+T2A: 56.8216
230: Distance: 0.32
---------------------
BF T1: 11.9514;AF T1: 15.7829;BF T2: 33.4301;AF T2: 47.1534;In-T1B: 54.6545;In-T1A: 69.6124;In+T1B: 57.3412;In+T1A: 96.9304;In-T2B: 55.8139;In-T2A: 67.5891;In+T2B: 61.5819;In+T2A: 97.69
320: Distance: 0.08
---------------------
BF T1: 18.0949;AF T1: 18.4703;BF T2: 48.3874;AF T2: 52.5418;In-T1B: 96.165;In-T1A: 80.7013;In+T1B: 88.2584;In+T1A: 79.5831;In-T2B: 97.69;In-T2A: 82.0735;In+T2B: 79.9765;In+T2A: 84.4426
380: Distance: 0.04
---------------------
BF T1: 17.8525;AF T1: 25.5855;BF T2: 45.2214;AF T2: 67.234;In-T1B: 76.5926;In-T1A: 97.3736;In+T1B: 84.4426;In+T1A: 80.0331;In-T2B: 80.7013;In-T2A: 96.0858;In+T2B: 94.018;In+T2A: 65.8299
470: Distance: 0.68
---------------------
BF T1: 21.6716;AF T1: 48.5433;BF T2: 46.4853;AF T2: 86.072;In-T1B: 62.1863;In-T1A: 120.607;In+T1B: 96.6954;In+T1A: 94.327;In-T2B: 65.8299;In-T2A: 117.375;In+T2B: 0;In+T2A: 0
130: Distance: 0.12
---------------------
BF T1: 14.9587;AF T1: 22.0192;BF T2: 31.0977;AF T2: 45.4956;In-T1B: 80.3706;In-T1A: 70.6101;In+T1B: 69.0854;In+T1A: 60.1425;In-T2B: 100.09;In-T2A: 64.6042;In+T2B: 63.1032;In+T2A: 56.8216
150: Distance: 0.2
---------------------
BF T1: 13.8582;AF T1: 13.4901;BF T2: 46.9642;AF T2: 38.4124;In-T1B: 69.0854;In-T1A: 60.1425;In+T1B: 64.6042;In+T1A: 55.8139;In-T2B: 70.5914;In-T2A: 68.3513;In+T2B: 70.6101;In+T2A: 54.6545
220: Distance: 1.12
---------------------
BF T1: 11.2061;AF T1: 13.9959;BF T2: 32.0161;AF T2: 44.2397;In-T1B: 55.8139;In-T1A: 67.5891;In+T1B: 53.9059;In+T1A: 85.2952;In-T2B: 56.8216;In-T2A: 61.5819;In+T2B: 57.3412;In+T2A: 96.9304
280: Distance: 0.16
---------------------
BF T1: 27.6342;AF T1: 28.1175;BF T2: 57.1434;AF T2: 58.9975;In-T1B: 69.6124;In-T1A: 101.031;In+T1B: 96.9304;In+T1A: 79.9765;In-T2B: 67.5891;In-T2A: 96.165;In+T2B: 97.69;In+T2A: 82.0735
310: Distance: 0.28
---------------------
BF T1: 14.7549;AF T1: 21.6835;BF T2: 55.3015;AF T2: 52.9521;In-T1B: 97.69;In-T1A: 82.0735;In+T1B: 101.031;In+T1A: 76.5926;In-T2B: 96.9304;In-T2A: 79.9765;In+T2B: 88.2584;In+T2A: 79.5831
350: Distance: 0.16
---------------------
BF T1: 17.6347;AF T1: 16.0043;BF T2: 49.2237;AF T2: 49.7456;In-T1B: 79.9765;In-T1A: 84.4426;In+T1B: 80.7013;In+T1A: 96.0858;In-T2B: 88.2584;In-T2A: 79.5831;In+T2B: 76.5926;In+T2A: 97.3736
380: Distance: 0.16
---------------------
BF T1: 17.8525;AF T1: 25.5855;BF T2: 45.2214;AF T2: 67.234;In-T1B: 76.5926;In-T1A: 97.3736;In+T1B: 84.4426;In+T1A: 80.0331;In-T2B: 80.7013;In-T2A: 96.0858;In+T2B: 94.018;In+T2A: 65.8299
460: Distance: 0.76
---------------------
BF T1: 11.8069;AF T1: 26.7229;BF T2: 36.7008;AF T2: 96.0536;In-T1B: 65.8299;In-T1A: 117.375;In+T1B: 68.5838;In+T1A: 113.818;In-T2B: 80.0331;In-T2A: 118.11;In+T2B: 96.6954;In+T2A: 94.327
130: Distance: 0.28
---------------------
BF T1: 14.9587;AF T1: 22.0192;BF T2: 31.0977;AF T2: 45.4956;In-T1B: 80.3706;In-T1A: 70.6101;In+T1B: 69.0854;In+T1A: 60.1425;In-T2B: 100.09;In-T2A: 64.6042;In+T2B: 63.1032;In+T2A: 56.8216
230: Distance: 1.16
---------------------
BF T1: 11.9514;AF T1: 15.7829;BF T2: 33.4301;AF T2: 47.1534;In-T1B: 54.6545;In-T1A: 69.6124;In+T1B: 57.3412;In+T1A: 96.9304;In-T2B: 55.8139;In-T2A: 67.5891;In+T2B: 61.5819;In+T2A: 97.69
270: Distance: 0.64
---------------------
BF T1: 13.2293;AF T1: 36.0292;BF T2: 44.2873;AF T2: 70.7537;In-T1B: 67.5891;In-T1A: 96.165;In+T1B: 85.2952;In+T1A: 88.2584;In-T2B: 61.5819;In-T2A: 97.69;In+T2B: 96.9304;In+T2A: 79.9765
350: Distance: 0.72
---------------------
BF T1: 17.6347;AF T1: 16.0043;BF T2: 49.2237;AF T2: 49.7456;In-T1B: 79.9765;In-T1A: 84.4426;In+T1B: 80.7013;In+T1A: 96.0858;In-T2B: 88.2584;In-T2A: 79.5831;In+T2B: 76.5926;In+T2A: 97.3736
370: Distance: 0.88
---------------------
BF T1: 13.9863;AF T1: 22.3766;BF T2: 45.0036;AF T2: 69.7758;In-T1B: 80.7013;In-T1A: 96.0858;In+T1B: 79.5831;In+T1A: 89.7326;In-T2B: 82.0735;In-T2A: 94.018;In+T2B: 84.4426;In+T2A: 80.0331
460: Distance: 0.92
---------------------
BF T1: 11.8069;AF T1: 26.7229;BF T2: 36.7008;AF T2: 96.0536;In-T1B: 65.8299;In-T1A: 117.375;In+T1B: 68.5838;In+T1A: 113.818;In-T2B: 80.0331;In-T2A: 118.11;In+T2B: 96.6954;In+T2A: 94.327
120: Distance: 0.32
---------------------
BF T1: 6.3596;AF T1: 18.7939;BF T2: 35.9794;AF T2: 49.5721;In-T1B: 100.09;In-T1A: 64.6042;In+T1B: 70.5914;In+T1A: 68.3513;In-T2B: 114.927;In-T2A: 63.1032;In+T2B: 69.0854;In+T2A: 60.1425
230: Distance: 0.84
---------------------
BF T1: 11.9514;AF T1: 15.7829;BF T2: 33.4301;AF T2: 47.1534;In-T1B: 54.6545;In-T1A: 69.6124;In+T1B: 57.3412;In+T1A: 96.9304;In-T2B: 55.8139;In-T2A: 67.5891;In+T2B: 61.5819;In+T2A: 97.69
270: Distance: 0.44
---------------------
BF T1: 13.2293;AF T1: 36.0292;BF T2: 44.2873;AF T2: 70.7537;In-T1B: 67.5891;In-T1A: 96.165;In+T1B: 85.2952;In+T1A: 88.2584;In-T2B: 61.5819;In-T2A: 97.69;In+T2B: 96.9304;In+T2A: 79.9765
350: Distance: 0.88
---------------------
BF T1: 17.6347;AF T1: 16.0043;BF T2: 49.2237;AF T2: 49.7456;In-T1B: 79.9765;In-T1A: 84.4426;In+T1B: 80.7013;In+T1A: 96.0858;In-T2B: 88.2584;In-T2A: 79.5831;In+T2B: 76.5926;In+T2A: 97.3736
370: Distance: 0.88
---------------------
BF T1: 13.9863;AF T1: 22.3766;BF T2: 45.0036;AF T2: 69.7758;In-T1B: 80.7013;In-T1A: 96.0858;In+T1B: 79.5831;In+T1A: 89.7326;In-T2B: 82.0735;In-T2A: 94.018;In+T2B: 84.4426;In+T2A: 80.0331
460: Distance: 0.92
---------------------
BF T1: 11.8069;AF T1: 26.7229;BF T2: 36.7008;AF T2: 96.0536;In-T1B: 65.8299;In-T1A: 117.375;In+T1B: 68.5838;In+T1A: 113.818;In-T2B: 80.0331;In-T2A: 118.11;In+T2B: 96.6954;In+T2A: 94.327
130: Distance: 0.24
---------------------
BF T1: 14.9587;AF T1: 22.0192;BF T2: 31.0977;AF T2: 45.4956;In-T1B: 80.3706;In-T1A: 70.6101;In+T1B: 69.0854;In+T1A: 60.1425;In-T2B: 100.09;In-T2A: 64.6042;In+T2B: 63.1032;In+T2A: 56.8216
210: Distance: 0.12
---------------------
BF T1: 10.2727;AF T1: 13.4622;BF T2: 30.7485;AF T2: 38.9403;In-T1B: 56.8216;In-T1A: 61.5819;In+T1B: 54.6545;In+T1A: 69.6124;In-T2B: 60.1425;In-T2A: 57.3412;In+T2B: 53.9059;In+T2A: 85.2952
250: Distance: 0.64
---------------------
BF T1: 14.7781;AF T1: 19.0017;BF T2: 40.1032;AF T2: 65.5384;In-T1B: 57.3412;In-T1A: 96.9304;In+T1B: 67.5891;In+T1A: 96.165;In-T2B: 53.9059;In-T2A: 85.2952;In+T2B: 69.6124;In+T2A: 101.031
350: Distance: 0.68
---------------------
BF T1: 17.6347;AF T1: 16.0043;BF T2: 49.2237;AF T2: 49.7456;In-T1B: 79.9765;In-T1A: 84.4426;In+T1B: 80.7013;In+T1A: 96.0858;In-T2B: 88.2584;In-T2A: 79.5831;In+T2B: 76.5926;In+T2A: 97.3736
370: Distance: 0.56
---------------------
BF T1: 13.9863;AF T1: 22.3766;BF T2: 45.0036;AF T2: 69.7758;In-T1B: 80.7013;In-T1A: 96.0858;In+T1B: 79.5831;In+T1A: 89.7326;In-T2B: 82.0735;In-T2A: 94.018;In+T2B: 84.4426;In+T2A: 80.0331
460: Distance: 0.84
---------------------
BF T1: 11.8069;AF T1: 26.7229;BF T2: 36.7008;AF T2: 96.0536;In-T1B: 65.8299;In-T1A: 117.375;In+T1B: 68.5838;In+T1A: 113.818;In-T2B: 80.0331;In-T2A: 118.11;In+T2B: 96.6954;In+T2A: 94.327
130: Distance: 0.12
---------------------
BF T1: 14.9587;AF T1: 22.0192;BF T2: 31.0977;AF T2: 45.4956;In-T1B: 80.3706;In-T1A: 70.6101;In+T1B: 69.0854;In+T1A: 60.1425;In-T2B: 100.09;In-T2A: 64.6042;In+T2B: 63.1032;In+T2A: 56.8216
210: Distance: 0.04
---------------------
BF T1: 10.2727;AF T1: 13.4622;BF T2: 30.7485;AF T2: 38.9403;In-T1B: 56.8216;In-T1A: 61.5819;In+T1B: 54.6545;In+T1A: 69.6124;In-T2B: 60.1425;In-T2A: 57.3412;In+T2B: 53.9059;In+T2A: 85.2952
250: Distance: 0.6
---------------------
BF T1: 14.7781;AF T1: 19.0017;BF T2: 40.1032;AF T2: 65.5384;In-T1B: 57.3412;In-T1A: 96.9304;In+T1B: 67.5891;In+T1A: 96.165;In-T2B: 53.9059;In-T2A: 85.2952;In+T2B: 69.6124;In+T2A: 101.031
270: Distance: 0.48
---------------------
BF T1: 13.2293;AF T1: 36.0292;BF T2: 44.2873;AF T2: 70.7537;In-T1B: 67.5891;In-T1A: 96.165;In+T1B: 85.2952;In+T1A: 88.2584;In-T2B: 61.5819;In-T2A: 97.69;In+T2B: 96.9304;In+T2A: 79.9765
340: Distance: 0.32
---------------------
BF T1: 16.7271;AF T1: 20.9528;BF T2: 49.6839;AF T2: 47.1873;In-T1B: 88.2584;In-T1A: 79.5831;In+T1B: 82.0735;In+T1A: 94.018;In-T2B: 101.031;In-T2A: 76.5926;In+T2B: 80.7013;In+T2A: 96.0858
370: Distance: 0.36
---------------------
BF T1: 13.9863;AF T1: 22.3766;BF T2: 45.0036;AF T2: 69.7758;In-T1B: 80.7013;In-T1A: 96.0858;In+T1B: 79.5831;In+T1A: 89.7326;In-T2B: 82.0735;In-T2A: 94.018;In+T2B: 84.4426;In+T2A: 80.0331
460: Distance: 0.84
---------------------
BF T1: 11.8069;AF T1: 26.7229;BF T2: 36.7008;AF T2: 96.0536;In-T1B: 65.8299;In-T1A: 117.375;In+T1B: 68.5838;In+T1A: 113.818;In-T2B: 80.0331;In-T2A: 118.11;In+T2B: 96.6954;In+T2A: 94.327
130: Distance: 0.24
---------------------
BF T1: 14.9587;AF T1: 22.0192;BF T2: 31.0977;AF T2: 45.4956;In-T1B: 80.3706;In-T1A: 70.6101;In+T1B: 69.0854;In+T1A: 60.1425;In-T2B: 100.09;In-T2A: 64.6042;In+T2B: 63.1032;In+T2A: 56.8216
250: Distance: 0.4
---------------------
BF T1: 14.7781;AF T1: 19.0017;BF T2: 40.1032;AF T2: 65.5384;In-T1B: 57.3412;In-T1A: 96.9304;In+T1B: 67.5891;In+T1A: 96.165;In-T2B: 53.9059;In-T2A: 85.2952;In+T2B: 69.6124;In+T2A: 101.031
270: Distance: 0.36
---------------------
BF T1: 13.2293;AF T1: 36.0292;BF T2: 44.2873;AF T2: 70.7537;In-T1B: 67.5891;In-T1A: 96.165;In+T1B: 85.2952;In+T1A: 88.2584;In-T2B: 61.5819;In-T2A: 97.69;In+T2B: 96.9304;In+T2A: 79.9765
350: Distance: 0.24
---------------------
BF T1: 17.6347;AF T1: 16.0043;BF T2: 49.2237;AF T2: 49.7456;In-T1B: 79.9765;In-T1A: 84.4426;In+T1B: 80.7013;In+T1A: 96.0858;In-T2B: 88.2584;In-T2A: 79.5831;In+T2B: 76.5926;In+T2A: 97.3736
370: Distance: 0.24
---------------------
BF T1: 13.9863;AF T1: 22.3766;BF T2: 45.0036;AF T2: 69.7758;In-T1B: 80.7013;In-T1A: 96.0858;In+T1B: 79.5831;In+T1A: 89.7326;In-T2B: 82.0735;In-T2A: 94.018;In+T2B: 84.4426;In+T2A: 80.0331
460: Distance: 0.84
---------------------
BF T1: 11.8069;AF T1: 26.7229;BF T2: 36.7008;AF T2: 96.0536;In-T1B: 65.8299;In-T1A: 117.375;In+T1B: 68.5838;In+T1A: 113.818;In-T2B: 80.0331;In-T2A: 118.11;In+T2B: 96.6954;In+T2A: 94.327
120: Distance: 0.16
---------------------
BF T1: 6.3596;AF T1: 18.7939;BF T2: 35.9794;AF T2: 49.5721;In-T1B: 100.09;In-T1A: 64.6042;In+T1B: 70.5914;In+T1A: 68.3513;In-T2B: 114.927;In-T2A: 63.1032;In+T2B: 69.0854;In+T2A: 60.1425
250: Distance: 0.32
---------------------
BF T1: 14.7781;AF T1: 19.0017;BF T2: 40.1032;AF T2: 65.5384;In-T1B: 57.3412;In-T1A: 96.9304;In+T1B: 67.5891;In+T1A: 96.165;In-T2B: 53.9059;In-T2A: 85.2952;In+T2B: 69.6124;In+T2A: 101.031
270: Distance: 0.36
---------------------
BF T1: 13.2293;AF T1: 36.0292;BF T2: 44.2873;AF T2: 70.7537;In-T1B: 67.5891;In-T1A: 96.165;In+T1B: 85.2952;In+T1A: 88.2584;In-T2B: 61.5819;In-T2A: 97.69;In+T2B: 96.9304;In+T2A: 79.9765
370: Distance: 0.24
---------------------
BF T1: 13.9863;AF T1: 22.3766;BF T2: 45.0036;AF T2: 69.7758;In-T1B: 80.7013;In-T1A: 96.0858;In+T1B: 79.5831;In+T1A: 89.7326;In-T2B: 82.0735;In-T2A: 94.018;In+T2B: 84.4426;In+T2A: 80.0331
460: Distance: 0.68
---------------------
BF T1: 11.8069;AF T1: 26.7229;BF T2: 36.7008;AF T2: 96.0536;In-T1B: 65.8299;In-T1A: 117.375;In+T1B: 68.5838;In+T1A: 113.818;In-T2B: 80.0331;In-T2A: 118.11;In+T2B: 96.6954;In+T2A: 94.327
80: Distance: 0.04
---------------------
BF T1: 24.7378;AF T1: 23.0608;BF T2: 75.4336;AF T2: 50.3769;In-T1B: 109.806;In-T1A: 80.3706;In+T1B: 116.688;In+T1A: 69.0854;In-T2B: 107.951;In-T2A: 100.09;In+T2B: 114.927;In+T2A: 63.1032
90: Distance: 0.04
---------------------
BF T1: 19.6533;AF T1: 22.5898;BF T2: 70.4699;AF T2: 37.4901;In-T1B: 111.884;In-T1A: 70.5914;In+T1B: 114.927;In+T1A: 63.1032;In-T2B: 109.806;In-T2A: 80.3706;In+T2B: 100.09;In+T2A: 64.6042
120: Distance: 0.08
---------------------
BF T1: 6.3596;AF T1: 18.7939;BF T2: 35.9794;AF T2: 49.5721;In-T1B: 100.09;In-T1A: 64.6042;In+T1B: 70.5914;In+T1A: 68.3513;In-T2B: 114.927;In-T2A: 63.1032;In+T2B: 69.0854;In+T2A: 60.1425
270: Distance: 0.28
---------------------
BF T1: 13.2293;AF T1: 36.0292;BF T2: 44.2873;AF T2: 70.7537;In-T1B: 67.5891;In-T1A: 96.165;In+T1B: 85.2952;In+T1A: 88.2584;In-T2B: 61.5819;In-T2A: 97.69;In+T2B: 96.9304;In+T2A: 79.9765
370: Distance: 0.2
---------------------
BF T1: 13.9863;AF T1: 22.3766;BF T2: 45.0036;AF T2: 69.7758;In-T1B: 80.7013;In-T1A: 96.0858;In+T1B: 79.5831;In+T1A: 89.7326;In-T2B: 82.0735;In-T2A: 94.018;In+T2B: 84.4426;In+T2A: 80.0331
460: Distance: 0.48
---------------------
BF T1: 11.8069;AF T1: 26.7229;BF T2: 36.7008;AF T2: 96.0536;In-T1B: 65.8299;In-T1A: 117.375;In+T1B: 68.5838;In+T1A: 113.818;In-T2B: 80.0331;In-T2A: 118.11;In+T2B: 96.6954;In+T2A: 94.327
270: Distance: 0.24
---------------------
BF T1: 13.2293;AF T1: 36.0292;BF T2: 44.2873;AF T2: 70.7537;In-T1B: 67.5891;In-T1A: 96.165;In+T1B: 85.2952;In+T1A: 88.2584;In-T2B: 61.5819;In-T2A: 97.69;In+T2B: 96.9304;In+T2A: 79.9765
370: Distance: 0.16
---------------------
BF T1: 13.9863;AF T1: 22.3766;BF T2: 45.0036;AF T2: 69.7758;In-T1B: 80.7013;In-T1A: 96.0858;In+T1B: 79.5831;In+T1A: 89.7326;In-T2B: 82.0735;In-T2A: 94.018;In+T2B: 84.4426;In+T2A: 80.0331
460: Distance: 0.28
---------------------
BF T1: 11.8069;AF T1: 26.7229;BF T2: 36.7008;AF T2: 96.0536;In-T1B: 65.8299;In-T1A: 117.375;In+T1B: 68.5838;In+T1A: 113.818;In-T2B: 80.0331;In-T2A: 118.11;In+T2B: 96.6954;In+T2A: 94.327
270: Distance: 0.16
---------------------
BF T1: 13.2293;AF T1: 36.0292;BF T2: 44.2873;AF T2: 70.7537;In-T1B: 67.5891;In-T1A: 96.165;In+T1B: 85.2952;In+T1A: 88.2584;In-T2B: 61.5819;In-T2A: 97.69;In+T2B: 96.9304;In+T2A: 79.9765
390: Distance: 0.08
---------------------
BF T1: 21.5866;AF T1: 30.3367;BF T2: 53.4253;AF T2: 60.6075;In-T1B: 79.5831;In-T1A: 89.7326;In+T1B: 94.018;In+T1A: 65.8299;In-T2B: 76.5926;In-T2A: 97.3736;In+T2B: 96.0858;In+T2A: 62.1863
460: Distance: 0.16
---------------------
BF T1: 11.8069;AF T1: 26.7229;BF T2: 36.7008;AF T2: 96.0536;In-T1B: 65.8299;In-T1A: 117.375;In+T1B: 68.5838;In+T1A: 113.818;In-T2B: 80.0331;In-T2A: 118.11;In+T2B: 96.6954;In+T2A: 94.327
270: Distance: 0.08
---------------------
BF T1: 13.2293;AF T1: 36.0292;BF T2: 44.2873;AF T2: 70.7537;In-T1B: 67.5891;In-T1A: 96.165;In+T1B: 85.2952;In+T1A: 88.2584;In-T2B: 61.5819;In-T2A: 97.69;In+T2B: 96.9304;In+T2A: 79.9765
400: Distance: 0.04
---------------------
BF T1: 27.2101;AF T1: 18.4373;BF T2: 66.6491;AF T2: 44.2761;In-T1B: 84.4426;In-T1A: 80.0331;In+T1B: 96.0858;In+T1A: 62.1863;In-T2B: 79.5831;In-T2A: 89.7326;In+T2B: 97.3736;In+T2A: 68.5838
440: Distance: 0.08
---------------------
BF T1: 11.887;AF T1: 14.7131;BF T2: 37.3726;AF T2: 51.5366;In-T1B: 89.7326;In-T1A: 96.6954;In+T1B: 65.8299;In+T1A: 117.375;In-T2B: 97.3736;In-T2A: 68.5838;In+T2B: 62.1863;In+T2A: 120.607
460: Distance: 0.12
---------------------
BF T1: 11.8069;AF T1: 26.7229;BF T2: 36.7008;AF T2: 96.0536;In-T1B: 65.8299;In-T1A: 117.375;In+T1B: 68.5838;In+T1A: 113.818;In-T2B: 80.0331;In-T2A: 118.11;In+T2B: 96.6954;In+T2A: 94.327
420: Distance: 0.04
---------------------
BF T1: 15.2741;AF T1: 13.5516;BF T2: 57.9346;AF T2: 36.8116;In-T1B: 96.0858;In-T1A: 62.1863;In+T1B: 89.7326;In+T1A: 96.6954;In-T2B: 94.018;In-T2A: 65.8299;In+T2B: 80.0331;In+T2A: 118.11
460: Distance: 0.08
---------------------
BF T1: 11.8069;AF T1: 26.7229;BF T2: 36.7008;AF T2: 96.0536;In-T1B: 65.8299;In-T1A: 117.375;In+T1B: 68.5838;In+T1A: 113.818;In-T2B: 80.0331;In-T2A: 118.11;In+T2B: 96.6954;In+T2A: 94.327
420: Distance: 0.04
---------------------
BF T1: 15.2741;AF T1: 13.5516;BF T2: 57.9346;AF T2: 36.8116;In-T1B: 96.0858;In-T1A: 62.1863;In+T1B: 89.7326;In+T1A: 96.6954;In-T2B: 94.018;In-T2A: 65.8299;In+T2B: 80.0331;In+T2A: 118.11
460: Distance: 0.08
---------------------
BF T1: 11.8069;AF T1: 26.7229;BF T2: 36.7008;AF T2: 96.0536;In-T1B: 65.8299;In-T1A: 117.375;In+T1B: 68.5838;In+T1A: 113.818;In-T2B: 80.0331;In-T2A: 118.11;In+T2B: 96.6954;In+T2A: 94.327
460: Distance: 0.04
---------------------
BF T1: 11.8069;AF T1: 26.7229;BF T2: 36.7008;AF T2: 96.0536;In-T1B: 65.8299;In-T1A: 117.375;In+T1B: 68.5838;In+T1A: 113.818;In-T2B: 80.0331;In-T2A: 118.11;In+T2B: 96.6954;In+T2A: 94.327
460: Distance: 0.04
---------------------
BF T1: 11.8069;AF T1: 26.7229;BF T2: 36.7008;AF T2: 96.0536;In-T1B: 65.8299;In-T1A: 117.375;In+T1B: 68.5838;In+T1A: 113.818;In-T2B: 80.0331;In-T2A: 118.11;In+T2B: 96.6954;In+T2A: 94.327
460: Distance: 0.04
---------------------
BF T1: 11.8069;AF T1: 26.7229;BF T2: 36.7008;AF T2: 96.0536;In-T1B: 65.8299;In-T1A: 117.375;In+T1B: 68.5838;In+T1A: 113.818;In-T2B: 80.0331;In-T2A: 118.11;In+T2B: 96.6954;In+T2A: 94.327
460: Distance: 0.04
---------------------
BF T1: 11.8069;AF T1: 26.7229;BF T2: 36.7008;AF T2: 96.0536;In-T1B: 65.8299;In-T1A: 117.375;In+T1B: 68.5838;In+T1A: 113.818;In-T2B: 80.0331;In-T2A: 118.11;In+T2B: 96.6954;In+T2A: 94.327
-----------------
Top Local Maximums: 
230: Distance: 1.16, Opticalflow Before this frame: 53.9059
220: Distance: 1.12, Opticalflow Before this frame: 54.6545
460: Distance: 0.92, Opticalflow Before this frame: 62.1863
...............
Score1 Calculation:
MaxD:1.16
220:1.12
230:1.16
...............
Score2 Calculation:
230:1.16
220:1.12
460:0.92
370:0.88
350:0.88
...............
Score3 Calculation:
230:1.16
220:1.12
460:0.92
460:0.92
370:0.88
Duration of Processing Video: 1 seconds.
Analyzing Video finished.
Total Processing Time: 7 seconds.
Video Name : video0001
Moment of Snap:230
Max Distance:1.16
Threshold:4252.51
Confidence: 0.35; Score1: 1; Score2: 0.4; Score3: 0.4
BF T1: 11.9514;AF T1: 15.7829;BF T2: 33.4301;AF T2: 47.1534;In-T1B: 54.6545;In-T1A: 69.6124;In+T1B: 57.3412;In+T1A: 96.9304;In-T2B: 55.8139;In-T2A: 67.5891;In+T2B: 61.5819;In+T2A: 97.69
----------------------------------------------------

