********************************
Video Name : Game15_video0032
Threshold:162.896
0,5,10,15,20,25,30,35,40,45,50,55,60,65,70,75,80,85,90,95,100,105,110,115,120,125,130,135,140,145,150,155,160,165,170,175,180,185,190,195,200,205,210,215,220,225,230,235,240,245,250,255,260,265,270,275,280,285,290,295,300,305,310,315,320,325,330,335,340,345,350,355,360,365,370,375,380,385,390,395,400,405,410,
0.12,0,0,0,0,0,0,0,0,0,0,0,0,0,0,0,0,0,0,0,0,0,0,0,0,0,0,0,0,0,0,0,0,0,0,0,0,0,0,0,0,0,0,0,0,0,0,0,0,0,0,0,0,0,0,0,0,0,0,0,0,0,0,0,0,0,0,0,0,0,0,0,0,0,0,0,0,0,0,0,0,0,0,
Threshold:325.792
0,5,10,15,20,25,30,35,40,45,50,55,60,65,70,75,80,85,90,95,100,105,110,115,120,125,130,135,140,145,150,155,160,165,170,175,180,185,190,195,200,205,210,215,220,225,230,235,240,245,250,255,260,265,270,275,280,285,290,295,300,305,310,315,320,325,330,335,340,345,350,355,360,365,370,375,380,385,390,395,400,405,410,
0.16,-0.04,-0.16,-0.4,-0.48,-0.48,-0.6,-0.56,-0.16,-0.24,-0.36,0,0.28,0.2,0.44,0.6,0.4,0.08,-0.12,-0.04,-0.08,-0.28,-0.16,0.08,-0.08,0,0.4,0.52,0.4,0.4,0.32,0.12,0,0,0,0,0,0,0,0,0,0,0,0,0,0,0,0,0,0,0,0,0,0,0,0,0,0,0,0,0,0,0,-0.08,-0.08,-0.08,-0.08,-0.08,0.08,0.08,0.08,0.08,0.08,0,0,0,0,0,0,0,0,0,0,
Threshold:488.688
0,5,10,15,20,25,30,35,40,45,50,55,60,65,70,75,80,85,90,95,100,105,110,115,120,125,130,135,140,145,150,155,160,165,170,175,180,185,190,195,200,205,210,215,220,225,230,235,240,245,250,255,260,265,270,275,280,285,290,295,300,305,310,315,320,325,330,335,340,345,350,355,360,365,370,375,380,385,390,395,400,405,410,
0.28,-0.16,-0.44,-0.72,-0.8,-0.96,-1.08,-0.88,-0.48,-0.48,-0.44,0.08,0.28,0.36,0.76,0.64,0.28,0.12,-0.24,-0.16,0.12,0.04,0,0.52,0.28,0.36,0.84,1.16,0.88,0.84,0.68,0.36,0.08,0.04,0.04,0,0,0,0,0,0,-0.04,-0.04,-0.04,-0.04,-0.04,0.04,0.04,0.04,0.04,0.04,0,0,0,-0.16,-0.16,-0.16,-0.2,-0.28,-0.24,-0.48,-0.48,-0.68,-0.8,-0.4,0.04,0.04,0.56,0.96,0.56,0.32,0.28,0,-0.12,0.12,0.24,0.32,0.32,0.24,0.12,0.04,0,0,
Threshold:651.585
0,5,10,15,20,25,30,35,40,45,50,55,60,65,70,75,80,85,90,95,100,105,110,115,120,125,130,135,140,145,150,155,160,165,170,175,180,185,190,195,200,205,210,215,220,225,230,235,240,245,250,255,260,265,270,275,280,285,290,295,300,305,310,315,320,325,330,335,340,345,350,355,360,365,370,375,380,385,390,395,400,405,410,
0.76,0.36,0.12,-0.12,-0.8,-0.84,-0.8,-0.68,-0.48,-0.4,-0.36,-0.08,0.04,0.08,0.48,0.36,-0.04,-0.12,-0.12,-0.12,0.2,0.44,0.32,0.44,0.36,0.44,0.76,1.36,1.44,1.4,1.32,0.96,0.48,0.24,0.16,0,0,0,0,0,0,-0.12,-0.12,-0.12,-0.12,-0.12,0.12,0.12,0.12,0.12,0.12,0,0,0,-0.28,-0.48,-0.68,-0.96,-1.28,-1.12,-1.16,-1,-0.8,-0.56,-0.2,0.32,0.48,0.72,1,0.68,0.48,0.28,0.24,0.24,0.56,0.56,0.84,0.8,0.6,0.36,0.28,0,-0.08,
Threshold:814.481
0,5,10,15,20,25,30,35,40,45,50,55,60,65,70,75,80,85,90,95,100,105,110,115,120,125,130,135,140,145,150,155,160,165,170,175,180,185,190,195,200,205,210,215,220,225,230,235,240,245,250,255,260,265,270,275,280,285,290,295,300,305,310,315,320,325,330,335,340,345,350,355,360,365,370,375,380,385,390,395,400,405,410,
0.4,0.28,0.08,0.04,-0.4,-0.36,-0.52,-0.24,-0.08,-0.08,-0.24,0.16,0,-0.08,0.12,0.16,-0.28,-0.2,-0.12,0.16,0.32,0.6,0.48,0.52,0.24,0.36,0.6,1.2,1.36,1.48,1.56,1.36,0.84,0.6,0.48,0.2,0.08,0.08,0.04,-0.04,-0.16,-0.36,-0.36,-0.36,-0.28,-0.04,0.32,0.2,0.12,-0.04,-0.2,-0.4,-0.36,-0.28,-0.32,-0.56,-0.76,-1.04,-1.4,-1.48,-1.4,-1.2,-0.76,-0.48,0,0.28,0.16,0.24,0.48,0.04,0.16,0.56,0.48,0.64,1.32,1.36,1.32,1.36,1,0.48,0.2,-0.08,-0.12,
Threshold:977.377
0,5,10,15,20,25,30,35,40,45,50,55,60,65,70,75,80,85,90,95,100,105,110,115,120,125,130,135,140,145,150,155,160,165,170,175,180,185,190,195,200,205,210,215,220,225,230,235,240,245,250,255,260,265,270,275,280,285,290,295,300,305,310,315,320,325,330,335,340,345,350,355,360,365,370,375,380,385,390,395,400,405,410,
0.28,0.12,0.12,0,-0.2,-0.28,-0.28,-0.16,-0.04,-0.12,-0.16,0.08,0.12,0.04,0.16,0.08,-0.24,-0.36,-0.16,0.08,0.32,0.48,0.48,0.32,0.24,0.28,0.64,1.2,1.4,1.4,1.44,1.32,0.84,0.88,0.76,0.68,0.44,0.4,0.12,-0.2,-0.64,-0.92,-1.12,-1.12,-0.56,0.08,0.48,0.68,0.56,0.08,-0.44,-0.56,-0.68,-0.48,-0.6,-0.68,-0.96,-1.08,-1.44,-1.16,-1,-0.88,-0.6,-0.36,-0.16,0,0.24,0.12,0.28,0,0.08,0.2,0.56,0.96,1.44,1.6,1.36,1.16,0.36,-0.08,-0.28,-0.12,-0.16,
Threshold:1140.27
0,5,10,15,20,25,30,35,40,45,50,55,60,65,70,75,80,85,90,95,100,105,110,115,120,125,130,135,140,145,150,155,160,165,170,175,180,185,190,195,200,205,210,215,220,225,230,235,240,245,250,255,260,265,270,275,280,285,290,295,300,305,310,315,320,325,330,335,340,345,350,355,360,365,370,375,380,385,390,395,400,405,410,
0.2,0.12,0.2,0.2,0.04,-0.04,-0.12,-0.08,-0.08,-0.12,-0.16,-0.04,-0.08,-0.08,0,-0.04,-0.12,-0.16,-0.08,0.04,0.24,0.28,0.36,0.24,0.32,0.24,0.6,1,1.2,1.16,1.28,1.08,0.76,1,0.88,1,0.92,0.68,0.12,-0.16,-0.88,-1.36,-1.56,-1.36,-0.88,-0.2,0.2,0.68,0.4,-0.12,-0.56,-0.32,-0.68,-0.44,-0.4,-0.28,-0.84,-0.76,-1,-0.76,-0.8,-0.6,-0.44,-0.2,-0.04,0.12,0.28,0.2,0.24,-0.08,-0.04,0.12,0.36,0.68,1.16,1.2,0.88,0.68,0.12,-0.32,-0.36,-0.08,0.04,
Threshold:1303.17
0,5,10,15,20,25,30,35,40,45,50,55,60,65,70,75,80,85,90,95,100,105,110,115,120,125,130,135,140,145,150,155,160,165,170,175,180,185,190,195,200,205,210,215,220,225,230,235,240,245,250,255,260,265,270,275,280,285,290,295,300,305,310,315,320,325,330,335,340,345,350,355,360,365,370,375,380,385,390,395,400,405,410,
0.2,0.2,0.2,0.2,0.2,0.04,-0.08,-0.08,-0.08,-0.2,-0.2,-0.12,-0.08,-0.08,0,0,0,-0.08,-0.08,-0.04,0.08,0.08,0.12,0.12,0.24,0.16,0.44,0.72,0.92,0.92,1.16,1.04,0.92,1.04,1.04,1.08,1.08,0.92,0.4,-0.12,-0.84,-1.52,-1.84,-1.72,-1.04,-0.56,-0.04,0.44,0.4,-0.16,-0.28,-0.04,-0.4,-0.24,-0.24,-0.24,-0.72,-0.6,-0.8,-0.56,-0.52,-0.36,-0.24,-0.08,-0.04,0.04,0.12,0.04,0.08,0,0.04,0.24,0.48,0.64,0.88,0.72,0.4,0.08,-0.28,-0.52,-0.24,0,0.32,
Threshold:1466.07
0,5,10,15,20,25,30,35,40,45,50,55,60,65,70,75,80,85,90,95,100,105,110,115,120,125,130,135,140,145,150,155,160,165,170,175,180,185,190,195,200,205,210,215,220,225,230,235,240,245,250,255,260,265,270,275,280,285,290,295,300,305,310,315,320,325,330,335,340,345,350,355,360,365,370,375,380,385,390,395,400,405,410,
0.16,0.16,0.16,0.16,0.16,0.08,-0.04,-0.04,-0.04,-0.16,-0.2,-0.12,-0.08,-0.08,0,0,0,-0.08,-0.08,-0.04,0,0,0.04,0.04,0.04,0.08,0.24,0.52,0.64,0.72,0.84,0.92,0.72,0.76,0.84,1,0.92,0.84,0.6,0.12,-0.68,-1.32,-1.64,-1.6,-1.04,-0.4,0.04,0.52,0.52,0.04,-0.24,-0.08,-0.4,-0.36,-0.36,-0.32,-0.56,-0.44,-0.56,-0.36,-0.28,-0.2,-0.16,-0.04,0,0,0.04,0.04,0.08,0,0.08,0.24,0.44,0.56,0.8,0.64,0.36,0,-0.32,-0.6,-0.32,-0.04,0.2,
Threshold:1628.96
0,5,10,15,20,25,30,35,40,45,50,55,60,65,70,75,80,85,90,95,100,105,110,115,120,125,130,135,140,145,150,155,160,165,170,175,180,185,190,195,200,205,210,215,220,225,230,235,240,245,250,255,260,265,270,275,280,285,290,295,300,305,310,315,320,325,330,335,340,345,350,355,360,365,370,375,380,385,390,395,400,405,410,
0.08,0,0,0,0,0,0.04,0.04,0.04,0.04,-0.08,-0.08,-0.08,-0.08,-0.08,0,0,0,0,0,0,0,0,0,0.04,0.04,0.16,0.36,0.4,0.44,0.48,0.44,0.24,0.32,0.32,0.68,0.92,1.08,0.96,0.72,-0.08,-0.92,-1.4,-1.48,-1.16,-0.76,-0.24,0.2,0.24,0.08,0.08,0.16,-0.08,-0.04,-0.24,-0.28,-0.44,-0.36,-0.4,-0.2,-0.16,-0.08,-0.04,0,0,0,0,0,0.04,0.04,0.08,0.12,0.28,0.32,0.4,0.32,0.24,-0.04,-0.24,-0.32,-0.08,0.08,0.2,
Threshold:1791.86
0,5,10,15,20,25,30,35,40,45,50,55,60,65,70,75,80,85,90,95,100,105,110,115,120,125,130,135,140,145,150,155,160,165,170,175,180,185,190,195,200,205,210,215,220,225,230,235,240,245,250,255,260,265,270,275,280,285,290,295,300,305,310,315,320,325,330,335,340,345,350,355,360,365,370,375,380,385,390,395,400,405,410,
0,0,0,0,0,0.04,0.04,0.04,0.04,0.04,-0.04,-0.04,-0.04,-0.04,-0.04,0,0,0,0,0,0,0,0,0,0.04,0.04,0.08,0.2,0.24,0.24,0.28,0.4,0.36,0.36,0.36,0.6,0.56,0.56,0.48,0.32,-0.24,-0.68,-1.04,-1,-0.8,-0.52,-0.2,0.24,0.24,0.28,0.24,0.28,-0.04,-0.04,-0.36,-0.32,-0.4,-0.24,-0.28,-0.08,-0.08,-0.04,-0.04,0,0,0,0,0,0.04,0.04,0.08,0.08,0.2,0.2,0.28,0.2,0.2,-0.04,-0.16,-0.28,-0.08,0,0.12,
Threshold:1954.75
0,5,10,15,20,25,30,35,40,45,50,55,60,65,70,75,80,85,90,95,100,105,110,115,120,125,130,135,140,145,150,155,160,165,170,175,180,185,190,195,200,205,210,215,220,225,230,235,240,245,250,255,260,265,270,275,280,285,290,295,300,305,310,315,320,325,330,335,340,345,350,355,360,365,370,375,380,385,390,395,400,405,410,
0,0,0,0,0,0.04,0.04,0.04,0.04,0.04,-0.04,-0.04,-0.04,-0.04,-0.04,0,0,0,0,0,0,0,0,0,0,0,0,0,0,0.04,0.04,0.08,0.16,0.16,0.16,0.48,0.6,0.6,0.64,0.52,-0.12,-0.48,-0.72,-0.8,-0.72,-0.4,-0.2,0.08,0.16,0.32,0.32,0.32,0.08,0,-0.32,-0.32,-0.32,-0.2,-0.16,0,0,0,0,0,0,0,0,0,0,0,0.04,0.04,0.12,0.2,0.28,0.2,0.2,0.04,-0.12,-0.24,-0.12,-0.04,0.04,
Threshold:2117.65
0,5,10,15,20,25,30,35,40,45,50,55,60,65,70,75,80,85,90,95,100,105,110,115,120,125,130,135,140,145,150,155,160,165,170,175,180,185,190,195,200,205,210,215,220,225,230,235,240,245,250,255,260,265,270,275,280,285,290,295,300,305,310,315,320,325,330,335,340,345,350,355,360,365,370,375,380,385,390,395,400,405,410,
0,0,0,0,0,0,0,0,0,0,0,0,0,0,0,0,0,0,0,0,0,0,0,0,0,0,0,0,0,0,0,0.04,0.08,0.08,0.12,0.32,0.4,0.44,0.48,0.4,0,-0.28,-0.48,-0.56,-0.52,-0.32,-0.16,-0.04,0.04,0.08,0.08,0.08,0.08,0,-0.08,-0.08,-0.08,-0.08,-0.04,0,0,0,0,0,0,0,0,0,0,0,0,0,0.04,0.08,0.08,0.08,0.08,0,-0.08,-0.04,0.04,0.08,0.12,
Threshold:2280.55
0,5,10,15,20,25,30,35,40,45,50,55,60,65,70,75,80,85,90,95,100,105,110,115,120,125,130,135,140,145,150,155,160,165,170,175,180,185,190,195,200,205,210,215,220,225,230,235,240,245,250,255,260,265,270,275,280,285,290,295,300,305,310,315,320,325,330,335,340,345,350,355,360,365,370,375,380,385,390,395,400,405,410,
0,0,0,0,0,0,0,0,0,0,0,0,0,0,0,0,0,0,0,0,0,0,0,0,0,0,0,0,0,0,0,0.04,0.08,0.08,0.08,0.24,0.28,0.24,0.28,0.28,-0.04,-0.24,-0.28,-0.36,-0.36,-0.2,-0.08,-0.04,0,0,0,0,0,0,0,0,0,0,0,0,0,0,0,0,0,0,0,0,0,0,0,0,0,0.04,0.04,0.04,0.04,0.04,-0.04,-0.04,0,0.04,0.04,
Threshold:2443.44
0,5,10,15,20,25,30,35,40,45,50,55,60,65,70,75,80,85,90,95,100,105,110,115,120,125,130,135,140,145,150,155,160,165,170,175,180,185,190,195,200,205,210,215,220,225,230,235,240,245,250,255,260,265,270,275,280,285,290,295,300,305,310,315,320,325,330,335,340,345,350,355,360,365,370,375,380,385,390,395,400,405,410,
0,0,0,0,0,0,0,0,0,0,0,0,0,0,0,0,0,0,0,0,0,0,0,0,0,0,0,0,0,0,0,0.04,0.08,0.08,0.08,0.16,0.16,0.12,0.12,0.12,-0.04,-0.16,-0.2,-0.2,-0.2,-0.12,-0.04,0,0,0,0,0,0,0,0,0,0,0,0,0,0,0,0,0,0,0,0,0,0,0,0,0,0,0,0,0,0,0,0,0,0,0.04,0.04,
Threshold:2606.34
0,5,10,15,20,25,30,35,40,45,50,55,60,65,70,75,80,85,90,95,100,105,110,115,120,125,130,135,140,145,150,155,160,165,170,175,180,185,190,195,200,205,210,215,220,225,230,235,240,245,250,255,260,265,270,275,280,285,290,295,300,305,310,315,320,325,330,335,340,345,350,355,360,365,370,375,380,385,390,395,400,405,410,
0,0,0,0,0,0,0,0,0,0,0,0,0,0,0,0,0,0,0,0,0,0,0,0,0,0,0,0,0,0,0,0,0,0,0,0.08,0.16,0.2,0.2,0.2,0.04,-0.12,-0.2,-0.2,-0.2,-0.12,-0.04,0,0,0,0,0,0,0,0,0,0,0,0,0,0,0,0,0,0,0,0,0,0,0,0,0,0,0,0,0,0,0,0,0,0,0,0,
Threshold:2769.23
0,5,10,15,20,25,30,35,40,45,50,55,60,65,70,75,80,85,90,95,100,105,110,115,120,125,130,135,140,145,150,155,160,165,170,175,180,185,190,195,200,205,210,215,220,225,230,235,240,245,250,255,260,265,270,275,280,285,290,295,300,305,310,315,320,325,330,335,340,345,350,355,360,365,370,375,380,385,390,395,400,405,410,
0,0,0,0,0,0,0,0,0,0,0,0,0,0,0,0,0,0,0,0,0,0,0,0,0,0,0,0,0,0,0,0,0,0,0,0,0.04,0.04,0.04,0.04,0.04,-0.04,-0.04,-0.04,-0.04,-0.04,0,0,0,0,0,0,0,0,0,0,0,0,0,0,0,0,0,0,0,0,0,0,0,0,0,0,0,0,0,0,0,0,0,0,0,0,0,
Threshold:2932.13
0,5,10,15,20,25,30,35,40,45,50,55,60,65,70,75,80,85,90,95,100,105,110,115,120,125,130,135,140,145,150,155,160,165,170,175,180,185,190,195,200,205,210,215,220,225,230,235,240,245,250,255,260,265,270,275,280,285,290,295,300,305,310,315,320,325,330,335,340,345,350,355,360,365,370,375,380,385,390,395,400,405,410,
0,0,0,0,0,0,0,0,0,0,0,0,0,0,0,0,0,0,0,0,0,0,0,0,0,0,0,0,0,0,0,0,0,0,0,0,0.04,0.04,0.04,0.04,0.04,-0.04,-0.04,-0.04,-0.04,-0.04,0,0,0,0,0,0,0,0,0,0,0,0,0,0,0,0,0,0,0,0,0,0,0,0,0,0,0,0,0,0,0,0,0,0,0,0,0,
Threshold:3095.03
