********************************
Video Name : Game15_video0032
Generating optical flow Started.
Duration of Running optical flow: 6 seconds.
Video Length : 931
# Of Frames Processed in Optical flow: 465
Generating optical flow Finished.

Analyzing Video started.
Scanning Window Size = 100
Minimum Threshold Value:0,  Maximum  Threshold Value3257.92   Average  Threshold Value:208.707
Local Maximums Size Before Pruning:114
Local Maximums Size After Pruning:114
Local Maximums: 
170: Distance: 0.28
---------------------
BF T1: 11.6668;AF T1: 15.6355;BF T2: 42.0481;AF T2: 42.1464;In-T1B: 70.9963;In-T1A: 68.8357;In+T1B: 72.0346;In+T1A: 76.5418;In-T2B: 73.0508;In-T2A: 63.3212;In+T2B: 63.5823;In+T2A: 81.3973
200: Distance: 0.6
---------------------
BF T1: 17.4878;AF T1: 21.6863;BF T2: 39.022;AF T2: 53.854;In-T1B: 63.5823;In-T1A: 81.3973;In+T1B: 68.8357;In+T1A: 71.2733;In-T2B: 72.0346;In-T2A: 76.5418;In+T2B: 74.4456;In+T2A: 67.5698
280: Distance: 0.08
---------------------
BF T1: 14.5669;AF T1: 29.3325;BF T2: 41.6754;AF T2: 61.4748;In-T1B: 67.5698;In-T1A: 87.4178;In+T1B: 80.0605;In+T1A: 84.6239;In-T2B: 71.2733;In-T2A: 87.1655;In+T2B: 86.4783;In+T2A: 85.5505
320: Distance: 0.52
---------------------
BF T1: 13.8254;AF T1: 22.8458;BF T2: 46.4411;AF T2: 59.9641;In-T1B: 87.1655;In-T1A: 96.2528;In+T1B: 89.3035;In+T1A: 121.566;In-T2B: 86.4783;In-T2A: 85.5505;In+T2B: 84.6239;In+T2A: 122.923
770: Distance: 0.08
---------------------
BF T1: 13.7838;AF T1: 18.0018;BF T2: 44.0232;AF T2: 53.1362;In-T1B: 75.1865;In-T1A: 81.3198;In+T1B: 75.7146;In+T1A: 94.8956;In-T2B: 75.1335;In-T2A: 77.6785;In+T2B: 73.2137;In+T2A: 105.359
190: Distance: 0.76
---------------------
BF T1: 8.31881;AF T1: 20.6122;BF T2: 33.2009;AF T2: 54.8877;In-T1B: 72.0346;In-T1A: 76.5418;In+T1B: 63.3212;In+T1A: 75.8849;In-T2B: 69.1513;In-T2A: 74.4456;In+T2B: 68.8357;In+T2A: 71.2733
250: Distance: 0.12
---------------------
BF T1: 11.9754;AF T1: 14.811;BF T2: 40.4612;AF T2: 48.3242;In-T1B: 81.3973;In-T1A: 80.0605;In+T1B: 71.2733;In+T1A: 87.1655;In-T2B: 76.5418;In-T2A: 66.8252;In+T2B: 67.5698;In+T2A: 87.4178
280: Distance: 0.52
---------------------
BF T1: 14.5669;AF T1: 29.3325;BF T2: 41.6754;AF T2: 61.4748;In-T1B: 67.5698;In-T1A: 87.4178;In+T1B: 80.0605;In+T1A: 84.6239;In-T2B: 71.2733;In-T2A: 87.1655;In+T2B: 86.4783;In+T2A: 85.5505
320: Distance: 1.16
---------------------
BF T1: 13.8254;AF T1: 22.8458;BF T2: 46.4411;AF T2: 59.9641;In-T1B: 87.1655;In-T1A: 96.2528;In+T1B: 89.3035;In+T1A: 121.566;In-T2B: 86.4783;In-T2A: 85.5505;In+T2B: 84.6239;In+T2A: 122.923
550: Distance: 0.04
---------------------
BF T1: 27.2302;AF T1: 24.0857;BF T2: 106.249;AF T2: 68.0492;In-T1B: 150.254;In-T1A: 114.927;In+T1B: 154.258;In+T1A: 109.772;In-T2B: 129.556;In-T2A: 133.681;In+T2B: 148.479;In+T2A: 107.74
700: Distance: 0.04
---------------------
BF T1: 12.8774;AF T1: 16.7028;BF T2: 40.6421;AF T2: 45.3681;In-T1B: 79.1265;In-T1A: 71.8121;In+T1B: 67.8235;In+T1A: 75.1865;In-T2B: 83.2585;In-T2A: 67.6914;In+T2B: 71.0612;In+T2A: 72.5388
730: Distance: 0.96
---------------------
BF T1: 11.4427;AF T1: 19.6304;BF T2: 41.8618;AF T2: 49.7015;In-T1B: 71.0612;In-T1A: 72.5388;In+T1B: 71.8121;In+T1A: 73.2137;In-T2B: 67.8235;In-T2A: 75.1865;In+T2B: 75.1335;In+T2A: 77.6785
820: Distance: 0.32
---------------------
BF T1: 19.486;AF T1: 26.7781;BF T2: 57.8314;AF T2: 77.4787;In-T1B: 81.3198;In-T1A: 114.157;In+T1B: 94.8956;In+T1A: 121.376;In-T2B: 77.6785;In-T2A: 109.504;In+T2B: 105.359;In+T2A: 121.579
190: Distance: 0.48
---------------------
BF T1: 8.31881;AF T1: 20.6122;BF T2: 33.2009;AF T2: 54.8877;In-T1B: 72.0346;In-T1A: 76.5418;In+T1B: 63.3212;In+T1A: 75.8849;In-T2B: 69.1513;In-T2A: 74.4456;In+T2B: 68.8357;In+T2A: 71.2733
260: Distance: 0.44
---------------------
BF T1: 13.5355;AF T1: 16.0503;BF T2: 38.6852;AF T2: 57.4725;In-T1B: 75.8849;In-T1A: 86.4783;In+T1B: 67.5698;In+T1A: 87.4178;In-T2B: 81.3973;In-T2A: 80.0605;In+T2B: 66.8252;In+T2A: 89.3035
280: Distance: 0.44
---------------------
BF T1: 14.5669;AF T1: 29.3325;BF T2: 41.6754;AF T2: 61.4748;In-T1B: 67.5698;In-T1A: 87.4178;In+T1B: 80.0605;In+T1A: 84.6239;In-T2B: 71.2733;In-T2A: 87.1655;In+T2B: 86.4783;In+T2A: 85.5505
330: Distance: 1.44
---------------------
BF T1: 16.4526;AF T1: 24.923;BF T2: 44.5006;AF T2: 71.893;In-T1B: 87.4178;In-T1A: 114.03;In+T1B: 84.6239;In+T1A: 122.923;In-T2B: 87.1655;In-T2A: 96.2528;In+T2B: 85.5505;In+T2A: 125.15
550: Distance: 0.12
---------------------
BF T1: 27.2302;AF T1: 24.0857;BF T2: 106.249;AF T2: 68.0492;In-T1B: 150.254;In-T1A: 114.927;In+T1B: 154.258;In+T1A: 109.772;In-T2B: 129.556;In-T2A: 133.681;In+T2B: 148.479;In+T2A: 107.74
730: Distance: 1
---------------------
BF T1: 11.4427;AF T1: 19.6304;BF T2: 41.8618;AF T2: 49.7015;In-T1B: 71.0612;In-T1A: 72.5388;In+T1B: 71.8121;In+T1A: 73.2137;In-T2B: 67.8235;In-T2A: 75.1865;In+T2B: 75.1335;In+T2A: 77.6785
790: Distance: 0.56
---------------------
BF T1: 14.572;AF T1: 23.9457;BF T2: 42.9744;AF T2: 61.3994;In-T1B: 75.7146;In-T1A: 94.8956;In+T1B: 77.6785;In+T1A: 109.504;In-T2B: 72.5388;In-T2A: 87.022;In+T2B: 81.3198;In+T2A: 114.157
810: Distance: 0.84
---------------------
BF T1: 17.6819;AF T1: 23.0539;BF T2: 52.9175;AF T2: 71.8101;In-T1B: 77.6785;In-T1A: 109.504;In+T1B: 87.022;In+T1A: 119.702;In-T2B: 73.2137;In-T2A: 105.359;In+T2B: 94.8956;In+T2A: 121.376
160: Distance: 0.16
---------------------
BF T1: 12.6324;AF T1: 13.0533;BF T2: 47.1524;AF T2: 34.4072;In-T1B: 73.0508;In-T1A: 63.3212;In+T1B: 69.1513;In+T1A: 74.4456;In-T2B: 72.8343;In-T2A: 63.5823;In+T2B: 72.0346;In+T2A: 76.5418
200: Distance: 0.16
---------------------
BF T1: 17.4878;AF T1: 21.6863;BF T2: 39.022;AF T2: 53.854;In-T1B: 63.5823;In-T1A: 81.3973;In+T1B: 68.8357;In+T1A: 71.2733;In-T2B: 72.0346;In-T2A: 76.5418;In+T2B: 74.4456;In+T2A: 67.5698
260: Distance: 0.6
---------------------
BF T1: 13.5355;AF T1: 16.0503;BF T2: 38.6852;AF T2: 57.4725;In-T1B: 75.8849;In-T1A: 86.4783;In+T1B: 67.5698;In+T1A: 87.4178;In-T2B: 81.3973;In-T2A: 80.0605;In+T2B: 66.8252;In+T2A: 89.3035
280: Distance: 0.52
---------------------
BF T1: 14.5669;AF T1: 29.3325;BF T2: 41.6754;AF T2: 61.4748;In-T1B: 67.5698;In-T1A: 87.4178;In+T1B: 80.0605;In+T1A: 84.6239;In-T2B: 71.2733;In-T2A: 87.1655;In+T2B: 86.4783;In+T2A: 85.5505
350: Distance: 1.56
---------------------
BF T1: 19.3198;AF T1: 30.8431;BF T2: 57.5025;AF T2: 84.4833;In-T1B: 84.6239;In-T1A: 122.923;In+T1B: 96.2528;In+T1A: 129.996;In-T2B: 89.3035;In-T2A: 121.566;In+T2B: 114.03;In+T2A: 127.63
510: Distance: 0.32
---------------------
BF T1: 19.7906;AF T1: 33.1034;BF T2: 65.8196;AF T2: 112.961;In-T1B: 140.167;In-T1A: 153.201;In+T1B: 123.343;In+T1A: 148.479;In-T2B: 150.576;In-T2A: 150.254;In+T2B: 129.556;In+T2A: 133.681
700: Distance: 0.28
---------------------
BF T1: 12.8774;AF T1: 16.7028;BF T2: 40.6421;AF T2: 45.3681;In-T1B: 79.1265;In-T1A: 71.8121;In+T1B: 67.8235;In+T1A: 75.1865;In-T2B: 83.2585;In-T2A: 67.6914;In+T2B: 71.0612;In+T2A: 72.5388
730: Distance: 0.48
---------------------
BF T1: 11.4427;AF T1: 19.6304;BF T2: 41.8618;AF T2: 49.7015;In-T1B: 71.0612;In-T1A: 72.5388;In+T1B: 71.8121;In+T1A: 73.2137;In-T2B: 67.8235;In-T2A: 75.1865;In+T2B: 75.1335;In+T2A: 77.6785
760: Distance: 0.56
---------------------
BF T1: 14.0405;AF T1: 16.7621;BF T2: 47.3123;AF T2: 48.0885;In-T1B: 75.1335;In-T1A: 77.6785;In+T1B: 72.5388;In+T1A: 87.022;In-T2B: 71.8121;In-T2A: 73.2137;In+T2B: 75.7146;In+T2A: 94.8956
800: Distance: 1.36
---------------------
BF T1: 20.6636;AF T1: 20.6329;BF T2: 49.8541;AF T2: 63.9459;In-T1B: 73.2137;In-T1A: 105.359;In+T1B: 81.3198;In+T1A: 114.157;In-T2B: 75.7146;In-T2A: 94.8956;In+T2B: 87.022;In+T2A: 119.702
820: Distance: 1.36
---------------------
BF T1: 19.486;AF T1: 26.7781;BF T2: 57.8314;AF T2: 77.4787;In-T1B: 81.3198;In-T1A: 114.157;In+T1B: 94.8956;In+T1A: 121.376;In-T2B: 77.6785;In-T2A: 109.504;In+T2B: 105.359;In+T2A: 121.579
170: Distance: 0.12
---------------------
BF T1: 11.6668;AF T1: 15.6355;BF T2: 42.0481;AF T2: 42.1464;In-T1B: 70.9963;In-T1A: 68.8357;In+T1B: 72.0346;In+T1A: 76.5418;In-T2B: 73.0508;In-T2A: 63.3212;In+T2B: 63.5823;In+T2A: 81.3973
190: Distance: 0.16
---------------------
BF T1: 8.31881;AF T1: 20.6122;BF T2: 33.2009;AF T2: 54.8877;In-T1B: 72.0346;In-T1A: 76.5418;In+T1B: 63.3212;In+T1A: 75.8849;In-T2B: 69.1513;In-T2A: 74.4456;In+T2B: 68.8357;In+T2A: 71.2733
270: Distance: 0.48
---------------------
BF T1: 13.5731;AF T1: 21.2156;BF T2: 39.0839;AF T2: 62.8793;In-T1B: 71.2733;In-T1A: 87.1655;In+T1B: 66.8252;In+T1A: 89.3035;In-T2B: 75.8849;In-T2A: 86.4783;In+T2B: 80.0605;In+T2A: 84.6239
350: Distance: 1.44
---------------------
BF T1: 19.3198;AF T1: 30.8431;BF T2: 57.5025;AF T2: 84.4833;In-T1B: 84.6239;In-T1A: 122.923;In+T1B: 96.2528;In+T1A: 129.996;In-T2B: 89.3035;In-T2A: 121.566;In+T2B: 114.03;In+T2A: 127.63
380: Distance: 0.88
---------------------
BF T1: 23.988;AF T1: 26.8678;BF T2: 80.5158;AF T2: 79.1961;In-T1B: 114.03;In-T1A: 127.63;In+T1B: 122.923;In+T1A: 135.709;In-T2B: 96.2528;In-T2A: 129.996;In+T2B: 125.15;In+T2A: 148.856
520: Distance: 0.68
---------------------
BF T1: 27.1613;AF T1: 43.9397;BF T2: 71.236;AF T2: 110.062;In-T1B: 127.686;In-T1A: 154.258;In+T1B: 129.556;In+T1A: 133.681;In-T2B: 140.167;In-T2A: 153.201;In+T2B: 150.254;In+T2A: 114.927
710: Distance: 0.24
---------------------
BF T1: 13.9875;AF T1: 18.3197;BF T2: 39.8172;AF T2: 47.5046;In-T1B: 73.2198;In-T1A: 75.1335;In+T1B: 71.0612;In+T1A: 72.5388;In-T2B: 79.1265;In-T2A: 71.8121;In+T2B: 67.6914;In+T2A: 75.7146
730: Distance: 0.28
---------------------
BF T1: 11.4427;AF T1: 19.6304;BF T2: 41.8618;AF T2: 49.7015;In-T1B: 71.0612;In-T1A: 72.5388;In+T1B: 71.8121;In+T1A: 73.2137;In-T2B: 67.8235;In-T2A: 75.1865;In+T2B: 75.1335;In+T2A: 77.6785
800: Distance: 1.6
---------------------
BF T1: 20.6636;AF T1: 20.6329;BF T2: 49.8541;AF T2: 63.9459;In-T1B: 73.2137;In-T1A: 105.359;In+T1B: 81.3198;In+T1A: 114.157;In-T2B: 75.7146;In-T2A: 94.8956;In+T2B: 87.022;In+T2A: 119.702
80: Distance: 0.2
---------------------
BF T1: 16.3437;AF T1: 23.7448;BF T2: 47.0636;AF T2: 55.0404;In-T1B: 72.6209;In-T1A: 82.7591;In+T1B: 82.2361;In+T1A: 72.8343;In-T2B: 74.0244;In-T2A: 82.8229;In+T2B: 85.2802;In+T2A: 73.0508
270: Distance: 0.36
---------------------
BF T1: 13.5731;AF T1: 21.2156;BF T2: 39.0839;AF T2: 62.8793;In-T1B: 71.2733;In-T1A: 87.1655;In+T1B: 66.8252;In+T1A: 89.3035;In-T2B: 75.8849;In-T2A: 86.4783;In+T2B: 80.0605;In+T2A: 84.6239
290: Distance: 0.32
---------------------
BF T1: 26.4097;AF T1: 21.9027;BF T2: 54.5497;AF T2: 49.0549;In-T1B: 66.8252;In-T1A: 89.3035;In+T1B: 86.4783;In+T1A: 85.5505;In-T2B: 67.5698;In-T2A: 87.4178;In+T2B: 87.1655;In+T2A: 96.2528
330: Distance: 1.2
---------------------
BF T1: 16.4526;AF T1: 24.923;BF T2: 44.5006;AF T2: 71.893;In-T1B: 87.4178;In-T1A: 114.03;In+T1B: 84.6239;In+T1A: 122.923;In-T2B: 87.1655;In-T2A: 96.2528;In+T2B: 85.5505;In+T2A: 125.15
350: Distance: 1.28
---------------------
BF T1: 19.3198;AF T1: 30.8431;BF T2: 57.5025;AF T2: 84.4833;In-T1B: 84.6239;In-T1A: 122.923;In+T1B: 96.2528;In+T1A: 129.996;In-T2B: 89.3035;In-T2A: 121.566;In+T2B: 114.03;In+T2A: 127.63
380: Distance: 1
---------------------
BF T1: 23.988;AF T1: 26.8678;BF T2: 80.5158;AF T2: 79.1961;In-T1B: 114.03;In-T1A: 127.63;In+T1B: 122.923;In+T1A: 135.709;In-T2B: 96.2528;In-T2A: 129.996;In+T2B: 125.15;In+T2A: 148.856
400: Distance: 1
---------------------
BF T1: 21.5468;AF T1: 34.5623;BF T2: 68.6218;AF T2: 90.7794;In-T1B: 122.923;In-T1A: 135.709;In+T1B: 129.996;In+T1A: 151.356;In-T2B: 121.566;In-T2A: 130.888;In+T2B: 127.63;In+T2A: 153.624
520: Distance: 0.68
---------------------
BF T1: 27.1613;AF T1: 43.9397;BF T2: 71.236;AF T2: 110.062;In-T1B: 127.686;In-T1A: 154.258;In+T1B: 129.556;In+T1A: 133.681;In-T2B: 140.167;In-T2A: 153.201;In+T2B: 150.254;In+T2A: 114.927
710: Distance: 0.28
---------------------
BF T1: 13.9875;AF T1: 18.3197;BF T2: 39.8172;AF T2: 47.5046;In-T1B: 73.2198;In-T1A: 75.1335;In+T1B: 71.0612;In+T1A: 72.5388;In-T2B: 79.1265;In-T2A: 71.8121;In+T2B: 67.6914;In+T2A: 75.7146
730: Distance: 0.24
---------------------
BF T1: 11.4427;AF T1: 19.6304;BF T2: 41.8618;AF T2: 49.7015;In-T1B: 71.0612;In-T1A: 72.5388;In+T1B: 71.8121;In+T1A: 73.2137;In-T2B: 67.8235;In-T2A: 75.1865;In+T2B: 75.1335;In+T2A: 77.6785
800: Distance: 1.2
---------------------
BF T1: 20.6636;AF T1: 20.6329;BF T2: 49.8541;AF T2: 63.9459;In-T1B: 73.2137;In-T1A: 105.359;In+T1B: 81.3198;In+T1A: 114.157;In-T2B: 75.7146;In-T2A: 94.8956;In+T2B: 87.022;In+T2A: 119.702
90: Distance: 0.2
---------------------
BF T1: 20.6842;AF T1: 21.2176;BF T2: 50.6035;AF T2: 48.1261;In-T1B: 73.7808;In-T1A: 76.7474;In+T1B: 85.2802;In+T1A: 73.0508;In-T2B: 72.6209;In-T2A: 82.7591;In+T2B: 82.8229;In+T2A: 70.9963
250: Distance: 0.08
---------------------
BF T1: 11.9754;AF T1: 14.811;BF T2: 40.4612;AF T2: 48.3242;In-T1B: 81.3973;In-T1A: 80.0605;In+T1B: 71.2733;In+T1A: 87.1655;In-T2B: 76.5418;In-T2A: 66.8252;In+T2B: 67.5698;In+T2A: 87.4178
270: Distance: 0.12
---------------------
BF T1: 13.5731;AF T1: 21.2156;BF T2: 39.0839;AF T2: 62.8793;In-T1B: 71.2733;In-T1A: 87.1655;In+T1B: 66.8252;In+T1A: 89.3035;In-T2B: 75.8849;In-T2A: 86.4783;In+T2B: 80.0605;In+T2A: 84.6239
290: Distance: 0.24
---------------------
BF T1: 26.4097;AF T1: 21.9027;BF T2: 54.5497;AF T2: 49.0549;In-T1B: 66.8252;In-T1A: 89.3035;In+T1B: 86.4783;In+T1A: 85.5505;In-T2B: 67.5698;In-T2A: 87.4178;In+T2B: 87.1655;In+T2A: 96.2528
330: Distance: 0.92
---------------------
BF T1: 16.4526;AF T1: 24.923;BF T2: 44.5006;AF T2: 71.893;In-T1B: 87.4178;In-T1A: 114.03;In+T1B: 84.6239;In+T1A: 122.923;In-T2B: 87.1655;In-T2A: 96.2528;In+T2B: 85.5505;In+T2A: 125.15
350: Distance: 1.16
---------------------
BF T1: 19.3198;AF T1: 30.8431;BF T2: 57.5025;AF T2: 84.4833;In-T1B: 84.6239;In-T1A: 122.923;In+T1B: 96.2528;In+T1A: 129.996;In-T2B: 89.3035;In-T2A: 121.566;In+T2B: 114.03;In+T2A: 127.63
410: Distance: 1.08
---------------------
BF T1: 29.771;AF T1: 33.104;BF T2: 74.4048;AF T2: 90.4432;In-T1B: 125.15;In-T1A: 148.856;In+T1B: 127.63;In+T1A: 153.624;In-T2B: 122.923;In-T2A: 135.709;In+T2B: 130.888;In+T2A: 156.739
520: Distance: 0.44
---------------------
BF T1: 27.1613;AF T1: 43.9397;BF T2: 71.236;AF T2: 110.062;In-T1B: 127.686;In-T1A: 154.258;In+T1B: 129.556;In+T1A: 133.681;In-T2B: 140.167;In-T2A: 153.201;In+T2B: 150.254;In+T2A: 114.927
710: Distance: 0.12
---------------------
BF T1: 13.9875;AF T1: 18.3197;BF T2: 39.8172;AF T2: 47.5046;In-T1B: 73.2198;In-T1A: 75.1335;In+T1B: 71.0612;In+T1A: 72.5388;In-T2B: 79.1265;In-T2A: 71.8121;In+T2B: 67.6914;In+T2A: 75.7146
730: Distance: 0.08
---------------------
BF T1: 11.4427;AF T1: 19.6304;BF T2: 41.8618;AF T2: 49.7015;In-T1B: 71.0612;In-T1A: 72.5388;In+T1B: 71.8121;In+T1A: 73.2137;In-T2B: 67.8235;In-T2A: 75.1865;In+T2B: 75.1335;In+T2A: 77.6785
790: Distance: 0.88
---------------------
BF T1: 14.572;AF T1: 23.9457;BF T2: 42.9744;AF T2: 61.3994;In-T1B: 75.7146;In-T1A: 94.8956;In+T1B: 77.6785;In+T1A: 109.504;In-T2B: 72.5388;In-T2A: 87.022;In+T2B: 81.3198;In+T2A: 114.157
270: Distance: 0.04
---------------------
BF T1: 13.5731;AF T1: 21.2156;BF T2: 39.0839;AF T2: 62.8793;In-T1B: 71.2733;In-T1A: 87.1655;In+T1B: 66.8252;In+T1A: 89.3035;In-T2B: 75.8849;In-T2A: 86.4783;In+T2B: 80.0605;In+T2A: 84.6239
280: Distance: 0.04
---------------------
BF T1: 14.5669;AF T1: 29.3325;BF T2: 41.6754;AF T2: 61.4748;In-T1B: 67.5698;In-T1A: 87.4178;In+T1B: 80.0605;In+T1A: 84.6239;In-T2B: 71.2733;In-T2A: 87.1655;In+T2B: 86.4783;In+T2A: 85.5505
360: Distance: 0.92
---------------------
BF T1: 24.9249;AF T1: 37.5582;BF T2: 65.9748;AF T2: 82.4587;In-T1B: 85.5505;In-T1A: 125.15;In+T1B: 114.03;In+T1A: 127.63;In-T2B: 84.6239;In-T2A: 122.923;In+T2B: 121.566;In+T2A: 130.888
400: Distance: 1
---------------------
BF T1: 21.5468;AF T1: 34.5623;BF T2: 68.6218;AF T2: 90.7794;In-T1B: 122.923;In-T1A: 135.709;In+T1B: 129.996;In+T1A: 151.356;In-T2B: 121.566;In-T2A: 130.888;In+T2B: 127.63;In+T2A: 153.624
530: Distance: 0.52
---------------------
BF T1: 36.575;AF T1: 49.2245;BF T2: 83.5269;AF T2: 93.7593;In-T1B: 123.343;In-T1A: 148.479;In+T1B: 150.254;In+T1A: 114.927;In-T2B: 127.686;In-T2A: 154.258;In+T2B: 153.201;In+T2A: 108.639
710: Distance: 0.04
---------------------
BF T1: 13.9875;AF T1: 18.3197;BF T2: 39.8172;AF T2: 47.5046;In-T1B: 73.2198;In-T1A: 75.1335;In+T1B: 71.0612;In+T1A: 72.5388;In-T2B: 79.1265;In-T2A: 71.8121;In+T2B: 67.6914;In+T2A: 75.7146
730: Distance: 0.08
---------------------
BF T1: 11.4427;AF T1: 19.6304;BF T2: 41.8618;AF T2: 49.7015;In-T1B: 71.0612;In-T1A: 72.5388;In+T1B: 71.8121;In+T1A: 73.2137;In-T2B: 67.8235;In-T2A: 75.1865;In+T2B: 75.1335;In+T2A: 77.6785
790: Distance: 0.8
---------------------
BF T1: 14.572;AF T1: 23.9457;BF T2: 42.9744;AF T2: 61.3994;In-T1B: 75.7146;In-T1A: 94.8956;In+T1B: 77.6785;In+T1A: 109.504;In-T2B: 72.5388;In-T2A: 87.022;In+T2B: 81.3198;In+T2A: 114.157
140: Distance: 0.04
---------------------
BF T1: 16.7711;AF T1: 18.7507;BF T2: 40.6149;AF T2: 43.4347;In-T1B: 76.7474;In-T1A: 72.0346;In+T1B: 73.0508;In+T1A: 63.3212;In-T2B: 82.7591;In-T2A: 69.1513;In+T2B: 70.9963;In+T2A: 68.8357
290: Distance: 0.04
---------------------
BF T1: 26.4097;AF T1: 21.9027;BF T2: 54.5497;AF T2: 49.0549;In-T1B: 66.8252;In-T1A: 89.3035;In+T1B: 86.4783;In+T1A: 85.5505;In-T2B: 67.5698;In-T2A: 87.4178;In+T2B: 87.1655;In+T2A: 96.2528
350: Distance: 0.48
---------------------
BF T1: 19.3198;AF T1: 30.8431;BF T2: 57.5025;AF T2: 84.4833;In-T1B: 84.6239;In-T1A: 122.923;In+T1B: 96.2528;In+T1A: 129.996;In-T2B: 89.3035;In-T2A: 121.566;In+T2B: 114.03;In+T2A: 127.63
420: Distance: 1.08
---------------------
BF T1: 29.2369;AF T1: 31.7715;BF T2: 80.5547;AF T2: 96.4588;In-T1B: 129.996;In-T1A: 151.356;In+T1B: 130.888;In+T1A: 156.739;In-T2B: 125.15;In-T2A: 148.856;In+T2B: 135.709;In+T2A: 150.576
530: Distance: 0.24
---------------------
BF T1: 36.575;AF T1: 49.2245;BF T2: 83.5269;AF T2: 93.7593;In-T1B: 123.343;In-T1A: 148.479;In+T1B: 150.254;In+T1A: 114.927;In-T2B: 127.686;In-T2A: 154.258;In+T2B: 153.201;In+T2A: 108.639
560: Distance: 0.16
---------------------
BF T1: 20.8477;AF T1: 24.7069;BF T2: 90.5212;AF T2: 71.6928;In-T1B: 153.201;In-T1A: 108.639;In+T1B: 148.479;In+T1A: 107.74;In-T2B: 150.254;In-T2A: 114.927;In+T2B: 133.681;In+T2A: 107.709
730: Distance: 0.04
---------------------
BF T1: 11.4427;AF T1: 19.6304;BF T2: 41.8618;AF T2: 49.7015;In-T1B: 71.0612;In-T1A: 72.5388;In+T1B: 71.8121;In+T1A: 73.2137;In-T2B: 67.8235;In-T2A: 75.1865;In+T2B: 75.1335;In+T2A: 77.6785
790: Distance: 0.4
---------------------
BF T1: 14.572;AF T1: 23.9457;BF T2: 42.9744;AF T2: 61.3994;In-T1B: 75.7146;In-T1A: 94.8956;In+T1B: 77.6785;In+T1A: 109.504;In-T2B: 72.5388;In-T2A: 87.022;In+T2B: 81.3198;In+T2A: 114.157
140: Distance: 0.04
---------------------
BF T1: 16.7711;AF T1: 18.7507;BF T2: 40.6149;AF T2: 43.4347;In-T1B: 76.7474;In-T1A: 72.0346;In+T1B: 73.0508;In+T1A: 63.3212;In-T2B: 82.7591;In-T2A: 69.1513;In+T2B: 70.9963;In+T2A: 68.8357
290: Distance: 0.04
---------------------
BF T1: 26.4097;AF T1: 21.9027;BF T2: 54.5497;AF T2: 49.0549;In-T1B: 66.8252;In-T1A: 89.3035;In+T1B: 86.4783;In+T1A: 85.5505;In-T2B: 67.5698;In-T2A: 87.4178;In+T2B: 87.1655;In+T2A: 96.2528
360: Distance: 0.4
---------------------
BF T1: 24.9249;AF T1: 37.5582;BF T2: 65.9748;AF T2: 82.4587;In-T1B: 85.5505;In-T1A: 125.15;In+T1B: 114.03;In+T1A: 127.63;In-T2B: 84.6239;In-T2A: 122.923;In+T2B: 121.566;In+T2A: 130.888
400: Distance: 0.6
---------------------
BF T1: 21.5468;AF T1: 34.5623;BF T2: 68.6218;AF T2: 90.7794;In-T1B: 122.923;In-T1A: 135.709;In+T1B: 129.996;In+T1A: 151.356;In-T2B: 121.566;In-T2A: 130.888;In+T2B: 127.63;In+T2A: 153.624
520: Distance: 0.24
---------------------
BF T1: 27.1613;AF T1: 43.9397;BF T2: 71.236;AF T2: 110.062;In-T1B: 127.686;In-T1A: 154.258;In+T1B: 129.556;In+T1A: 133.681;In-T2B: 140.167;In-T2A: 153.201;In+T2B: 150.254;In+T2A: 114.927
540: Distance: 0.28
---------------------
BF T1: 42.4434;AF T1: 31.0435;BF T2: 106.18;AF T2: 72.7847;In-T1B: 129.556;In-T1A: 133.681;In+T1B: 153.201;In+T1A: 108.639;In-T2B: 123.343;In-T2A: 148.479;In+T2B: 154.258;In+T2A: 109.772
560: Distance: 0.28
---------------------
BF T1: 20.8477;AF T1: 24.7069;BF T2: 90.5212;AF T2: 71.6928;In-T1B: 153.201;In-T1A: 108.639;In+T1B: 148.479;In+T1A: 107.74;In-T2B: 150.254;In-T2A: 114.927;In+T2B: 133.681;In+T2A: 107.709
730: Distance: 0.04
---------------------
BF T1: 11.4427;AF T1: 19.6304;BF T2: 41.8618;AF T2: 49.7015;In-T1B: 71.0612;In-T1A: 72.5388;In+T1B: 71.8121;In+T1A: 73.2137;In-T2B: 67.8235;In-T2A: 75.1865;In+T2B: 75.1335;In+T2A: 77.6785
750: Distance: 0.08
---------------------
BF T1: 16.1988;AF T1: 16.4297;BF T2: 44.7145;AF T2: 45.8261;In-T1B: 71.8121;In-T1A: 73.2137;In+T1B: 75.1865;In+T1A: 81.3198;In-T2B: 67.6914;In-T2A: 75.7146;In+T2B: 72.5388;In+T2A: 87.022
770: Distance: 0.2
---------------------
BF T1: 13.7838;AF T1: 18.0018;BF T2: 44.0232;AF T2: 53.1362;In-T1B: 75.1865;In-T1A: 81.3198;In+T1B: 75.7146;In+T1A: 94.8956;In-T2B: 75.1335;In-T2A: 77.6785;In+T2B: 73.2137;In+T2A: 105.359
790: Distance: 0.28
---------------------
BF T1: 14.572;AF T1: 23.9457;BF T2: 42.9744;AF T2: 61.3994;In-T1B: 75.7146;In-T1A: 94.8956;In+T1B: 77.6785;In+T1A: 109.504;In-T2B: 72.5388;In-T2A: 87.022;In+T2B: 81.3198;In+T2A: 114.157
140: Distance: 0.04
---------------------
BF T1: 16.7711;AF T1: 18.7507;BF T2: 40.6149;AF T2: 43.4347;In-T1B: 76.7474;In-T1A: 72.0346;In+T1B: 73.0508;In+T1A: 63.3212;In-T2B: 82.7591;In-T2A: 69.1513;In+T2B: 70.9963;In+T2A: 68.8357
340: Distance: 0.04
---------------------
BF T1: 21.7301;AF T1: 21.7814;BF T2: 52.0081;AF T2: 81.8029;In-T1B: 89.3035;In-T1A: 121.566;In+T1B: 85.5505;In+T1A: 125.15;In-T2B: 87.4178;In-T2A: 114.03;In+T2B: 96.2528;In+T2A: 129.996
370: Distance: 0.16
---------------------
BF T1: 31.6029;AF T1: 27.9554;BF T2: 75.8476;AF T2: 73.0365;In-T1B: 96.2528;In-T1A: 129.996;In+T1B: 121.566;In+T1A: 130.888;In-T2B: 85.5505;In-T2A: 125.15;In+T2B: 122.923;In+T2A: 135.709
380: Distance: 0.16
---------------------
BF T1: 23.988;AF T1: 26.8678;BF T2: 80.5158;AF T2: 79.1961;In-T1B: 114.03;In-T1A: 127.63;In+T1B: 122.923;In+T1A: 135.709;In-T2B: 96.2528;In-T2A: 129.996;In+T2B: 125.15;In+T2A: 148.856
410: Distance: 0.6
---------------------
BF T1: 29.771;AF T1: 33.104;BF T2: 74.4048;AF T2: 90.4432;In-T1B: 125.15;In-T1A: 148.856;In+T1B: 127.63;In+T1A: 153.624;In-T2B: 122.923;In-T2A: 135.709;In+T2B: 130.888;In+T2A: 156.739
430: Distance: 0.64
---------------------
BF T1: 27.2464;AF T1: 33.96;BF T2: 86.2543;AF T2: 101.538;In-T1B: 127.63;In-T1A: 153.624;In+T1B: 135.709;In+T1A: 150.576;In-T2B: 129.996;In-T2A: 151.356;In+T2B: 148.856;In+T2A: 140.167
560: Distance: 0.32
---------------------
BF T1: 20.8477;AF T1: 24.7069;BF T2: 90.5212;AF T2: 71.6928;In-T1B: 153.201;In-T1A: 108.639;In+T1B: 148.479;In+T1A: 107.74;In-T2B: 150.254;In-T2A: 114.927;In+T2B: 133.681;In+T2A: 107.709
750: Distance: 0.04
---------------------
BF T1: 16.1988;AF T1: 16.4297;BF T2: 44.7145;AF T2: 45.8261;In-T1B: 71.8121;In-T1A: 73.2137;In+T1B: 75.1865;In+T1A: 81.3198;In-T2B: 67.6914;In-T2A: 75.7146;In+T2B: 72.5388;In+T2A: 87.022
790: Distance: 0.28
---------------------
BF T1: 14.572;AF T1: 23.9457;BF T2: 42.9744;AF T2: 61.3994;In-T1B: 75.7146;In-T1A: 94.8956;In+T1B: 77.6785;In+T1A: 109.504;In-T2B: 72.5388;In-T2A: 87.022;In+T2B: 81.3198;In+T2A: 114.157
370: Distance: 0.08
---------------------
BF T1: 31.6029;AF T1: 27.9554;BF T2: 75.8476;AF T2: 73.0365;In-T1B: 96.2528;In-T1A: 129.996;In+T1B: 121.566;In+T1A: 130.888;In-T2B: 85.5505;In-T2A: 125.15;In+T2B: 122.923;In+T2A: 135.709
430: Distance: 0.48
---------------------
BF T1: 27.2464;AF T1: 33.96;BF T2: 86.2543;AF T2: 101.538;In-T1B: 127.63;In-T1A: 153.624;In+T1B: 135.709;In+T1A: 150.576;In-T2B: 129.996;In-T2A: 151.356;In+T2B: 148.856;In+T2A: 140.167
570: Distance: 0.08
---------------------
BF T1: 21.3828;AF T1: 25.8187;BF T2: 69.4607;AF T2: 70.4024;In-T1B: 154.258;In-T1A: 109.772;In+T1B: 133.681;In+T1A: 107.709;In-T2B: 153.201;In-T2A: 108.639;In+T2B: 114.927;In+T2A: 101.105
810: Distance: 0.08
---------------------
BF T1: 17.6819;AF T1: 23.0539;BF T2: 52.9175;AF T2: 71.8101;In-T1B: 77.6785;In-T1A: 109.504;In+T1B: 87.022;In+T1A: 119.702;In-T2B: 73.2137;In-T2A: 105.359;In+T2B: 94.8956;In+T2A: 121.376
370: Distance: 0.08
---------------------
BF T1: 31.6029;AF T1: 27.9554;BF T2: 75.8476;AF T2: 73.0365;In-T1B: 96.2528;In-T1A: 129.996;In+T1B: 121.566;In+T1A: 130.888;In-T2B: 85.5505;In-T2A: 125.15;In+T2B: 122.923;In+T2A: 135.709
380: Distance: 0.08
---------------------
BF T1: 23.988;AF T1: 26.8678;BF T2: 80.5158;AF T2: 79.1961;In-T1B: 114.03;In-T1A: 127.63;In+T1B: 122.923;In+T1A: 135.709;In-T2B: 96.2528;In-T2A: 129.996;In+T2B: 125.15;In+T2A: 148.856
410: Distance: 0.28
---------------------
BF T1: 29.771;AF T1: 33.104;BF T2: 74.4048;AF T2: 90.4432;In-T1B: 125.15;In-T1A: 148.856;In+T1B: 127.63;In+T1A: 153.624;In-T2B: 122.923;In-T2A: 135.709;In+T2B: 130.888;In+T2A: 156.739
440: Distance: 0.28
---------------------
BF T1: 27.9078;AF T1: 41.3046;BF T2: 84.3911;AF T2: 104.225;In-T1B: 130.888;In-T1A: 156.739;In+T1B: 148.856;In+T1A: 140.167;In-T2B: 127.63;In-T2A: 153.624;In+T2B: 151.356;In+T2A: 127.686
820: Distance: 0.04
---------------------
BF T1: 19.486;AF T1: 26.7781;BF T2: 57.8314;AF T2: 77.4787;In-T1B: 81.3198;In-T1A: 114.157;In+T1B: 94.8956;In+T1A: 121.376;In-T2B: 77.6785;In-T2A: 109.504;In+T2B: 105.359;In+T2A: 121.579
370: Distance: 0.08
---------------------
BF T1: 31.6029;AF T1: 27.9554;BF T2: 75.8476;AF T2: 73.0365;In-T1B: 96.2528;In-T1A: 129.996;In+T1B: 121.566;In+T1A: 130.888;In-T2B: 85.5505;In-T2A: 125.15;In+T2B: 122.923;In+T2A: 135.709
380: Distance: 0.08
---------------------
BF T1: 23.988;AF T1: 26.8678;BF T2: 80.5158;AF T2: 79.1961;In-T1B: 114.03;In-T1A: 127.63;In+T1B: 122.923;In+T1A: 135.709;In-T2B: 96.2528;In-T2A: 129.996;In+T2B: 125.15;In+T2A: 148.856
410: Distance: 0.16
---------------------
BF T1: 29.771;AF T1: 33.104;BF T2: 74.4048;AF T2: 90.4432;In-T1B: 125.15;In-T1A: 148.856;In+T1B: 127.63;In+T1A: 153.624;In-T2B: 122.923;In-T2A: 135.709;In+T2B: 130.888;In+T2A: 156.739
440: Distance: 0.2
---------------------
BF T1: 27.9078;AF T1: 41.3046;BF T2: 84.3911;AF T2: 104.225;In-T1B: 130.888;In-T1A: 156.739;In+T1B: 148.856;In+T1A: 140.167;In-T2B: 127.63;In-T2A: 153.624;In+T2B: 151.356;In+T2A: 127.686
450: Distance: 0.04
---------------------
BF T1: 34.6937;AF T1: 38.9369;BF T2: 89.8479;AF T2: 98.0078;In-T1B: 135.709;In-T1A: 150.576;In+T1B: 151.356;In+T1A: 127.686;In-T2B: 130.888;In-T2A: 156.739;In+T2B: 153.624;In+T2A: 123.343
450: Distance: 0.04
---------------------
BF T1: 34.6937;AF T1: 38.9369;BF T2: 89.8479;AF T2: 98.0078;In-T1B: 135.709;In-T1A: 150.576;In+T1B: 151.356;In+T1A: 127.686;In-T2B: 130.888;In-T2A: 156.739;In+T2B: 153.624;In+T2A: 123.343
-----------------
Top Local Maximums: 
800: Distance: 1.6, Opticalflow Before this frame: 77.6785
350: Distance: 1.56, Opticalflow Before this frame: 85.5505
330: Distance: 1.44, Opticalflow Before this frame: 89.3035
...............
Score1 Calculation:
MaxD:1.6
350:1.56
800:1.6
...............
Score2 Calculation:
800:1.6
350:1.56
330:1.44
820:1.36
320:1.16
...............
Score3 Calculation:
800:1.6
350:1.56
350:1.44
330:1.44
800:1.36
Duration of Processing Video: 2 seconds.
Analyzing Video finished.
Total Processing Time: 8 seconds.
Video Name : Game15_video0032
Moment of Snap:800
Max Distance:1.6
Threshold:977.377
Confidence: 0.226582; Score1: 0.506329; Score2: 0.4; Score3: 0.4
BF T1: 20.6636;AF T1: 20.6329;BF T2: 49.8541;AF T2: 63.9459;In-T1B: 73.2137;In-T1A: 105.359;In+T1B: 81.3198;In+T1A: 114.157;In-T2B: 75.7146;In-T2A: 94.8956;In+T2B: 87.022;In+T2A: 119.702
----------------------------------------------------

