********************************
Video Name : Game15_video0001
------------------
Top Local Maximums: 
270: Distance: 2.52, Opticalflow Before this frame: 64.487
260: Distance: 2.36, Opticalflow Before this frame: 54.7394
90: Distance: 2.16, Opticalflow Before this frame: 34.3228
********************************
Video Name : Game15_video0001
------------------
Top Local Maximums: 
270: Distance: 2.52, Opticalflow Before this frame: 64.487
260: Distance: 2.36, Opticalflow Before this frame: 54.7394
90: Distance: 2.16, Opticalflow Before this frame: 34.3228
********************************
Video Name : Game15_video0001
------------------
Top Local Maximums: 
270: Distance: 2.52, Opticalflow Before this frame: 64.487
260: Distance: 2.36, Opticalflow Before this frame: 54.7394
90: Distance: 2.16, Opticalflow Before this frame: 34.3228
********************************
Video Name : Game15_video0022
------------------
Top Local Maximums: 
160: Distance: 2.84, Opticalflow Before this frame: 31.6744
150: Distance: 2.76, Opticalflow Before this frame: 28.5098
170: Distance: 0.32, Opticalflow Before this frame: 44.8906
********************************
Video Name : Game15_video0023
------------------
Top Local Maximums: 
600: Distance: 1.84, Opticalflow Before this frame: 39.1459
590: Distance: 1.64, Opticalflow Before this frame: 43.5589
710: Distance: 1.56, Opticalflow Before this frame: 64.0461
********************************
Video Name : Game15_video0031
------------------
Top Local Maximums: 
510: Distance: 2.28, Opticalflow Before this frame: 26.6604
180: Distance: 2.08, Opticalflow Before this frame: 17.4955
200: Distance: 1.32, Opticalflow Before this frame: 25.3607
********************************
Video Name : Game15_video0032
------------------
Top Local Maximums: 
800: Distance: 1.6, Opticalflow Before this frame: 77.6785
350: Distance: 1.56, Opticalflow Before this frame: 85.5505
330: Distance: 1.44, Opticalflow Before this frame: 89.3035
