********************************
Video Name : Game15_video0001
Generating optical flow Started.
Duration of Running optical flow: 3 seconds.
Video Length : 450
# Of Frames Processed in Optical flow: 224
Generating optical flow Finished.

Analyzing Video started.
Scanning Window Size = 100
Minimum Threshold Value:0,  Maximum  Threshold Value16858.6   Average  Threshold Value:1024.14
Local Maximums Size Before Pruning:36
Local Maximums Size After Pruning:36
Local Maximums: 
230: Distance: 0.28
---------------------
BF T1: 10.8226;AF T1: 13.3222;BF T2: 25.6397;AF T2: 39.2766;In-T1B: 36.3529;In-T1A: 64.487;In+T1B: 44.5357;In+T1A: 97.3468;In-T2B: 36.9541;In-T2A: 54.7394;In+T2B: 49.2947;In+T2A: 124.286
90: Distance: 2.16
---------------------
BF T1: 10.0401;AF T1: 14.8055;BF T2: 25.0335;AF T2: 43.6105;In-T1B: 26.737;In-T1A: 65.3373;In+T1B: 42.1801;In+T1A: 73.3385;In-T2B: 20.5942;In-T2A: 60.0076;In+T2B: 52.1538;In+T2A: 66.7357
250: Distance: 1.8
---------------------
BF T1: 12.2306;AF T1: 15.6216;BF T2: 34.4776;AF T2: 58.5689;In-T1B: 44.5357;In-T1A: 97.3468;In+T1B: 54.7394;In+T1A: 146.567;In-T2B: 40.442;In-T2A: 76.798;In+T2B: 64.487;In+T2A: 158.706
90: Distance: 1.12
---------------------
BF T1: 10.0401;AF T1: 14.8055;BF T2: 25.0335;AF T2: 43.6105;In-T1B: 26.737;In-T1A: 65.3373;In+T1B: 42.1801;In+T1A: 73.3385;In-T2B: 20.5942;In-T2A: 60.0076;In+T2B: 52.1538;In+T2A: 66.7357
260: Distance: 2.36
---------------------
BF T1: 12.9181;AF T1: 21.1567;BF T2: 36.5731;AF T2: 79.8777;In-T1B: 49.2947;In-T1A: 124.286;In+T1B: 64.487;In+T1A: 158.706;In-T2B: 44.5357;In-T2A: 97.3468;In+T2B: 76.798;In+T2A: 160.799
100: Distance: 0.72
---------------------
BF T1: 11.9559;AF T1: 17.8787;BF T2: 30.908;AF T2: 46.4831;In-T1B: 34.3228;In-T1A: 72.1988;In+T1B: 52.1538;In+T1A: 66.7357;In-T2B: 26.737;In-T2A: 65.3373;In+T2B: 60.0076;In+T2A: 60.7454
270: Distance: 2.52
---------------------
BF T1: 17.0913;AF T1: 28.5595;BF T2: 42.2401;AF T2: 101.201;In-T1B: 54.7394;In-T1A: 146.567;In+T1B: 76.798;In+T1A: 160.799;In-T2B: 49.2947;In-T2A: 124.286;In+T2B: 97.3468;In+T2A: 154.107
60: Distance: 0.2
---------------------
BF T1: 5.19072;AF T1: 7.66035;BF T2: 11.7437;AF T2: 26.815;In-T1B: 12.6369;In-T1A: 42.1801;In+T1B: 20.5942;In+T1A: 60.0076;In-T2B: 0;In-T2A: 0;In+T2B: 26.737;In+T2A: 65.3373
100: Distance: 0.36
---------------------
BF T1: 11.9559;AF T1: 17.8787;BF T2: 30.908;AF T2: 46.4831;In-T1B: 34.3228;In-T1A: 72.1988;In+T1B: 52.1538;In+T1A: 66.7357;In-T2B: 26.737;In-T2A: 65.3373;In+T2B: 60.0076;In+T2A: 60.7454
270: Distance: 2.48
---------------------
BF T1: 17.0913;AF T1: 28.5595;BF T2: 42.2401;AF T2: 101.201;In-T1B: 54.7394;In-T1A: 146.567;In+T1B: 76.798;In+T1A: 160.799;In-T2B: 49.2947;In-T2A: 124.286;In+T2B: 97.3468;In+T2A: 154.107
60: Distance: 0.08
---------------------
BF T1: 5.19072;AF T1: 7.66035;BF T2: 11.7437;AF T2: 26.815;In-T1B: 12.6369;In-T1A: 42.1801;In+T1B: 20.5942;In+T1A: 60.0076;In-T2B: 0;In-T2A: 0;In+T2B: 26.737;In+T2A: 65.3373
70: Distance: 0.08
---------------------
BF T1: 6.08141;AF T1: 10.718;BF T2: 15.3707;AF T2: 33.7575;In-T1B: 16.9186;In-T1A: 52.1538;In+T1B: 26.737;In+T1A: 65.3373;In-T2B: 12.6369;In-T2A: 42.1801;In+T2B: 34.3228;In+T2A: 72.1988
100: Distance: 0.24
---------------------
BF T1: 11.9559;AF T1: 17.8787;BF T2: 30.908;AF T2: 46.4831;In-T1B: 34.3228;In-T1A: 72.1988;In+T1B: 52.1538;In+T1A: 66.7357;In-T2B: 26.737;In-T2A: 65.3373;In+T2B: 60.0076;In+T2A: 60.7454
270: Distance: 2.08
---------------------
BF T1: 17.0913;AF T1: 28.5595;BF T2: 42.2401;AF T2: 101.201;In-T1B: 54.7394;In-T1A: 146.567;In+T1B: 76.798;In+T1A: 160.799;In-T2B: 49.2947;In-T2A: 124.286;In+T2B: 97.3468;In+T2A: 154.107
60: Distance: 0.04
---------------------
BF T1: 5.19072;AF T1: 7.66035;BF T2: 11.7437;AF T2: 26.815;In-T1B: 12.6369;In-T1A: 42.1801;In+T1B: 20.5942;In+T1A: 60.0076;In-T2B: 0;In-T2A: 0;In+T2B: 26.737;In+T2A: 65.3373
70: Distance: 0.04
---------------------
BF T1: 6.08141;AF T1: 10.718;BF T2: 15.3707;AF T2: 33.7575;In-T1B: 16.9186;In-T1A: 52.1538;In+T1B: 26.737;In+T1A: 65.3373;In-T2B: 12.6369;In-T2A: 42.1801;In+T2B: 34.3228;In+T2A: 72.1988
100: Distance: 0.12
---------------------
BF T1: 11.9559;AF T1: 17.8787;BF T2: 30.908;AF T2: 46.4831;In-T1B: 34.3228;In-T1A: 72.1988;In+T1B: 52.1538;In+T1A: 66.7357;In-T2B: 26.737;In-T2A: 65.3373;In+T2B: 60.0076;In+T2A: 60.7454
270: Distance: 1.48
---------------------
BF T1: 17.0913;AF T1: 28.5595;BF T2: 42.2401;AF T2: 101.201;In-T1B: 54.7394;In-T1A: 146.567;In+T1B: 76.798;In+T1A: 160.799;In-T2B: 49.2947;In-T2A: 124.286;In+T2B: 97.3468;In+T2A: 154.107
100: Distance: 0.04
---------------------
BF T1: 11.9559;AF T1: 17.8787;BF T2: 30.908;AF T2: 46.4831;In-T1B: 34.3228;In-T1A: 72.1988;In+T1B: 52.1538;In+T1A: 66.7357;In-T2B: 26.737;In-T2A: 65.3373;In+T2B: 60.0076;In+T2A: 60.7454
270: Distance: 0.8
---------------------
BF T1: 17.0913;AF T1: 28.5595;BF T2: 42.2401;AF T2: 101.201;In-T1B: 54.7394;In-T1A: 146.567;In+T1B: 76.798;In+T1A: 160.799;In-T2B: 49.2947;In-T2A: 124.286;In+T2B: 97.3468;In+T2A: 154.107
270: Distance: 0.64
---------------------
BF T1: 17.0913;AF T1: 28.5595;BF T2: 42.2401;AF T2: 101.201;In-T1B: 54.7394;In-T1A: 146.567;In+T1B: 76.798;In+T1A: 160.799;In-T2B: 49.2947;In-T2A: 124.286;In+T2B: 97.3468;In+T2A: 154.107
280: Distance: 0.2
---------------------
BF T1: 23.1336;AF T1: 39.6528;BF T2: 53.143;AF T2: 112.809;In-T1B: 64.487;In-T1A: 158.706;In+T1B: 97.3468;In+T1A: 154.107;In-T2B: 54.7394;In-T2A: 146.567;In+T2B: 124.286;In+T2A: 143.257
300: Distance: 0.24
---------------------
BF T1: 39.1694;AF T1: 41.6664;BF T2: 94.2761;AF T2: 94.2398;In-T1B: 97.3468;In-T1A: 154.107;In+T1B: 146.567;In+T1A: 131.571;In-T2B: 76.798;In-T2A: 160.799;In+T2B: 158.706;In+T2A: 125.716
240: Distance: 0.04
---------------------
BF T1: 11.4244;AF T1: 14.5654;BF T2: 29.5907;AF T2: 46.3055;In-T1B: 40.442;In-T1A: 76.798;In+T1B: 49.2947;In+T1A: 124.286;In-T2B: 36.3529;In-T2A: 64.487;In+T2B: 54.7394;In+T2A: 146.567
280: Distance: 0.12
---------------------
BF T1: 23.1336;AF T1: 39.6528;BF T2: 53.143;AF T2: 112.809;In-T1B: 64.487;In-T1A: 158.706;In+T1B: 97.3468;In+T1A: 154.107;In-T2B: 54.7394;In-T2A: 146.567;In+T2B: 124.286;In+T2A: 143.257
300: Distance: 0.2
---------------------
BF T1: 39.1694;AF T1: 41.6664;BF T2: 94.2761;AF T2: 94.2398;In-T1B: 97.3468;In-T1A: 154.107;In+T1B: 146.567;In+T1A: 131.571;In-T2B: 76.798;In-T2A: 160.799;In+T2B: 158.706;In+T2A: 125.716
240: Distance: 0.04
---------------------
BF T1: 11.4244;AF T1: 14.5654;BF T2: 29.5907;AF T2: 46.3055;In-T1B: 40.442;In-T1A: 76.798;In+T1B: 49.2947;In+T1A: 124.286;In-T2B: 36.3529;In-T2A: 64.487;In+T2B: 54.7394;In+T2A: 146.567
280: Distance: 0.12
---------------------
BF T1: 23.1336;AF T1: 39.6528;BF T2: 53.143;AF T2: 112.809;In-T1B: 64.487;In-T1A: 158.706;In+T1B: 97.3468;In+T1A: 154.107;In-T2B: 54.7394;In-T2A: 146.567;In+T2B: 124.286;In+T2A: 143.257
300: Distance: 0.12
---------------------
BF T1: 39.1694;AF T1: 41.6664;BF T2: 94.2761;AF T2: 94.2398;In-T1B: 97.3468;In-T1A: 154.107;In+T1B: 146.567;In+T1A: 131.571;In-T2B: 76.798;In-T2A: 160.799;In+T2B: 158.706;In+T2A: 125.716
270: Distance: 0.04
---------------------
BF T1: 17.0913;AF T1: 28.5595;BF T2: 42.2401;AF T2: 101.201;In-T1B: 54.7394;In-T1A: 146.567;In+T1B: 76.798;In+T1A: 160.799;In-T2B: 49.2947;In-T2A: 124.286;In+T2B: 97.3468;In+T2A: 154.107
280: Distance: 0.04
---------------------
BF T1: 23.1336;AF T1: 39.6528;BF T2: 53.143;AF T2: 112.809;In-T1B: 64.487;In-T1A: 158.706;In+T1B: 97.3468;In+T1A: 154.107;In-T2B: 54.7394;In-T2A: 146.567;In+T2B: 124.286;In+T2A: 143.257
310: Distance: 0.08
---------------------
BF T1: 35.1995;AF T1: 34.3377;BF T2: 106.342;AF T2: 85.966;In-T1B: 124.286;In-T1A: 143.257;In+T1B: 158.706;In+T1A: 125.716;In-T2B: 97.3468;In-T2A: 154.107;In+T2B: 160.799;In+T2A: 114.167
270: Distance: 0.04
---------------------
BF T1: 17.0913;AF T1: 28.5595;BF T2: 42.2401;AF T2: 101.201;In-T1B: 54.7394;In-T1A: 146.567;In+T1B: 76.798;In+T1A: 160.799;In-T2B: 49.2947;In-T2A: 124.286;In+T2B: 97.3468;In+T2A: 154.107
280: Distance: 0.04
---------------------
BF T1: 23.1336;AF T1: 39.6528;BF T2: 53.143;AF T2: 112.809;In-T1B: 64.487;In-T1A: 158.706;In+T1B: 97.3468;In+T1A: 154.107;In-T2B: 54.7394;In-T2A: 146.567;In+T2B: 124.286;In+T2A: 143.257
310: Distance: 0.08
---------------------
BF T1: 35.1995;AF T1: 34.3377;BF T2: 106.342;AF T2: 85.966;In-T1B: 124.286;In-T1A: 143.257;In+T1B: 158.706;In+T1A: 125.716;In-T2B: 97.3468;In-T2A: 154.107;In+T2B: 160.799;In+T2A: 114.167
310: Distance: 0.04
---------------------
BF T1: 35.1995;AF T1: 34.3377;BF T2: 106.342;AF T2: 85.966;In-T1B: 124.286;In-T1A: 143.257;In+T1B: 158.706;In+T1A: 125.716;In-T2B: 97.3468;In-T2A: 154.107;In+T2B: 160.799;In+T2A: 114.167
-----------------
Top Local Maximums: 
270: Distance: 2.52, Opticalflow Before this frame: 64.487
260: Distance: 2.36, Opticalflow Before this frame: 54.7394
90: Distance: 2.16, Opticalflow Before this frame: 34.3228
...............
Score1 Calculation:
MaxD:2.52
90:2.16
260:2.36
270:2.52
270:2.48
270:2.08
...............
Score2 Calculation:
270:2.52
260:2.36
90:2.16
250:1.8
100:0.72
...............
Score3 Calculation:
270:2.52
270:2.48
260:2.36
90:2.16
270:2.08
Duration of Processing Video: 1 seconds.
Analyzing Video finished.
Total Processing Time: 4 seconds.
Video Name : Game15_video0001
Moment of Snap:270
Max Distance:2.52
Threshold:4214.66
Confidence: 0.806897; Score1: 0.813793; Score2: 0.6; Score3: 0.8
BF T1: 17.0913;AF T1: 28.5595;BF T2: 42.2401;AF T2: 101.201;In-T1B: 54.7394;In-T1A: 146.567;In+T1B: 76.798;In+T1A: 160.799;In-T2B: 49.2947;In-T2A: 124.286;In+T2B: 97.3468;In+T2A: 154.107
----------------------------------------------------

********************************
Video Name : Game15_video0001
Generating optical flow Started.
Duration of Running optical flow: 3 seconds.
Video Length : 450
# Of Frames Processed in Optical flow: 224
Generating optical flow Finished.

Analyzing Video started.
Scanning Window Size = 100
Minimum Threshold Value:0,  Maximum  Threshold Value16858.6   Average  Threshold Value:1024.14
Local Maximums Size Before Pruning:36
Local Maximums Size After Pruning:36
Local Maximums: 
230: Distance: 0.28
---------------------
BF T1: 10.8226;AF T1: 13.3222;BF T2: 25.6397;AF T2: 39.2766;In-T1B: 36.3529;In-T1A: 64.487;In+T1B: 44.5357;In+T1A: 97.3468;In-T2B: 36.9541;In-T2A: 54.7394;In+T2B: 49.2947;In+T2A: 124.286
90: Distance: 2.16
---------------------
BF T1: 10.0401;AF T1: 14.8055;BF T2: 25.0335;AF T2: 43.6105;In-T1B: 26.737;In-T1A: 65.3373;In+T1B: 42.1801;In+T1A: 73.3385;In-T2B: 20.5942;In-T2A: 60.0076;In+T2B: 52.1538;In+T2A: 66.7357
250: Distance: 1.8
---------------------
BF T1: 12.2306;AF T1: 15.6216;BF T2: 34.4776;AF T2: 58.5689;In-T1B: 44.5357;In-T1A: 97.3468;In+T1B: 54.7394;In+T1A: 146.567;In-T2B: 40.442;In-T2A: 76.798;In+T2B: 64.487;In+T2A: 158.706
90: Distance: 1.12
---------------------
BF T1: 10.0401;AF T1: 14.8055;BF T2: 25.0335;AF T2: 43.6105;In-T1B: 26.737;In-T1A: 65.3373;In+T1B: 42.1801;In+T1A: 73.3385;In-T2B: 20.5942;In-T2A: 60.0076;In+T2B: 52.1538;In+T2A: 66.7357
260: Distance: 2.36
---------------------
BF T1: 12.9181;AF T1: 21.1567;BF T2: 36.5731;AF T2: 79.8777;In-T1B: 49.2947;In-T1A: 124.286;In+T1B: 64.487;In+T1A: 158.706;In-T2B: 44.5357;In-T2A: 97.3468;In+T2B: 76.798;In+T2A: 160.799
100: Distance: 0.72
---------------------
BF T1: 11.9559;AF T1: 17.8787;BF T2: 30.908;AF T2: 46.4831;In-T1B: 34.3228;In-T1A: 72.1988;In+T1B: 52.1538;In+T1A: 66.7357;In-T2B: 26.737;In-T2A: 65.3373;In+T2B: 60.0076;In+T2A: 60.7454
270: Distance: 2.52
---------------------
BF T1: 17.0913;AF T1: 28.5595;BF T2: 42.2401;AF T2: 101.201;In-T1B: 54.7394;In-T1A: 146.567;In+T1B: 76.798;In+T1A: 160.799;In-T2B: 49.2947;In-T2A: 124.286;In+T2B: 97.3468;In+T2A: 154.107
60: Distance: 0.2
---------------------
BF T1: 5.19072;AF T1: 7.66035;BF T2: 11.7437;AF T2: 26.815;In-T1B: 12.6369;In-T1A: 42.1801;In+T1B: 20.5942;In+T1A: 60.0076;In-T2B: 0;In-T2A: 0;In+T2B: 26.737;In+T2A: 65.3373
100: Distance: 0.36
---------------------
BF T1: 11.9559;AF T1: 17.8787;BF T2: 30.908;AF T2: 46.4831;In-T1B: 34.3228;In-T1A: 72.1988;In+T1B: 52.1538;In+T1A: 66.7357;In-T2B: 26.737;In-T2A: 65.3373;In+T2B: 60.0076;In+T2A: 60.7454
270: Distance: 2.48
---------------------
BF T1: 17.0913;AF T1: 28.5595;BF T2: 42.2401;AF T2: 101.201;In-T1B: 54.7394;In-T1A: 146.567;In+T1B: 76.798;In+T1A: 160.799;In-T2B: 49.2947;In-T2A: 124.286;In+T2B: 97.3468;In+T2A: 154.107
60: Distance: 0.08
---------------------
BF T1: 5.19072;AF T1: 7.66035;BF T2: 11.7437;AF T2: 26.815;In-T1B: 12.6369;In-T1A: 42.1801;In+T1B: 20.5942;In+T1A: 60.0076;In-T2B: 0;In-T2A: 0;In+T2B: 26.737;In+T2A: 65.3373
70: Distance: 0.08
---------------------
BF T1: 6.08141;AF T1: 10.718;BF T2: 15.3707;AF T2: 33.7575;In-T1B: 16.9186;In-T1A: 52.1538;In+T1B: 26.737;In+T1A: 65.3373;In-T2B: 12.6369;In-T2A: 42.1801;In+T2B: 34.3228;In+T2A: 72.1988
100: Distance: 0.24
---------------------
BF T1: 11.9559;AF T1: 17.8787;BF T2: 30.908;AF T2: 46.4831;In-T1B: 34.3228;In-T1A: 72.1988;In+T1B: 52.1538;In+T1A: 66.7357;In-T2B: 26.737;In-T2A: 65.3373;In+T2B: 60.0076;In+T2A: 60.7454
270: Distance: 2.08
---------------------
BF T1: 17.0913;AF T1: 28.5595;BF T2: 42.2401;AF T2: 101.201;In-T1B: 54.7394;In-T1A: 146.567;In+T1B: 76.798;In+T1A: 160.799;In-T2B: 49.2947;In-T2A: 124.286;In+T2B: 97.3468;In+T2A: 154.107
60: Distance: 0.04
---------------------
BF T1: 5.19072;AF T1: 7.66035;BF T2: 11.7437;AF T2: 26.815;In-T1B: 12.6369;In-T1A: 42.1801;In+T1B: 20.5942;In+T1A: 60.0076;In-T2B: 0;In-T2A: 0;In+T2B: 26.737;In+T2A: 65.3373
70: Distance: 0.04
---------------------
BF T1: 6.08141;AF T1: 10.718;BF T2: 15.3707;AF T2: 33.7575;In-T1B: 16.9186;In-T1A: 52.1538;In+T1B: 26.737;In+T1A: 65.3373;In-T2B: 12.6369;In-T2A: 42.1801;In+T2B: 34.3228;In+T2A: 72.1988
100: Distance: 0.12
---------------------
BF T1: 11.9559;AF T1: 17.8787;BF T2: 30.908;AF T2: 46.4831;In-T1B: 34.3228;In-T1A: 72.1988;In+T1B: 52.1538;In+T1A: 66.7357;In-T2B: 26.737;In-T2A: 65.3373;In+T2B: 60.0076;In+T2A: 60.7454
270: Distance: 1.48
---------------------
BF T1: 17.0913;AF T1: 28.5595;BF T2: 42.2401;AF T2: 101.201;In-T1B: 54.7394;In-T1A: 146.567;In+T1B: 76.798;In+T1A: 160.799;In-T2B: 49.2947;In-T2A: 124.286;In+T2B: 97.3468;In+T2A: 154.107
100: Distance: 0.04
---------------------
BF T1: 11.9559;AF T1: 17.8787;BF T2: 30.908;AF T2: 46.4831;In-T1B: 34.3228;In-T1A: 72.1988;In+T1B: 52.1538;In+T1A: 66.7357;In-T2B: 26.737;In-T2A: 65.3373;In+T2B: 60.0076;In+T2A: 60.7454
270: Distance: 0.8
---------------------
BF T1: 17.0913;AF T1: 28.5595;BF T2: 42.2401;AF T2: 101.201;In-T1B: 54.7394;In-T1A: 146.567;In+T1B: 76.798;In+T1A: 160.799;In-T2B: 49.2947;In-T2A: 124.286;In+T2B: 97.3468;In+T2A: 154.107
270: Distance: 0.64
---------------------
BF T1: 17.0913;AF T1: 28.5595;BF T2: 42.2401;AF T2: 101.201;In-T1B: 54.7394;In-T1A: 146.567;In+T1B: 76.798;In+T1A: 160.799;In-T2B: 49.2947;In-T2A: 124.286;In+T2B: 97.3468;In+T2A: 154.107
280: Distance: 0.2
---------------------
BF T1: 23.1336;AF T1: 39.6528;BF T2: 53.143;AF T2: 112.809;In-T1B: 64.487;In-T1A: 158.706;In+T1B: 97.3468;In+T1A: 154.107;In-T2B: 54.7394;In-T2A: 146.567;In+T2B: 124.286;In+T2A: 143.257
300: Distance: 0.24
---------------------
BF T1: 39.1694;AF T1: 41.6664;BF T2: 94.2761;AF T2: 94.2398;In-T1B: 97.3468;In-T1A: 154.107;In+T1B: 146.567;In+T1A: 131.571;In-T2B: 76.798;In-T2A: 160.799;In+T2B: 158.706;In+T2A: 125.716
240: Distance: 0.04
---------------------
BF T1: 11.4244;AF T1: 14.5654;BF T2: 29.5907;AF T2: 46.3055;In-T1B: 40.442;In-T1A: 76.798;In+T1B: 49.2947;In+T1A: 124.286;In-T2B: 36.3529;In-T2A: 64.487;In+T2B: 54.7394;In+T2A: 146.567
280: Distance: 0.12
---------------------
BF T1: 23.1336;AF T1: 39.6528;BF T2: 53.143;AF T2: 112.809;In-T1B: 64.487;In-T1A: 158.706;In+T1B: 97.3468;In+T1A: 154.107;In-T2B: 54.7394;In-T2A: 146.567;In+T2B: 124.286;In+T2A: 143.257
300: Distance: 0.2
---------------------
BF T1: 39.1694;AF T1: 41.6664;BF T2: 94.2761;AF T2: 94.2398;In-T1B: 97.3468;In-T1A: 154.107;In+T1B: 146.567;In+T1A: 131.571;In-T2B: 76.798;In-T2A: 160.799;In+T2B: 158.706;In+T2A: 125.716
240: Distance: 0.04
---------------------
BF T1: 11.4244;AF T1: 14.5654;BF T2: 29.5907;AF T2: 46.3055;In-T1B: 40.442;In-T1A: 76.798;In+T1B: 49.2947;In+T1A: 124.286;In-T2B: 36.3529;In-T2A: 64.487;In+T2B: 54.7394;In+T2A: 146.567
280: Distance: 0.12
---------------------
BF T1: 23.1336;AF T1: 39.6528;BF T2: 53.143;AF T2: 112.809;In-T1B: 64.487;In-T1A: 158.706;In+T1B: 97.3468;In+T1A: 154.107;In-T2B: 54.7394;In-T2A: 146.567;In+T2B: 124.286;In+T2A: 143.257
300: Distance: 0.12
---------------------
BF T1: 39.1694;AF T1: 41.6664;BF T2: 94.2761;AF T2: 94.2398;In-T1B: 97.3468;In-T1A: 154.107;In+T1B: 146.567;In+T1A: 131.571;In-T2B: 76.798;In-T2A: 160.799;In+T2B: 158.706;In+T2A: 125.716
270: Distance: 0.04
---------------------
BF T1: 17.0913;AF T1: 28.5595;BF T2: 42.2401;AF T2: 101.201;In-T1B: 54.7394;In-T1A: 146.567;In+T1B: 76.798;In+T1A: 160.799;In-T2B: 49.2947;In-T2A: 124.286;In+T2B: 97.3468;In+T2A: 154.107
280: Distance: 0.04
---------------------
BF T1: 23.1336;AF T1: 39.6528;BF T2: 53.143;AF T2: 112.809;In-T1B: 64.487;In-T1A: 158.706;In+T1B: 97.3468;In+T1A: 154.107;In-T2B: 54.7394;In-T2A: 146.567;In+T2B: 124.286;In+T2A: 143.257
310: Distance: 0.08
---------------------
BF T1: 35.1995;AF T1: 34.3377;BF T2: 106.342;AF T2: 85.966;In-T1B: 124.286;In-T1A: 143.257;In+T1B: 158.706;In+T1A: 125.716;In-T2B: 97.3468;In-T2A: 154.107;In+T2B: 160.799;In+T2A: 114.167
270: Distance: 0.04
---------------------
BF T1: 17.0913;AF T1: 28.5595;BF T2: 42.2401;AF T2: 101.201;In-T1B: 54.7394;In-T1A: 146.567;In+T1B: 76.798;In+T1A: 160.799;In-T2B: 49.2947;In-T2A: 124.286;In+T2B: 97.3468;In+T2A: 154.107
280: Distance: 0.04
---------------------
BF T1: 23.1336;AF T1: 39.6528;BF T2: 53.143;AF T2: 112.809;In-T1B: 64.487;In-T1A: 158.706;In+T1B: 97.3468;In+T1A: 154.107;In-T2B: 54.7394;In-T2A: 146.567;In+T2B: 124.286;In+T2A: 143.257
310: Distance: 0.08
---------------------
BF T1: 35.1995;AF T1: 34.3377;BF T2: 106.342;AF T2: 85.966;In-T1B: 124.286;In-T1A: 143.257;In+T1B: 158.706;In+T1A: 125.716;In-T2B: 97.3468;In-T2A: 154.107;In+T2B: 160.799;In+T2A: 114.167
310: Distance: 0.04
---------------------
BF T1: 35.1995;AF T1: 34.3377;BF T2: 106.342;AF T2: 85.966;In-T1B: 124.286;In-T1A: 143.257;In+T1B: 158.706;In+T1A: 125.716;In-T2B: 97.3468;In-T2A: 154.107;In+T2B: 160.799;In+T2A: 114.167
-----------------
Top Local Maximums: 
270: Distance: 2.52, Opticalflow Before this frame: 64.487
260: Distance: 2.36, Opticalflow Before this frame: 54.7394
90: Distance: 2.16, Opticalflow Before this frame: 34.3228
...............
Score1 Calculation:
MaxD:2.52
90:2.16
260:2.36
270:2.52
270:2.48
270:2.08
...............
Score2 Calculation:
270:2.52
260:2.36
90:2.16
250:1.8
100:0.72
...............
Score3 Calculation:
270:2.52
270:2.48
260:2.36
90:2.16
270:2.08
Duration of Processing Video: 1 seconds.
Analyzing Video finished.
Total Processing Time: 4 seconds.
Video Name : Game15_video0001
Moment of Snap:270
Max Distance:2.52
Threshold:4214.66
Confidence: 0.806897; Score1: 0.813793; Score2: 0.6; Score3: 0.8
BF T1: 17.0913;AF T1: 28.5595;BF T2: 42.2401;AF T2: 101.201;In-T1B: 54.7394;In-T1A: 146.567;In+T1B: 76.798;In+T1A: 160.799;In-T2B: 49.2947;In-T2A: 124.286;In+T2B: 97.3468;In+T2A: 154.107
----------------------------------------------------

********************************
Video Name : Game15_video0001
Generating optical flow Started.
Duration of Running optical flow: 3 seconds.
Video Length : 450
# Of Frames Processed in Optical flow: 224
Generating optical flow Finished.

Analyzing Video started.
Scanning Window Size = 100
Minimum Threshold Value:0,  Maximum  Threshold Value16858.6   Average  Threshold Value:1024.14
Local Maximums Size Before Pruning:36
Local Maximums Size After Pruning:36
Local Maximums: 
230: Distance: 0.28
---------------------
BF T1: 10.8226;AF T1: 13.3222;BF T2: 25.6397;AF T2: 39.2766;In-T1B: 36.3529;In-T1A: 64.487;In+T1B: 44.5357;In+T1A: 97.3468;In-T2B: 36.9541;In-T2A: 54.7394;In+T2B: 49.2947;In+T2A: 124.286
90: Distance: 2.16
---------------------
BF T1: 10.0401;AF T1: 14.8055;BF T2: 25.0335;AF T2: 43.6105;In-T1B: 26.737;In-T1A: 65.3373;In+T1B: 42.1801;In+T1A: 73.3385;In-T2B: 20.5942;In-T2A: 60.0076;In+T2B: 52.1538;In+T2A: 66.7357
250: Distance: 1.8
---------------------
BF T1: 12.2306;AF T1: 15.6216;BF T2: 34.4776;AF T2: 58.5689;In-T1B: 44.5357;In-T1A: 97.3468;In+T1B: 54.7394;In+T1A: 146.567;In-T2B: 40.442;In-T2A: 76.798;In+T2B: 64.487;In+T2A: 158.706
90: Distance: 1.12
---------------------
BF T1: 10.0401;AF T1: 14.8055;BF T2: 25.0335;AF T2: 43.6105;In-T1B: 26.737;In-T1A: 65.3373;In+T1B: 42.1801;In+T1A: 73.3385;In-T2B: 20.5942;In-T2A: 60.0076;In+T2B: 52.1538;In+T2A: 66.7357
260: Distance: 2.36
---------------------
BF T1: 12.9181;AF T1: 21.1567;BF T2: 36.5731;AF T2: 79.8777;In-T1B: 49.2947;In-T1A: 124.286;In+T1B: 64.487;In+T1A: 158.706;In-T2B: 44.5357;In-T2A: 97.3468;In+T2B: 76.798;In+T2A: 160.799
100: Distance: 0.72
---------------------
BF T1: 11.9559;AF T1: 17.8787;BF T2: 30.908;AF T2: 46.4831;In-T1B: 34.3228;In-T1A: 72.1988;In+T1B: 52.1538;In+T1A: 66.7357;In-T2B: 26.737;In-T2A: 65.3373;In+T2B: 60.0076;In+T2A: 60.7454
270: Distance: 2.52
---------------------
BF T1: 17.0913;AF T1: 28.5595;BF T2: 42.2401;AF T2: 101.201;In-T1B: 54.7394;In-T1A: 146.567;In+T1B: 76.798;In+T1A: 160.799;In-T2B: 49.2947;In-T2A: 124.286;In+T2B: 97.3468;In+T2A: 154.107
60: Distance: 0.2
---------------------
BF T1: 5.19072;AF T1: 7.66035;BF T2: 11.7437;AF T2: 26.815;In-T1B: 12.6369;In-T1A: 42.1801;In+T1B: 20.5942;In+T1A: 60.0076;In-T2B: 0;In-T2A: 0;In+T2B: 26.737;In+T2A: 65.3373
100: Distance: 0.36
---------------------
BF T1: 11.9559;AF T1: 17.8787;BF T2: 30.908;AF T2: 46.4831;In-T1B: 34.3228;In-T1A: 72.1988;In+T1B: 52.1538;In+T1A: 66.7357;In-T2B: 26.737;In-T2A: 65.3373;In+T2B: 60.0076;In+T2A: 60.7454
270: Distance: 2.48
---------------------
BF T1: 17.0913;AF T1: 28.5595;BF T2: 42.2401;AF T2: 101.201;In-T1B: 54.7394;In-T1A: 146.567;In+T1B: 76.798;In+T1A: 160.799;In-T2B: 49.2947;In-T2A: 124.286;In+T2B: 97.3468;In+T2A: 154.107
60: Distance: 0.08
---------------------
BF T1: 5.19072;AF T1: 7.66035;BF T2: 11.7437;AF T2: 26.815;In-T1B: 12.6369;In-T1A: 42.1801;In+T1B: 20.5942;In+T1A: 60.0076;In-T2B: 0;In-T2A: 0;In+T2B: 26.737;In+T2A: 65.3373
70: Distance: 0.08
---------------------
BF T1: 6.08141;AF T1: 10.718;BF T2: 15.3707;AF T2: 33.7575;In-T1B: 16.9186;In-T1A: 52.1538;In+T1B: 26.737;In+T1A: 65.3373;In-T2B: 12.6369;In-T2A: 42.1801;In+T2B: 34.3228;In+T2A: 72.1988
100: Distance: 0.24
---------------------
BF T1: 11.9559;AF T1: 17.8787;BF T2: 30.908;AF T2: 46.4831;In-T1B: 34.3228;In-T1A: 72.1988;In+T1B: 52.1538;In+T1A: 66.7357;In-T2B: 26.737;In-T2A: 65.3373;In+T2B: 60.0076;In+T2A: 60.7454
270: Distance: 2.08
---------------------
BF T1: 17.0913;AF T1: 28.5595;BF T2: 42.2401;AF T2: 101.201;In-T1B: 54.7394;In-T1A: 146.567;In+T1B: 76.798;In+T1A: 160.799;In-T2B: 49.2947;In-T2A: 124.286;In+T2B: 97.3468;In+T2A: 154.107
60: Distance: 0.04
---------------------
BF T1: 5.19072;AF T1: 7.66035;BF T2: 11.7437;AF T2: 26.815;In-T1B: 12.6369;In-T1A: 42.1801;In+T1B: 20.5942;In+T1A: 60.0076;In-T2B: 0;In-T2A: 0;In+T2B: 26.737;In+T2A: 65.3373
70: Distance: 0.04
---------------------
BF T1: 6.08141;AF T1: 10.718;BF T2: 15.3707;AF T2: 33.7575;In-T1B: 16.9186;In-T1A: 52.1538;In+T1B: 26.737;In+T1A: 65.3373;In-T2B: 12.6369;In-T2A: 42.1801;In+T2B: 34.3228;In+T2A: 72.1988
100: Distance: 0.12
---------------------
BF T1: 11.9559;AF T1: 17.8787;BF T2: 30.908;AF T2: 46.4831;In-T1B: 34.3228;In-T1A: 72.1988;In+T1B: 52.1538;In+T1A: 66.7357;In-T2B: 26.737;In-T2A: 65.3373;In+T2B: 60.0076;In+T2A: 60.7454
270: Distance: 1.48
---------------------
BF T1: 17.0913;AF T1: 28.5595;BF T2: 42.2401;AF T2: 101.201;In-T1B: 54.7394;In-T1A: 146.567;In+T1B: 76.798;In+T1A: 160.799;In-T2B: 49.2947;In-T2A: 124.286;In+T2B: 97.3468;In+T2A: 154.107
100: Distance: 0.04
---------------------
BF T1: 11.9559;AF T1: 17.8787;BF T2: 30.908;AF T2: 46.4831;In-T1B: 34.3228;In-T1A: 72.1988;In+T1B: 52.1538;In+T1A: 66.7357;In-T2B: 26.737;In-T2A: 65.3373;In+T2B: 60.0076;In+T2A: 60.7454
270: Distance: 0.8
---------------------
BF T1: 17.0913;AF T1: 28.5595;BF T2: 42.2401;AF T2: 101.201;In-T1B: 54.7394;In-T1A: 146.567;In+T1B: 76.798;In+T1A: 160.799;In-T2B: 49.2947;In-T2A: 124.286;In+T2B: 97.3468;In+T2A: 154.107
270: Distance: 0.64
---------------------
BF T1: 17.0913;AF T1: 28.5595;BF T2: 42.2401;AF T2: 101.201;In-T1B: 54.7394;In-T1A: 146.567;In+T1B: 76.798;In+T1A: 160.799;In-T2B: 49.2947;In-T2A: 124.286;In+T2B: 97.3468;In+T2A: 154.107
280: Distance: 0.2
---------------------
BF T1: 23.1336;AF T1: 39.6528;BF T2: 53.143;AF T2: 112.809;In-T1B: 64.487;In-T1A: 158.706;In+T1B: 97.3468;In+T1A: 154.107;In-T2B: 54.7394;In-T2A: 146.567;In+T2B: 124.286;In+T2A: 143.257
300: Distance: 0.24
---------------------
BF T1: 39.1694;AF T1: 41.6664;BF T2: 94.2761;AF T2: 94.2398;In-T1B: 97.3468;In-T1A: 154.107;In+T1B: 146.567;In+T1A: 131.571;In-T2B: 76.798;In-T2A: 160.799;In+T2B: 158.706;In+T2A: 125.716
240: Distance: 0.04
---------------------
BF T1: 11.4244;AF T1: 14.5654;BF T2: 29.5907;AF T2: 46.3055;In-T1B: 40.442;In-T1A: 76.798;In+T1B: 49.2947;In+T1A: 124.286;In-T2B: 36.3529;In-T2A: 64.487;In+T2B: 54.7394;In+T2A: 146.567
280: Distance: 0.12
---------------------
BF T1: 23.1336;AF T1: 39.6528;BF T2: 53.143;AF T2: 112.809;In-T1B: 64.487;In-T1A: 158.706;In+T1B: 97.3468;In+T1A: 154.107;In-T2B: 54.7394;In-T2A: 146.567;In+T2B: 124.286;In+T2A: 143.257
300: Distance: 0.2
---------------------
BF T1: 39.1694;AF T1: 41.6664;BF T2: 94.2761;AF T2: 94.2398;In-T1B: 97.3468;In-T1A: 154.107;In+T1B: 146.567;In+T1A: 131.571;In-T2B: 76.798;In-T2A: 160.799;In+T2B: 158.706;In+T2A: 125.716
240: Distance: 0.04
---------------------
BF T1: 11.4244;AF T1: 14.5654;BF T2: 29.5907;AF T2: 46.3055;In-T1B: 40.442;In-T1A: 76.798;In+T1B: 49.2947;In+T1A: 124.286;In-T2B: 36.3529;In-T2A: 64.487;In+T2B: 54.7394;In+T2A: 146.567
280: Distance: 0.12
---------------------
BF T1: 23.1336;AF T1: 39.6528;BF T2: 53.143;AF T2: 112.809;In-T1B: 64.487;In-T1A: 158.706;In+T1B: 97.3468;In+T1A: 154.107;In-T2B: 54.7394;In-T2A: 146.567;In+T2B: 124.286;In+T2A: 143.257
300: Distance: 0.12
---------------------
BF T1: 39.1694;AF T1: 41.6664;BF T2: 94.2761;AF T2: 94.2398;In-T1B: 97.3468;In-T1A: 154.107;In+T1B: 146.567;In+T1A: 131.571;In-T2B: 76.798;In-T2A: 160.799;In+T2B: 158.706;In+T2A: 125.716
270: Distance: 0.04
---------------------
BF T1: 17.0913;AF T1: 28.5595;BF T2: 42.2401;AF T2: 101.201;In-T1B: 54.7394;In-T1A: 146.567;In+T1B: 76.798;In+T1A: 160.799;In-T2B: 49.2947;In-T2A: 124.286;In+T2B: 97.3468;In+T2A: 154.107
280: Distance: 0.04
---------------------
BF T1: 23.1336;AF T1: 39.6528;BF T2: 53.143;AF T2: 112.809;In-T1B: 64.487;In-T1A: 158.706;In+T1B: 97.3468;In+T1A: 154.107;In-T2B: 54.7394;In-T2A: 146.567;In+T2B: 124.286;In+T2A: 143.257
310: Distance: 0.08
---------------------
BF T1: 35.1995;AF T1: 34.3377;BF T2: 106.342;AF T2: 85.966;In-T1B: 124.286;In-T1A: 143.257;In+T1B: 158.706;In+T1A: 125.716;In-T2B: 97.3468;In-T2A: 154.107;In+T2B: 160.799;In+T2A: 114.167
270: Distance: 0.04
---------------------
BF T1: 17.0913;AF T1: 28.5595;BF T2: 42.2401;AF T2: 101.201;In-T1B: 54.7394;In-T1A: 146.567;In+T1B: 76.798;In+T1A: 160.799;In-T2B: 49.2947;In-T2A: 124.286;In+T2B: 97.3468;In+T2A: 154.107
280: Distance: 0.04
---------------------
BF T1: 23.1336;AF T1: 39.6528;BF T2: 53.143;AF T2: 112.809;In-T1B: 64.487;In-T1A: 158.706;In+T1B: 97.3468;In+T1A: 154.107;In-T2B: 54.7394;In-T2A: 146.567;In+T2B: 124.286;In+T2A: 143.257
310: Distance: 0.08
---------------------
BF T1: 35.1995;AF T1: 34.3377;BF T2: 106.342;AF T2: 85.966;In-T1B: 124.286;In-T1A: 143.257;In+T1B: 158.706;In+T1A: 125.716;In-T2B: 97.3468;In-T2A: 154.107;In+T2B: 160.799;In+T2A: 114.167
310: Distance: 0.04
---------------------
BF T1: 35.1995;AF T1: 34.3377;BF T2: 106.342;AF T2: 85.966;In-T1B: 124.286;In-T1A: 143.257;In+T1B: 158.706;In+T1A: 125.716;In-T2B: 97.3468;In-T2A: 154.107;In+T2B: 160.799;In+T2A: 114.167
-----------------
Top Local Maximums: 
270: Distance: 2.52, Opticalflow Before this frame: 64.487
260: Distance: 2.36, Opticalflow Before this frame: 54.7394
90: Distance: 2.16, Opticalflow Before this frame: 34.3228
...............
Score1 Calculation:
MaxD:2.52
90:2.16
260:2.36
270:2.52
270:2.48
270:2.08
...............
Score2 Calculation:
270:2.52
260:2.36
90:2.16
250:1.8
100:0.72
...............
Score3 Calculation:
270:2.52
270:2.48
260:2.36
90:2.16
270:2.08
Duration of Processing Video: 1 seconds.
Analyzing Video finished.
Total Processing Time: 4 seconds.
Video Name : Game15_video0001
Moment of Snap:270
Max Distance:2.52
Threshold:4214.66
Confidence: 0.806897; Score1: 0.813793; Score2: 0.6; Score3: 0.8
BF T1: 17.0913;AF T1: 28.5595;BF T2: 42.2401;AF T2: 101.201;In-T1B: 54.7394;In-T1A: 146.567;In+T1B: 76.798;In+T1A: 160.799;In-T2B: 49.2947;In-T2A: 124.286;In+T2B: 97.3468;In+T2A: 154.107
----------------------------------------------------

********************************
Video Name : Game15_video0022
Generating optical flow Started.
Duration of Running optical flow: 3 seconds.
Video Length : 345
# Of Frames Processed in Optical flow: 172
Generating optical flow Finished.

Analyzing Video started.
Scanning Window Size = 100
Minimum Threshold Value:0,  Maximum  Threshold Value4808.77   Average  Threshold Value:226.792
Local Maximums Size Before Pruning:21
Local Maximums Size After Pruning:21
Local Maximums: 
150: Distance: 0.88
---------------------
BF T1: 7.01387;AF T1: 12.7092;BF T2: 16.5216;AF T2: 52.4508;In-T1B: 24.5825;In-T1A: 76.0553;In+T1B: 31.6744;In+T1A: 96.8982;In-T2B: 26.4335;In-T2A: 61.489;In+T2B: 44.8906;In+T2A: 91.3447
150: Distance: 2.12
---------------------
BF T1: 7.01387;AF T1: 12.7092;BF T2: 16.5216;AF T2: 52.4508;In-T1B: 24.5825;In-T1A: 76.0553;In+T1B: 31.6744;In+T1A: 96.8982;In-T2B: 26.4335;In-T2A: 61.489;In+T2B: 44.8906;In+T2A: 91.3447
150: Distance: 2.76
---------------------
BF T1: 7.01387;AF T1: 12.7092;BF T2: 16.5216;AF T2: 52.4508;In-T1B: 24.5825;In-T1A: 76.0553;In+T1B: 31.6744;In+T1A: 96.8982;In-T2B: 26.4335;In-T2A: 61.489;In+T2B: 44.8906;In+T2A: 91.3447
280: Distance: 0.04
---------------------
BF T1: 9.54743;AF T1: 19.8066;BF T2: 36.7383;AF T2: 61.0763;In-T1B: 64.1651;In-T1A: 87.3907;In+T1B: 65.3048;In+T1A: 96.5304;In-T2B: 65.2474;In-T2A: 78.4168;In+T2B: 0;In+T2A: 0
150: Distance: 2.68
---------------------
BF T1: 7.01387;AF T1: 12.7092;BF T2: 16.5216;AF T2: 52.4508;In-T1B: 24.5825;In-T1A: 76.0553;In+T1B: 31.6744;In+T1A: 96.8982;In-T2B: 26.4335;In-T2A: 61.489;In+T2B: 44.8906;In+T2A: 91.3447
160: Distance: 2.84
---------------------
BF T1: 9.65823;AF T1: 22.5343;BF T2: 22.6379;AF T2: 63.7852;In-T1B: 28.5098;In-T1A: 89.6182;In+T1B: 44.8906;In+T1A: 91.3447;In-T2B: 24.5825;In-T2A: 76.0553;In+T2B: 61.489;In+T2A: 83.2667
160: Distance: 2.64
---------------------
BF T1: 9.65823;AF T1: 22.5343;BF T2: 22.6379;AF T2: 63.7852;In-T1B: 28.5098;In-T1A: 89.6182;In+T1B: 44.8906;In+T1A: 91.3447;In-T2B: 24.5825;In-T2A: 76.0553;In+T2B: 61.489;In+T2A: 83.2667
160: Distance: 2.08
---------------------
BF T1: 9.65823;AF T1: 22.5343;BF T2: 22.6379;AF T2: 63.7852;In-T1B: 28.5098;In-T1A: 89.6182;In+T1B: 44.8906;In+T1A: 91.3447;In-T2B: 24.5825;In-T2A: 76.0553;In+T2B: 61.489;In+T2A: 83.2667
160: Distance: 1.32
---------------------
BF T1: 9.65823;AF T1: 22.5343;BF T2: 22.6379;AF T2: 63.7852;In-T1B: 28.5098;In-T1A: 89.6182;In+T1B: 44.8906;In+T1A: 91.3447;In-T2B: 24.5825;In-T2A: 76.0553;In+T2B: 61.489;In+T2A: 83.2667
160: Distance: 0.96
---------------------
BF T1: 9.65823;AF T1: 22.5343;BF T2: 22.6379;AF T2: 63.7852;In-T1B: 28.5098;In-T1A: 89.6182;In+T1B: 44.8906;In+T1A: 91.3447;In-T2B: 24.5825;In-T2A: 76.0553;In+T2B: 61.489;In+T2A: 83.2667
160: Distance: 0.56
---------------------
BF T1: 9.65823;AF T1: 22.5343;BF T2: 22.6379;AF T2: 63.7852;In-T1B: 28.5098;In-T1A: 89.6182;In+T1B: 44.8906;In+T1A: 91.3447;In-T2B: 24.5825;In-T2A: 76.0553;In+T2B: 61.489;In+T2A: 83.2667
170: Distance: 0.32
---------------------
BF T1: 18.7108;AF T1: 24.0818;BF T2: 35.3829;AF T2: 65.0381;In-T1B: 31.6744;In-T1A: 96.8982;In+T1B: 61.489;In+T1A: 83.2667;In-T2B: 28.5098;In-T2A: 89.6182;In+T2B: 76.0553;In+T2A: 75.4742
180: Distance: 0.24
---------------------
BF T1: 20.1403;AF T1: 24.9341;BF T2: 48.5093;AF T2: 60.5994;In-T1B: 44.8906;In-T1A: 91.3447;In+T1B: 76.0553;In+T1A: 75.4742;In-T2B: 31.6744;In-T2A: 96.8982;In+T2B: 89.6182;In+T2A: 67.0697
180: Distance: 0.08
---------------------
BF T1: 20.1403;AF T1: 24.9341;BF T2: 48.5093;AF T2: 60.5994;In-T1B: 44.8906;In-T1A: 91.3447;In+T1B: 76.0553;In+T1A: 75.4742;In-T2B: 31.6744;In-T2A: 96.8982;In+T2B: 89.6182;In+T2A: 67.0697
230: Distance: 0.08
---------------------
BF T1: 12.0623;AF T1: 14.8964;BF T2: 42.1578;AF T2: 42.253;In-T1B: 91.3447;In-T1A: 64.1651;In+T1B: 75.4742;In+T1A: 65.3048;In-T2B: 96.8982;In-T2A: 65.2474;In+T2B: 67.0697;In+T2A: 74.0676
240: Distance: 0.04
---------------------
BF T1: 12.7396;AF T1: 14.4213;BF T2: 37.9592;AF T2: 41.1807;In-T1B: 83.2667;In-T1A: 61.6503;In+T1B: 67.0697;In+T1A: 74.0676;In-T2B: 91.3447;In-T2A: 64.1651;In+T2B: 65.2474;In+T2A: 78.4168
240: Distance: 0.04
---------------------
BF T1: 12.7396;AF T1: 14.4213;BF T2: 37.9592;AF T2: 41.1807;In-T1B: 83.2667;In-T1A: 61.6503;In+T1B: 67.0697;In+T1A: 74.0676;In-T2B: 91.3447;In-T2A: 64.1651;In+T2B: 65.2474;In+T2A: 78.4168
240: Distance: 0.04
---------------------
BF T1: 12.7396;AF T1: 14.4213;BF T2: 37.9592;AF T2: 41.1807;In-T1B: 83.2667;In-T1A: 61.6503;In+T1B: 67.0697;In+T1A: 74.0676;In-T2B: 91.3447;In-T2A: 64.1651;In+T2B: 65.2474;In+T2A: 78.4168
240: Distance: 0.04
---------------------
BF T1: 12.7396;AF T1: 14.4213;BF T2: 37.9592;AF T2: 41.1807;In-T1B: 83.2667;In-T1A: 61.6503;In+T1B: 67.0697;In+T1A: 74.0676;In-T2B: 91.3447;In-T2A: 64.1651;In+T2B: 65.2474;In+T2A: 78.4168
240: Distance: 0.04
---------------------
BF T1: 12.7396;AF T1: 14.4213;BF T2: 37.9592;AF T2: 41.1807;In-T1B: 83.2667;In-T1A: 61.6503;In+T1B: 67.0697;In+T1A: 74.0676;In-T2B: 91.3447;In-T2A: 64.1651;In+T2B: 65.2474;In+T2A: 78.4168
240: Distance: 0.04
---------------------
BF T1: 12.7396;AF T1: 14.4213;BF T2: 37.9592;AF T2: 41.1807;In-T1B: 83.2667;In-T1A: 61.6503;In+T1B: 67.0697;In+T1A: 74.0676;In-T2B: 91.3447;In-T2A: 64.1651;In+T2B: 65.2474;In+T2A: 78.4168
-----------------
Top Local Maximums: 
160: Distance: 2.84, Opticalflow Before this frame: 31.6744
150: Distance: 2.76, Opticalflow Before this frame: 28.5098
170: Distance: 0.32, Opticalflow Before this frame: 44.8906
...............
Score1 Calculation:
MaxD:2.84
150:2.12
150:2.76
150:2.68
160:2.84
160:2.64
160:2.08
...............
Score2 Calculation:
160:2.84
150:2.76
170:0.32
180:0.24
230:0.08
...............
Score3 Calculation:
160:2.84
150:2.76
150:2.68
160:2.64
150:2.12
Duration of Processing Video: 0 seconds.
Analyzing Video finished.
Total Processing Time: 3 seconds.
Video Name : Game15_video0022
Moment of Snap:160
Max Distance:2.84
Threshold:1202.19
Confidence: 1; Score1: 1; Score2: 0.8; Score3: 1
BF T1: 9.65823;AF T1: 22.5343;BF T2: 22.6379;AF T2: 63.7852;In-T1B: 28.5098;In-T1A: 89.6182;In+T1B: 44.8906;In+T1A: 91.3447;In-T2B: 24.5825;In-T2A: 76.0553;In+T2B: 61.489;In+T2A: 83.2667
----------------------------------------------------

********************************
Video Name : Game15_video0023
Generating optical flow Started.
Duration of Running optical flow: 5 seconds.
Video Length : 811
# Of Frames Processed in Optical flow: 405
Generating optical flow Finished.

Analyzing Video started.
Scanning Window Size = 100
Minimum Threshold Value:0,  Maximum  Threshold Value8509.12   Average  Threshold Value:304.942
Local Maximums Size Before Pruning:80
Local Maximums Size After Pruning:80
Local Maximums: 
100: Distance: 0.12
---------------------
BF T1: 4.77659;AF T1: 7.23759;BF T2: 17.4788;AF T2: 17.0564;In-T1B: 40.9797;In-T1A: 26.7377;In+T1B: 30.5508;In+T1A: 31.5639;In-T2B: 43.6007;In-T2A: 27.6631;In+T2B: 28.6186;In+T2A: 35.6123
120: Distance: 0.12
---------------------
BF T1: 4.55799;AF T1: 5.91668;BF T2: 15.9164;AF T2: 19.0981;In-T1B: 30.5508;In-T1A: 31.5639;In+T1B: 27.6631;In+T1A: 39.5824;In-T2B: 31.8176;In-T2A: 27.8522;In+T2B: 26.7377;In+T2A: 38.6049
260: Distance: 0.6
---------------------
BF T1: 3.60856;AF T1: 5.17369;BF T2: 19.1941;AF T2: 21.2498;In-T1B: 28.0858;In-T1A: 32.895;In+T1B: 29.8821;In+T1A: 43.0165;In-T2B: 24.3509;In-T2A: 33.5787;In+T2B: 32.0022;In+T2A: 44.2938
290: Distance: 0.72
---------------------
BF T1: 7.62057;AF T1: 10.8204;BF T2: 20.4287;AF T2: 29.7772;In-T1B: 32.0022;In-T1A: 44.2938;In+T1B: 32.895;In+T1A: 38.8597;In-T2B: 29.8821;In-T2A: 43.0165;In+T2B: 38.1774;In+T2A: 38.9962
350: Distance: 0.08
---------------------
BF T1: 5.07359;AF T1: 9.30967;BF T2: 20.2295;AF T2: 21.9296;In-T1B: 42.6438;In-T1A: 35.5168;In+T1B: 38.9962;In+T1A: 38.4294;In-T2B: 44.2938;In-T2A: 31.6732;In+T2B: 33.6597;In+T2A: 40.6555
380: Distance: 0.24
---------------------
BF T1: 7.19881;AF T1: 11.3784;BF T2: 20.629;AF T2: 27.8672;In-T1B: 33.6597;In-T1A: 40.6555;In+T1B: 35.5168;In+T1A: 33.9414;In-T2B: 38.9962;In-T2A: 38.4294;In+T2B: 40.4281;In+T2A: 28.6837
460: Distance: 0.2
---------------------
BF T1: 4.90119;AF T1: 8.15571;BF T2: 14.905;AF T2: 21.6204;In-T1B: 28.6837;In-T1A: 31.3704;In+T1B: 26.2122;In+T1A: 27.6769;In-T2B: 33.9414;In-T2A: 29.9581;In+T2B: 30.5942;In+T2A: 21.7939
550: Distance: 1.24
---------------------
BF T1: 11.5558;AF T1: 7.76074;BF T2: 21.5357;AF T2: 25.3902;In-T1B: 23.612;In-T1A: 43.5589;In+T1B: 30.8891;In+T1A: 42.511;In-T2B: 21.7939;In-T2A: 42.0521;In+T2B: 35.1796;In+T2A: 45.6864
110: Distance: 0.6
---------------------
BF T1: 6.58177;AF T1: 5.47196;BF T2: 18.373;AF T2: 15.9724;In-T1B: 31.8176;In-T1A: 27.8522;In+T1B: 28.6186;In+T1A: 35.6123;In-T2B: 40.9797;In-T2A: 26.7377;In+T2B: 27.6631;In+T2A: 39.5824
130: Distance: 0.64
---------------------
BF T1: 4.73211;AF T1: 6.68231;BF T2: 15.8719;AF T2: 24.3612;In-T1B: 28.6186;In-T1A: 35.6123;In+T1B: 26.7377;In+T1A: 38.6049;In-T2B: 30.5508;In-T2A: 31.5639;In+T2B: 27.8522;In+T2A: 38.5202
270: Distance: 1
---------------------
BF T1: 4.9001;AF T1: 8.45409;BF T2: 18.0501;AF T2: 26.349;In-T1B: 27.3583;In-T1A: 38.1774;In+T1B: 32.0022;In+T1A: 44.2938;In-T2B: 28.0858;In-T2A: 32.895;In+T2B: 33.5787;In+T2A: 42.6438
350: Distance: 0.16
---------------------
BF T1: 5.07359;AF T1: 9.30967;BF T2: 20.2295;AF T2: 21.9296;In-T1B: 42.6438;In-T1A: 35.5168;In+T1B: 38.9962;In+T1A: 38.4294;In-T2B: 44.2938;In-T2A: 31.6732;In+T2B: 33.6597;In+T2A: 40.6555
380: Distance: 0.4
---------------------
BF T1: 7.19881;AF T1: 11.3784;BF T2: 20.629;AF T2: 27.8672;In-T1B: 33.6597;In-T1A: 40.6555;In+T1B: 35.5168;In+T1A: 33.9414;In-T2B: 38.9962;In-T2A: 38.4294;In+T2B: 40.4281;In+T2A: 28.6837
460: Distance: 0.36
---------------------
BF T1: 4.90119;AF T1: 8.15571;BF T2: 14.905;AF T2: 21.6204;In-T1B: 28.6837;In-T1A: 31.3704;In+T1B: 26.2122;In+T1A: 27.6769;In-T2B: 33.9414;In-T2A: 29.9581;In+T2B: 30.5942;In+T2A: 21.7939
530: Distance: 0.68
---------------------
BF T1: 3.52124;AF T1: 8.60842;BF T2: 11.0139;AF T2: 25.7752;In-T1B: 27.6769;In-T1A: 35.1796;In+T1B: 23.612;In+T1A: 43.5589;In-T2B: 30.5193;In-T2A: 30.8891;In+T2B: 29.0284;In+T2A: 39.1459
570: Distance: 1.52
---------------------
BF T1: 7.7331;AF T1: 11.7464;BF T2: 25.1996;AF T2: 26.6871;In-T1B: 30.8891;In-T1A: 42.511;In+T1B: 42.0521;In+T1A: 46.7272;In-T2B: 29.0284;In-T2A: 39.1459;In+T2B: 43.5589;In+T2A: 47.614
590: Distance: 1.64
---------------------
BF T1: 7.96551;AF T1: 8.32782;BF T2: 26.0924;AF T2: 30.19;In-T1B: 42.0521;In-T1A: 46.7272;In+T1B: 39.1459;In+T1A: 59.7728;In-T2B: 35.1796;In-T2A: 45.6864;In+T2B: 42.511;In+T2A: 63.3605
110: Distance: 0.44
---------------------
BF T1: 6.58177;AF T1: 5.47196;BF T2: 18.373;AF T2: 15.9724;In-T1B: 31.8176;In-T1A: 27.8522;In+T1B: 28.6186;In+T1A: 35.6123;In-T2B: 40.9797;In-T2A: 26.7377;In+T2B: 27.6631;In+T2A: 39.5824
130: Distance: 0.52
---------------------
BF T1: 4.73211;AF T1: 6.68231;BF T2: 15.8719;AF T2: 24.3612;In-T1B: 28.6186;In-T1A: 35.6123;In+T1B: 26.7377;In+T1A: 38.6049;In-T2B: 30.5508;In-T2A: 31.5639;In+T2B: 27.8522;In+T2A: 38.5202
240: Distance: 0.52
---------------------
BF T1: 6.04407;AF T1: 10.142;BF T2: 14.2083;AF T2: 18.3237;In-T1B: 23.4185;In-T1A: 32.0022;In+T1B: 28.0858;In+T1A: 32.895;In-T2B: 26.3328;In-T2A: 29.8821;In+T2B: 27.3583;In+T2A: 38.1774
270: Distance: 0.6
---------------------
BF T1: 4.9001;AF T1: 8.45409;BF T2: 18.0501;AF T2: 26.349;In-T1B: 27.3583;In-T1A: 38.1774;In+T1B: 32.0022;In+T1A: 44.2938;In-T2B: 28.0858;In-T2A: 32.895;In+T2B: 33.5787;In+T2A: 42.6438
370: Distance: 0.28
---------------------
BF T1: 4.40259;AF T1: 8.4994;BF T2: 18.5038;AF T2: 29.1524;In-T1B: 38.9962;In-T1A: 38.4294;In+T1B: 31.6732;In+T1A: 38.479;In-T2B: 38.8597;In-T2A: 40.4281;In+T2B: 35.5168;In+T2A: 33.9414
450: Distance: 0.16
---------------------
BF T1: 4.72708;AF T1: 6.04091;BF T2: 15.0261;AF T2: 21.6988;In-T1B: 33.9414;In-T1A: 29.9581;In+T1B: 26.556;In+T1A: 30.5193;In-T2B: 38.479;In-T2A: 30.5942;In+T2B: 26.2122;In+T2A: 27.6769
470: Distance: 0.24
---------------------
BF T1: 6.28497;AF T1: 10.5126;BF T2: 15.9132;AF T2: 20.4089;In-T1B: 26.556;In-T1A: 30.5193;In+T1B: 30.5942;In+T1A: 21.7939;In-T2B: 28.6837;In-T2A: 31.3704;In+T2B: 29.9581;In+T2A: 23.612
530: Distance: 0.16
---------------------
BF T1: 3.52124;AF T1: 8.60842;BF T2: 11.0139;AF T2: 25.7752;In-T1B: 27.6769;In-T1A: 35.1796;In+T1B: 23.612;In+T1A: 43.5589;In-T2B: 30.5193;In-T2A: 30.8891;In+T2B: 29.0284;In+T2A: 39.1459
600: Distance: 1.84
---------------------
BF T1: 7.14278;AF T1: 11.8677;BF T2: 25.502;AF T2: 33.209;In-T1B: 43.5589;In-T1A: 47.614;In+T1B: 42.511;In+T1A: 63.3605;In-T2B: 42.0521;In-T2A: 46.7272;In+T2B: 45.6864;In+T2A: 62.6851
620: Distance: 1.48
---------------------
BF T1: 10.9085;AF T1: 13.0247;BF T2: 27.3271;AF T2: 42.6891;In-T1B: 42.511;In-T1A: 63.3605;In+T1B: 46.7272;In+T1A: 61.3959;In-T2B: 39.1459;In-T2A: 59.7728;In+T2B: 47.614;In+T2A: 65.7966
660: Distance: 0.6
---------------------
BF T1: 12.8636;AF T1: 11.9416;BF T2: 41.0174;AF T2: 35.8637;In-T1B: 59.7728;In-T1A: 60.3072;In+T1B: 62.6851;In+T1A: 69.0177;In-T2B: 47.614;In-T2A: 65.7966;In+T2B: 61.3959;In+T2A: 74.5309
680: Distance: 0.68
---------------------
BF T1: 10.1454;AF T1: 15.4852;BF T2: 33.2421;AF T2: 46.1944;In-T1B: 62.6851;In-T1A: 69.0177;In+T1B: 65.7966;In+T1A: 79.1633;In-T2B: 63.3605;In-T2A: 64.0461;In+T2B: 60.3072;In+T2A: 84.3263
110: Distance: 0.32
---------------------
BF T1: 6.58177;AF T1: 5.47196;BF T2: 18.373;AF T2: 15.9724;In-T1B: 31.8176;In-T1A: 27.8522;In+T1B: 28.6186;In+T1A: 35.6123;In-T2B: 40.9797;In-T2A: 26.7377;In+T2B: 27.6631;In+T2A: 39.5824
130: Distance: 0.36
---------------------
BF T1: 4.73211;AF T1: 6.68231;BF T2: 15.8719;AF T2: 24.3612;In-T1B: 28.6186;In-T1A: 35.6123;In+T1B: 26.7377;In+T1A: 38.6049;In-T2B: 30.5508;In-T2A: 31.5639;In+T2B: 27.8522;In+T2A: 38.5202
210: Distance: 0.12
---------------------
BF T1: 4.33602;AF T1: 3.02377;BF T2: 15.2542;AF T2: 17.4397;In-T1B: 38.5202;In-T1A: 28.0858;In+T1B: 26.3328;In+T1A: 29.8821;In-T2B: 38.6049;In-T2A: 24.3509;In+T2B: 23.4185;In+T2A: 32.0022
240: Distance: 0.52
---------------------
BF T1: 6.04407;AF T1: 10.142;BF T2: 14.2083;AF T2: 18.3237;In-T1B: 23.4185;In-T1A: 32.0022;In+T1B: 28.0858;In+T1A: 32.895;In-T2B: 26.3328;In-T2A: 29.8821;In+T2B: 27.3583;In+T2A: 38.1774
270: Distance: 0.32
---------------------
BF T1: 4.9001;AF T1: 8.45409;BF T2: 18.0501;AF T2: 26.349;In-T1B: 27.3583;In-T1A: 38.1774;In+T1B: 32.0022;In+T1A: 44.2938;In-T2B: 28.0858;In-T2A: 32.895;In+T2B: 33.5787;In+T2A: 42.6438
370: Distance: 0.12
---------------------
BF T1: 4.40259;AF T1: 8.4994;BF T2: 18.5038;AF T2: 29.1524;In-T1B: 38.9962;In-T1A: 38.4294;In+T1B: 31.6732;In+T1A: 38.479;In-T2B: 38.8597;In-T2A: 40.4281;In+T2B: 35.5168;In+T2A: 33.9414
470: Distance: 0.08
---------------------
BF T1: 6.28497;AF T1: 10.5126;BF T2: 15.9132;AF T2: 20.4089;In-T1B: 26.556;In-T1A: 30.5193;In+T1B: 30.5942;In+T1A: 21.7939;In-T2B: 28.6837;In-T2A: 31.3704;In+T2B: 29.9581;In+T2A: 23.612
610: Distance: 1.44
---------------------
BF T1: 9.27582;AF T1: 13.7714;BF T2: 24.3841;AF T2: 34.0201;In-T1B: 39.1459;In-T1A: 59.7728;In+T1B: 45.6864;In+T1A: 62.6851;In-T2B: 43.5589;In-T2A: 47.614;In+T2B: 46.7272;In+T2A: 61.3959
710: Distance: 1.2
---------------------
BF T1: 16.6024;AF T1: 18.0663;BF T2: 43.6676;AF T2: 52.2075;In-T1B: 60.3072;In-T1A: 84.3263;In+T1B: 69.0177;In+T1A: 85.1985;In-T2B: 65.7966;In-T2A: 79.1633;In+T2B: 74.5309;In+T2A: 86.3694
150: Distance: 0.04
---------------------
BF T1: 5.89119;AF T1: 12.3808;BF T2: 16.7125;AF T2: 28.55;In-T1B: 26.7377;In-T1A: 38.6049;In+T1B: 31.5639;In+T1A: 32.5629;In-T2B: 27.6631;In-T2A: 39.5824;In+T2B: 35.6123;In+T2A: 26.3328
210: Distance: 0.2
---------------------
BF T1: 4.33602;AF T1: 3.02377;BF T2: 15.2542;AF T2: 17.4397;In-T1B: 38.5202;In-T1A: 28.0858;In+T1B: 26.3328;In+T1A: 29.8821;In-T2B: 38.6049;In-T2A: 24.3509;In+T2B: 23.4185;In+T2A: 32.0022
240: Distance: 0.36
---------------------
BF T1: 6.04407;AF T1: 10.142;BF T2: 14.2083;AF T2: 18.3237;In-T1B: 23.4185;In-T1A: 32.0022;In+T1B: 28.0858;In+T1A: 32.895;In-T2B: 26.3328;In-T2A: 29.8821;In+T2B: 27.3583;In+T2A: 38.1774
270: Distance: 0.2
---------------------
BF T1: 4.9001;AF T1: 8.45409;BF T2: 18.0501;AF T2: 26.349;In-T1B: 27.3583;In-T1A: 38.1774;In+T1B: 32.0022;In+T1A: 44.2938;In-T2B: 28.0858;In-T2A: 32.895;In+T2B: 33.5787;In+T2A: 42.6438
380: Distance: 0.08
---------------------
BF T1: 7.19881;AF T1: 11.3784;BF T2: 20.629;AF T2: 27.8672;In-T1B: 33.6597;In-T1A: 40.6555;In+T1B: 35.5168;In+T1A: 33.9414;In-T2B: 38.9962;In-T2A: 38.4294;In+T2B: 40.4281;In+T2A: 28.6837
560: Distance: 0.04
---------------------
BF T1: 5.91078;AF T1: 10.2549;BF T2: 23.9253;AF T2: 28.3482;In-T1B: 29.0284;In-T1A: 39.1459;In+T1B: 35.1796;In+T1A: 45.6864;In-T2B: 23.612;In-T2A: 43.5589;In+T2B: 42.0521;In+T2A: 46.7272
620: Distance: 0.76
---------------------
BF T1: 10.9085;AF T1: 13.0247;BF T2: 27.3271;AF T2: 42.6891;In-T1B: 42.511;In-T1A: 63.3605;In+T1B: 46.7272;In+T1A: 61.3959;In-T2B: 39.1459;In-T2A: 59.7728;In+T2B: 47.614;In+T2A: 65.7966
710: Distance: 1.56
---------------------
BF T1: 16.6024;AF T1: 18.0663;BF T2: 43.6676;AF T2: 52.2075;In-T1B: 60.3072;In-T1A: 84.3263;In+T1B: 69.0177;In+T1A: 85.1985;In-T2B: 65.7966;In-T2A: 79.1633;In+T2B: 74.5309;In+T2A: 86.3694
150: Distance: 0.04
---------------------
BF T1: 5.89119;AF T1: 12.3808;BF T2: 16.7125;AF T2: 28.55;In-T1B: 26.7377;In-T1A: 38.6049;In+T1B: 31.5639;In+T1A: 32.5629;In-T2B: 27.6631;In-T2A: 39.5824;In+T2B: 35.6123;In+T2A: 26.3328
210: Distance: 0.04
---------------------
BF T1: 4.33602;AF T1: 3.02377;BF T2: 15.2542;AF T2: 17.4397;In-T1B: 38.5202;In-T1A: 28.0858;In+T1B: 26.3328;In+T1A: 29.8821;In-T2B: 38.6049;In-T2A: 24.3509;In+T2B: 23.4185;In+T2A: 32.0022
220: Distance: 0.04
---------------------
BF T1: 2.37631;AF T1: 7.08529;BF T2: 12.5189;AF T2: 21.974;In-T1B: 32.5629;In-T1A: 27.3583;In+T1B: 23.4185;In+T1A: 32.0022;In-T2B: 38.5202;In-T2A: 28.0858;In+T2B: 24.3509;In+T2A: 33.5787
240: Distance: 0.08
---------------------
BF T1: 6.04407;AF T1: 10.142;BF T2: 14.2083;AF T2: 18.3237;In-T1B: 23.4185;In-T1A: 32.0022;In+T1B: 28.0858;In+T1A: 32.895;In-T2B: 26.3328;In-T2A: 29.8821;In+T2B: 27.3583;In+T2A: 38.1774
280: Distance: 0.08
---------------------
BF T1: 7.90802;AF T1: 8.44171;BF T2: 16.4167;AF T2: 26.0182;In-T1B: 29.8821;In-T1A: 43.0165;In+T1B: 33.5787;In+T1A: 42.6438;In-T2B: 27.3583;In-T2A: 38.1774;In+T2B: 32.895;In+T2A: 38.8597
300: Distance: 0.04
---------------------
BF T1: 8.85773;AF T1: 9.53993;BF T2: 24.3863;AF T2: 28.7742;In-T1B: 33.5787;In-T1A: 42.6438;In+T1B: 38.1774;In+T1A: 38.9962;In-T2B: 32.0022;In-T2A: 44.2938;In+T2B: 43.0165;In+T2A: 33.6597
380: Distance: 0.04
---------------------
BF T1: 7.19881;AF T1: 11.3784;BF T2: 20.629;AF T2: 27.8672;In-T1B: 33.6597;In-T1A: 40.6555;In+T1B: 35.5168;In+T1A: 33.9414;In-T2B: 38.9962;In-T2A: 38.4294;In+T2B: 40.4281;In+T2A: 28.6837
620: Distance: 0.56
---------------------
BF T1: 10.9085;AF T1: 13.0247;BF T2: 27.3271;AF T2: 42.6891;In-T1B: 42.511;In-T1A: 63.3605;In+T1B: 46.7272;In+T1A: 61.3959;In-T2B: 39.1459;In-T2A: 59.7728;In+T2B: 47.614;In+T2A: 65.7966
700: Distance: 1.32
---------------------
BF T1: 13.8122;AF T1: 19.1292;BF T2: 37.2106;AF T2: 50.5034;In-T1B: 65.7966;In-T1A: 79.1633;In+T1B: 64.0461;In+T1A: 84.2426;In-T2B: 61.3959;In-T2A: 74.5309;In+T2B: 69.0177;In+T2A: 85.1985
240: Distance: 0.04
---------------------
BF T1: 6.04407;AF T1: 10.142;BF T2: 14.2083;AF T2: 18.3237;In-T1B: 23.4185;In-T1A: 32.0022;In+T1B: 28.0858;In+T1A: 32.895;In-T2B: 26.3328;In-T2A: 29.8821;In+T2B: 27.3583;In+T2A: 38.1774
620: Distance: 0.44
---------------------
BF T1: 10.9085;AF T1: 13.0247;BF T2: 27.3271;AF T2: 42.6891;In-T1B: 42.511;In-T1A: 63.3605;In+T1B: 46.7272;In+T1A: 61.3959;In-T2B: 39.1459;In-T2A: 59.7728;In+T2B: 47.614;In+T2A: 65.7966
700: Distance: 0.96
---------------------
BF T1: 13.8122;AF T1: 19.1292;BF T2: 37.2106;AF T2: 50.5034;In-T1B: 65.7966;In-T1A: 79.1633;In+T1B: 64.0461;In+T1A: 84.2426;In-T2B: 61.3959;In-T2A: 74.5309;In+T2B: 69.0177;In+T2A: 85.1985
240: Distance: 0.04
---------------------
BF T1: 6.04407;AF T1: 10.142;BF T2: 14.2083;AF T2: 18.3237;In-T1B: 23.4185;In-T1A: 32.0022;In+T1B: 28.0858;In+T1A: 32.895;In-T2B: 26.3328;In-T2A: 29.8821;In+T2B: 27.3583;In+T2A: 38.1774
620: Distance: 0.36
---------------------
BF T1: 10.9085;AF T1: 13.0247;BF T2: 27.3271;AF T2: 42.6891;In-T1B: 42.511;In-T1A: 63.3605;In+T1B: 46.7272;In+T1A: 61.3959;In-T2B: 39.1459;In-T2A: 59.7728;In+T2B: 47.614;In+T2A: 65.7966
700: Distance: 0.64
---------------------
BF T1: 13.8122;AF T1: 19.1292;BF T2: 37.2106;AF T2: 50.5034;In-T1B: 65.7966;In-T1A: 79.1633;In+T1B: 64.0461;In+T1A: 84.2426;In-T2B: 61.3959;In-T2A: 74.5309;In+T2B: 69.0177;In+T2A: 85.1985
630: Distance: 0.28
---------------------
BF T1: 11.4346;AF T1: 11.677;BF T2: 31.6189;AF T2: 43.1001;In-T1B: 45.6864;In-T1A: 62.6851;In+T1B: 47.614;In+T1A: 65.7966;In-T2B: 42.511;In-T2A: 63.3605;In+T2B: 59.7728;In+T2A: 60.3072
700: Distance: 0.28
---------------------
BF T1: 13.8122;AF T1: 19.1292;BF T2: 37.2106;AF T2: 50.5034;In-T1B: 65.7966;In-T1A: 79.1633;In+T1B: 64.0461;In+T1A: 84.2426;In-T2B: 61.3959;In-T2A: 74.5309;In+T2B: 69.0177;In+T2A: 85.1985
640: Distance: 0.2
---------------------
BF T1: 8.85231;AF T1: 22.4021;BF T2: 31.1954;AF T2: 44.1067;In-T1B: 46.7272;In-T1A: 61.3959;In+T1B: 59.7728;In+T1A: 60.3072;In-T2B: 45.6864;In-T2A: 62.6851;In+T2B: 63.3605;In+T2A: 64.0461
700: Distance: 0.16
---------------------
BF T1: 13.8122;AF T1: 19.1292;BF T2: 37.2106;AF T2: 50.5034;In-T1B: 65.7966;In-T1A: 79.1633;In+T1B: 64.0461;In+T1A: 84.2426;In-T2B: 61.3959;In-T2A: 74.5309;In+T2B: 69.0177;In+T2A: 85.1985
640: Distance: 0.04
---------------------
BF T1: 8.85231;AF T1: 22.4021;BF T2: 31.1954;AF T2: 44.1067;In-T1B: 46.7272;In-T1A: 61.3959;In+T1B: 59.7728;In+T1A: 60.3072;In-T2B: 45.6864;In-T2A: 62.6851;In+T2B: 63.3605;In+T2A: 64.0461
700: Distance: 0.2
---------------------
BF T1: 13.8122;AF T1: 19.1292;BF T2: 37.2106;AF T2: 50.5034;In-T1B: 65.7966;In-T1A: 79.1633;In+T1B: 64.0461;In+T1A: 84.2426;In-T2B: 61.3959;In-T2A: 74.5309;In+T2B: 69.0177;In+T2A: 85.1985
640: Distance: 0.04
---------------------
BF T1: 8.85231;AF T1: 22.4021;BF T2: 31.1954;AF T2: 44.1067;In-T1B: 46.7272;In-T1A: 61.3959;In+T1B: 59.7728;In+T1A: 60.3072;In-T2B: 45.6864;In-T2A: 62.6851;In+T2B: 63.3605;In+T2A: 64.0461
700: Distance: 0.2
---------------------
BF T1: 13.8122;AF T1: 19.1292;BF T2: 37.2106;AF T2: 50.5034;In-T1B: 65.7966;In-T1A: 79.1633;In+T1B: 64.0461;In+T1A: 84.2426;In-T2B: 61.3959;In-T2A: 74.5309;In+T2B: 69.0177;In+T2A: 85.1985
640: Distance: 0.04
---------------------
BF T1: 8.85231;AF T1: 22.4021;BF T2: 31.1954;AF T2: 44.1067;In-T1B: 46.7272;In-T1A: 61.3959;In+T1B: 59.7728;In+T1A: 60.3072;In-T2B: 45.6864;In-T2A: 62.6851;In+T2B: 63.3605;In+T2A: 64.0461
660: Distance: 0.04
---------------------
BF T1: 12.8636;AF T1: 11.9416;BF T2: 41.0174;AF T2: 35.8637;In-T1B: 59.7728;In-T1A: 60.3072;In+T1B: 62.6851;In+T1A: 69.0177;In-T2B: 47.614;In-T2A: 65.7966;In+T2B: 61.3959;In+T2A: 74.5309
670: Distance: 0.04
---------------------
BF T1: 10.2331;AF T1: 12.5431;BF T2: 42.3982;AF T2: 40.8691;In-T1B: 63.3605;In-T1A: 64.0461;In+T1B: 61.3959;In+T1A: 74.5309;In-T2B: 59.7728;In-T2A: 60.3072;In+T2B: 65.7966;In+T2A: 79.1633
700: Distance: 0.12
---------------------
BF T1: 13.8122;AF T1: 19.1292;BF T2: 37.2106;AF T2: 50.5034;In-T1B: 65.7966;In-T1A: 79.1633;In+T1B: 64.0461;In+T1A: 84.2426;In-T2B: 61.3959;In-T2A: 74.5309;In+T2B: 69.0177;In+T2A: 85.1985
640: Distance: 0.04
---------------------
BF T1: 8.85231;AF T1: 22.4021;BF T2: 31.1954;AF T2: 44.1067;In-T1B: 46.7272;In-T1A: 61.3959;In+T1B: 59.7728;In+T1A: 60.3072;In-T2B: 45.6864;In-T2A: 62.6851;In+T2B: 63.3605;In+T2A: 64.0461
690: Distance: 0.04
---------------------
BF T1: 13.253;AF T1: 17.4707;BF T2: 33.6315;AF T2: 48.4809;In-T1B: 61.3959;In-T1A: 74.5309;In+T1B: 60.3072;In+T1A: 84.3263;In-T2B: 62.6851;In-T2A: 69.0177;In+T2B: 64.0461;In+T2A: 84.2426
690: Distance: 0.08
---------------------
BF T1: 13.253;AF T1: 17.4707;BF T2: 33.6315;AF T2: 48.4809;In-T1B: 61.3959;In-T1A: 74.5309;In+T1B: 60.3072;In+T1A: 84.3263;In-T2B: 62.6851;In-T2A: 69.0177;In+T2B: 64.0461;In+T2A: 84.2426
690: Distance: 0.08
---------------------
BF T1: 13.253;AF T1: 17.4707;BF T2: 33.6315;AF T2: 48.4809;In-T1B: 61.3959;In-T1A: 74.5309;In+T1B: 60.3072;In+T1A: 84.3263;In-T2B: 62.6851;In-T2A: 69.0177;In+T2B: 64.0461;In+T2A: 84.2426
690: Distance: 0.08
---------------------
BF T1: 13.253;AF T1: 17.4707;BF T2: 33.6315;AF T2: 48.4809;In-T1B: 61.3959;In-T1A: 74.5309;In+T1B: 60.3072;In+T1A: 84.3263;In-T2B: 62.6851;In-T2A: 69.0177;In+T2B: 64.0461;In+T2A: 84.2426
700: Distance: 0.04
---------------------
BF T1: 13.8122;AF T1: 19.1292;BF T2: 37.2106;AF T2: 50.5034;In-T1B: 65.7966;In-T1A: 79.1633;In+T1B: 64.0461;In+T1A: 84.2426;In-T2B: 61.3959;In-T2A: 74.5309;In+T2B: 69.0177;In+T2A: 85.1985
700: Distance: 0.04
---------------------
BF T1: 13.8122;AF T1: 19.1292;BF T2: 37.2106;AF T2: 50.5034;In-T1B: 65.7966;In-T1A: 79.1633;In+T1B: 64.0461;In+T1A: 84.2426;In-T2B: 61.3959;In-T2A: 74.5309;In+T2B: 69.0177;In+T2A: 85.1985
-----------------
Top Local Maximums: 
600: Distance: 1.84, Opticalflow Before this frame: 39.1459
590: Distance: 1.64, Opticalflow Before this frame: 43.5589
710: Distance: 1.56, Opticalflow Before this frame: 64.0461
...............
Score1 Calculation:
MaxD:1.84
570:1.52
590:1.64
600:1.84
710:1.56
...............
Score2 Calculation:
600:1.84
590:1.64
710:1.56
570:1.52
620:1.48
...............
Score3 Calculation:
600:1.84
590:1.64
710:1.56
570:1.52
620:1.48
Duration of Processing Video: 1 seconds.
Analyzing Video finished.
Total Processing Time: 6 seconds.
Video Name : Game15_video0023
Moment of Snap:600
Max Distance:1.84
Threshold:1276.37
Confidence: 0.282622; Score1: 0.530488; Score2: 0.6; Score3: 0.6
BF T1: 7.14278;AF T1: 11.8677;BF T2: 25.502;AF T2: 33.209;In-T1B: 43.5589;In-T1A: 47.614;In+T1B: 42.511;In+T1A: 63.3605;In-T2B: 42.0521;In-T2A: 46.7272;In+T2B: 45.6864;In+T2A: 62.6851
----------------------------------------------------

********************************
Video Name : Game15_video0031
Generating optical flow Started.
Duration of Running optical flow: 4 seconds.
Video Length : 616
# Of Frames Processed in Optical flow: 307
Generating optical flow Finished.

Analyzing Video started.
Scanning Window Size = 100
Minimum Threshold Value:0,  Maximum  Threshold Value13154.6   Average  Threshold Value:443.844
Local Maximums Size Before Pruning:70
Local Maximums Size After Pruning:70
Local Maximums: 
90: Distance: 1.08
---------------------
BF T1: 2.54285;AF T1: 3.06668;BF T2: 6.97304;AF T2: 9.26438;In-T1B: 12.4822;In-T1A: 14.7685;In+T1B: 12.0994;In+T1A: 16.3393;In-T2B: 13.6753;In-T2A: 14.4438;In+T2B: 12.6231;In+T2A: 15.5061
160: Distance: 0.96
---------------------
BF T1: 2.22952;AF T1: 4.13483;BF T2: 8.93059;AF T2: 16.2909;In-T1B: 16.3393;In-T1A: 25.3607;In+T1B: 15.5636;In+T1A: 36.4869;In-T2B: 15.6612;In-T2A: 20.1445;In+T2B: 17.4955;In+T2A: 40.6331
430: Distance: 0.28
---------------------
BF T1: 3.70989;AF T1: 5.27125;BF T2: 12.5632;AF T2: 14.8204;In-T1B: 22.9421;In-T1A: 22.4898;In+T1B: 21.3285;In+T1A: 24.8327;In-T2B: 23.9526;In-T2A: 22.2977;In+T2B: 21.8328;In+T2A: 25.7553
450: Distance: 0.36
---------------------
BF T1: 4.70304;AF T1: 5.55077;BF T2: 12.9795;AF T2: 15.6619;In-T1B: 21.3285;In-T1A: 24.8327;In+T1B: 22.2977;In+T1A: 26.6604;In-T2B: 21.7999;In-T2A: 23.9203;In+T2B: 22.4898;In+T2A: 40.2397
120: Distance: 0.64
---------------------
BF T1: 3.26093;AF T1: 4.02262;BF T2: 8.91101;AF T2: 10.4232;In-T1B: 12.6231;In-T1A: 15.5061;In+T1B: 14.7685;In+T1A: 17.4955;In-T2B: 12.0994;In-T2A: 16.3393;In+T2B: 15.6612;In+T2A: 20.1445
180: Distance: 2.08
---------------------
BF T1: 5.24652;AF T1: 7.72598;BF T2: 10.7945;AF T2: 24.5095;In-T1B: 15.5636;In-T1A: 36.4869;In+T1B: 20.1445;In+T1A: 44.4126;In-T2B: 15.5061;In-T2A: 31.4479;In+T2B: 25.3607;In+T2A: 45.1858
250: Distance: 0.12
---------------------
BF T1: 9.25489;AF T1: 11.5378;BF T2: 28.5116;AF T2: 36.5146;In-T1B: 44.4126;In-T1A: 56.2933;In+T1B: 46.399;In+T1A: 72.8495;In-T2B: 40.6331;In-T2A: 52.1347;In+T2B: 48.7237;In+T2A: 72.0298
450: Distance: 0.76
---------------------
BF T1: 4.70304;AF T1: 5.55077;BF T2: 12.9795;AF T2: 15.6619;In-T1B: 21.3285;In-T1A: 24.8327;In+T1B: 22.2977;In+T1A: 26.6604;In-T2B: 21.7999;In-T2A: 23.9203;In+T2B: 22.4898;In+T2A: 40.2397
480: Distance: 1.08
---------------------
BF T1: 5.14041;AF T1: 6.66977;BF T2: 14.6507;AF T2: 19.1377;In-T1B: 22.4898;In-T1A: 40.2397;In+T1B: 24.8327;In+T1A: 86.2929;In-T2B: 22.2977;In-T2A: 26.6604;In+T2B: 25.7553;In+T2A: 103.573
510: Distance: 1.76
---------------------
BF T1: 5.28489;AF T1: 22.5117;BF T2: 16.3895;AF T2: 79.4336;In-T1B: 25.7553;In-T1A: 103.573;In+T1B: 40.2397;In+T1A: 124.524;In-T2B: 24.8327;In-T2A: 86.2929;In+T2B: 62.118;In+T2A: 116.341
100: Distance: 0.16
---------------------
BF T1: 2.58741;AF T1: 3.56679;BF T2: 8.12018;AF T2: 10.3462;In-T1B: 12.3446;In-T1A: 15.6612;In+T1B: 12.6231;In+T1A: 15.5061;In-T2B: 12.4822;In-T2A: 14.7685;In+T2B: 14.4438;In+T2A: 15.5636
120: Distance: 0.2
---------------------
BF T1: 3.26093;AF T1: 4.02262;BF T2: 8.91101;AF T2: 10.4232;In-T1B: 12.6231;In-T1A: 15.5061;In+T1B: 14.7685;In+T1A: 17.4955;In-T2B: 12.0994;In-T2A: 16.3393;In+T2B: 15.6612;In+T2A: 20.1445
200: Distance: 1.32
---------------------
BF T1: 8.48168;AF T1: 9.9432;BF T2: 19.8128;AF T2: 27.834;In-T1B: 20.1445;In-T1A: 44.4126;In+T1B: 31.4479;In+T1A: 46.399;In-T2B: 17.4955;In-T2A: 40.6331;In+T2B: 36.4869;In+T2A: 48.7237
260: Distance: 1.24
---------------------
BF T1: 9.52992;AF T1: 12.8404;BF T2: 28.6488;AF T2: 39.959;In-T1B: 45.1858;In-T1A: 60.9183;In+T1B: 48.7237;In+T1A: 72.0298;In-T2B: 44.4126;In-T2A: 56.2933;In+T2B: 52.1347;In+T2A: 67.1715
450: Distance: 0.52
---------------------
BF T1: 4.70304;AF T1: 5.55077;BF T2: 12.9795;AF T2: 15.6619;In-T1B: 21.3285;In-T1A: 24.8327;In+T1B: 22.2977;In+T1A: 26.6604;In-T2B: 21.7999;In-T2A: 23.9203;In+T2B: 22.4898;In+T2A: 40.2397
510: Distance: 2.28
---------------------
BF T1: 5.28489;AF T1: 22.5117;BF T2: 16.3895;AF T2: 79.4336;In-T1B: 25.7553;In-T1A: 103.573;In+T1B: 40.2397;In+T1A: 124.524;In-T2B: 24.8327;In-T2A: 86.2929;In+T2B: 62.118;In+T2A: 116.341
80: Distance: 0.04
---------------------
BF T1: 2.98992;AF T1: 2.68768;BF T2: 6.96917;AF T2: 8.69704;In-T1B: 13.6753;In-T1A: 14.4438;In+T1B: 12.3446;In+T1A: 15.6612;In-T2B: 16.6193;In-T2A: 12.6231;In+T2B: 12.0994;In+T2A: 16.3393
120: Distance: 0.08
---------------------
BF T1: 3.26093;AF T1: 4.02262;BF T2: 8.91101;AF T2: 10.4232;In-T1B: 12.6231;In-T1A: 15.5061;In+T1B: 14.7685;In+T1A: 17.4955;In-T2B: 12.0994;In-T2A: 16.3393;In+T2B: 15.6612;In+T2A: 20.1445
180: Distance: 0.32
---------------------
BF T1: 5.24652;AF T1: 7.72598;BF T2: 10.7945;AF T2: 24.5095;In-T1B: 15.5636;In-T1A: 36.4869;In+T1B: 20.1445;In+T1A: 44.4126;In-T2B: 15.5061;In-T2A: 31.4479;In+T2B: 25.3607;In+T2A: 45.1858
200: Distance: 0.44
---------------------
BF T1: 8.48168;AF T1: 9.9432;BF T2: 19.8128;AF T2: 27.834;In-T1B: 20.1445;In-T1A: 44.4126;In+T1B: 31.4479;In+T1A: 46.399;In-T2B: 17.4955;In-T2A: 40.6331;In+T2B: 36.4869;In+T2A: 48.7237
260: Distance: 1.28
---------------------
BF T1: 9.52992;AF T1: 12.8404;BF T2: 28.6488;AF T2: 39.959;In-T1B: 45.1858;In-T1A: 60.9183;In+T1B: 48.7237;In+T1A: 72.0298;In-T2B: 44.4126;In-T2A: 56.2933;In+T2B: 52.1347;In+T2A: 67.1715
420: Distance: 0.04
---------------------
BF T1: 4.93842;AF T1: 4.58455;BF T2: 13.0521;AF T2: 13.8014;In-T1B: 23.9526;In-T1A: 22.2977;In+T1B: 21.7999;In+T1A: 23.9203;In-T2B: 50.0254;In-T2A: 21.8328;In+T2B: 21.3285;In+T2A: 24.8327
450: Distance: 0.2
---------------------
BF T1: 4.70304;AF T1: 5.55077;BF T2: 12.9795;AF T2: 15.6619;In-T1B: 21.3285;In-T1A: 24.8327;In+T1B: 22.2977;In+T1A: 26.6604;In-T2B: 21.7999;In-T2A: 23.9203;In+T2B: 22.4898;In+T2A: 40.2397
510: Distance: 2.28
---------------------
BF T1: 5.28489;AF T1: 22.5117;BF T2: 16.3895;AF T2: 79.4336;In-T1B: 25.7553;In-T1A: 103.573;In+T1B: 40.2397;In+T1A: 124.524;In-T2B: 24.8327;In-T2A: 86.2929;In+T2B: 62.118;In+T2A: 116.341
210: Distance: 0.12
---------------------
BF T1: 8.3167;AF T1: 10.1213;BF T2: 22.883;AF T2: 29.1833;In-T1B: 25.3607;In-T1A: 45.1858;In+T1B: 36.4869;In+T1A: 48.7237;In-T2B: 20.1445;In-T2A: 44.4126;In+T2B: 40.6331;In+T2A: 52.1347
280: Distance: 1.16
---------------------
BF T1: 12.8037;AF T1: 16.4731;BF T2: 33.0158;AF T2: 52.1655;In-T1B: 48.7237;In-T1A: 72.0298;In+T1B: 56.2933;In+T1A: 60.3289;In-T2B: 46.399;In-T2A: 72.8495;In+T2B: 60.9183;In+T2A: 56.6223
420: Distance: 0.04
---------------------
BF T1: 4.93842;AF T1: 4.58455;BF T2: 13.0521;AF T2: 13.8014;In-T1B: 23.9526;In-T1A: 22.2977;In+T1B: 21.7999;In+T1A: 23.9203;In-T2B: 50.0254;In-T2A: 21.8328;In+T2B: 21.3285;In+T2A: 24.8327
430: Distance: 0.04
---------------------
BF T1: 3.70989;AF T1: 5.27125;BF T2: 12.5632;AF T2: 14.8204;In-T1B: 22.9421;In-T1A: 22.4898;In+T1B: 21.3285;In+T1A: 24.8327;In-T2B: 23.9526;In-T2A: 22.2977;In+T2B: 21.8328;In+T2A: 25.7553
450: Distance: 0.08
---------------------
BF T1: 4.70304;AF T1: 5.55077;BF T2: 12.9795;AF T2: 15.6619;In-T1B: 21.3285;In-T1A: 24.8327;In+T1B: 22.2977;In+T1A: 26.6604;In-T2B: 21.7999;In-T2A: 23.9203;In+T2B: 22.4898;In+T2A: 40.2397
510: Distance: 1.6
---------------------
BF T1: 5.28489;AF T1: 22.5117;BF T2: 16.3895;AF T2: 79.4336;In-T1B: 25.7553;In-T1A: 103.573;In+T1B: 40.2397;In+T1A: 124.524;In-T2B: 24.8327;In-T2A: 86.2929;In+T2B: 62.118;In+T2A: 116.341
210: Distance: 0.08
---------------------
BF T1: 8.3167;AF T1: 10.1213;BF T2: 22.883;AF T2: 29.1833;In-T1B: 25.3607;In-T1A: 45.1858;In+T1B: 36.4869;In+T1A: 48.7237;In-T2B: 20.1445;In-T2A: 44.4126;In+T2B: 40.6331;In+T2A: 52.1347
270: Distance: 0.84
---------------------
BF T1: 10.6821;AF T1: 16.3026;BF T2: 29.4669;AF T2: 44.5968;In-T1B: 46.399;In-T1A: 72.8495;In+T1B: 52.1347;In+T1A: 67.1715;In-T2B: 45.1858;In-T2A: 60.9183;In+T2B: 56.2933;In+T2A: 60.3289
510: Distance: 1
---------------------
BF T1: 5.28489;AF T1: 22.5117;BF T2: 16.3895;AF T2: 79.4336;In-T1B: 25.7553;In-T1A: 103.573;In+T1B: 40.2397;In+T1A: 124.524;In-T2B: 24.8327;In-T2A: 86.2929;In+T2B: 62.118;In+T2A: 116.341
210: Distance: 0.04
---------------------
BF T1: 8.3167;AF T1: 10.1213;BF T2: 22.883;AF T2: 29.1833;In-T1B: 25.3607;In-T1A: 45.1858;In+T1B: 36.4869;In+T1A: 48.7237;In-T2B: 20.1445;In-T2A: 44.4126;In+T2B: 40.6331;In+T2A: 52.1347
260: Distance: 0.6
---------------------
BF T1: 9.52992;AF T1: 12.8404;BF T2: 28.6488;AF T2: 39.959;In-T1B: 45.1858;In-T1A: 60.9183;In+T1B: 48.7237;In+T1A: 72.0298;In-T2B: 44.4126;In-T2A: 56.2933;In+T2B: 52.1347;In+T2A: 67.1715
510: Distance: 0.76
---------------------
BF T1: 5.28489;AF T1: 22.5117;BF T2: 16.3895;AF T2: 79.4336;In-T1B: 25.7553;In-T1A: 103.573;In+T1B: 40.2397;In+T1A: 124.524;In-T2B: 24.8327;In-T2A: 86.2929;In+T2B: 62.118;In+T2A: 116.341
280: Distance: 0.48
---------------------
BF T1: 12.8037;AF T1: 16.4731;BF T2: 33.0158;AF T2: 52.1655;In-T1B: 48.7237;In-T1A: 72.0298;In+T1B: 56.2933;In+T1A: 60.3289;In-T2B: 46.399;In-T2A: 72.8495;In+T2B: 60.9183;In+T2A: 56.6223
520: Distance: 0.4
---------------------
BF T1: 18.7097;AF T1: 33.9171;BF T2: 29.6203;AF T2: 83.1971;In-T1B: 26.6604;In-T1A: 119.436;In+T1B: 62.118;In+T1A: 116.341;In-T2B: 25.7553;In-T2A: 103.573;In+T2B: 86.2929;In+T2A: 107.726
240: Distance: 0.08
---------------------
BF T1: 9.86404;AF T1: 10.8998;BF T2: 27.6142;AF T2: 31.6252;In-T1B: 40.6331;In-T1A: 52.1347;In+T1B: 45.1858;In+T1A: 60.9183;In-T2B: 36.4869;In-T2A: 48.7237;In+T2B: 46.399;In+T2A: 72.8495
280: Distance: 0.28
---------------------
BF T1: 12.8037;AF T1: 16.4731;BF T2: 33.0158;AF T2: 52.1655;In-T1B: 48.7237;In-T1A: 72.0298;In+T1B: 56.2933;In+T1A: 60.3289;In-T2B: 46.399;In-T2A: 72.8495;In+T2B: 60.9183;In+T2A: 56.6223
350: Distance: 0.12
---------------------
BF T1: 10.1734;AF T1: 31.7606;BF T2: 25.2988;AF T2: 41.6504;In-T1B: 60.3289;In-T1A: 56;In+T1B: 65.1489;In+T1A: 23.9526;In-T2B: 67.1715;In-T2A: 58.1421;In+T2B: 61.2354;In+T2A: 22.9421
520: Distance: 0.32
---------------------
BF T1: 18.7097;AF T1: 33.9171;BF T2: 29.6203;AF T2: 83.1971;In-T1B: 26.6604;In-T1A: 119.436;In+T1B: 62.118;In+T1A: 116.341;In-T2B: 25.7553;In-T2A: 103.573;In+T2B: 86.2929;In+T2A: 107.726
240: Distance: 0.08
---------------------
BF T1: 9.86404;AF T1: 10.8998;BF T2: 27.6142;AF T2: 31.6252;In-T1B: 40.6331;In-T1A: 52.1347;In+T1B: 45.1858;In+T1A: 60.9183;In-T2B: 36.4869;In-T2A: 48.7237;In+T2B: 46.399;In+T2A: 72.8495
280: Distance: 0.16
---------------------
BF T1: 12.8037;AF T1: 16.4731;BF T2: 33.0158;AF T2: 52.1655;In-T1B: 48.7237;In-T1A: 72.0298;In+T1B: 56.2933;In+T1A: 60.3289;In-T2B: 46.399;In-T2A: 72.8495;In+T2B: 60.9183;In+T2A: 56.6223
310: Distance: 0.16
---------------------
BF T1: 21.4611;AF T1: 11.2886;BF T2: 49.3637;AF T2: 26.0851;In-T1B: 60.9183;In-T1A: 56.6223;In+T1B: 72.0298;In+T1A: 61.2354;In-T2B: 56.2933;In-T2A: 60.3289;In+T2B: 67.1715;In+T2A: 58.1421
320: Distance: 0.16
---------------------
BF T1: 9.86237;AF T1: 9.45016;BF T2: 45.2034;AF T2: 29.833;In-T1B: 72.8495;In-T1A: 65.1489;In+T1B: 67.1715;In+T1A: 58.1421;In-T2B: 60.9183;In-T2A: 56.6223;In+T2B: 60.3289;In+T2A: 56
350: Distance: 0.24
---------------------
BF T1: 10.1734;AF T1: 31.7606;BF T2: 25.2988;AF T2: 41.6504;In-T1B: 60.3289;In-T1A: 56;In+T1B: 65.1489;In+T1A: 23.9526;In-T2B: 67.1715;In-T2A: 58.1421;In+T2B: 61.2354;In+T2A: 22.9421
520: Distance: 0.24
---------------------
BF T1: 18.7097;AF T1: 33.9171;BF T2: 29.6203;AF T2: 83.1971;In-T1B: 26.6604;In-T1A: 119.436;In+T1B: 62.118;In+T1A: 116.341;In-T2B: 25.7553;In-T2A: 103.573;In+T2B: 86.2929;In+T2A: 107.726
240: Distance: 0.04
---------------------
BF T1: 9.86404;AF T1: 10.8998;BF T2: 27.6142;AF T2: 31.6252;In-T1B: 40.6331;In-T1A: 52.1347;In+T1B: 45.1858;In+T1A: 60.9183;In-T2B: 36.4869;In-T2A: 48.7237;In+T2B: 46.399;In+T2A: 72.8495
280: Distance: 0.08
---------------------
BF T1: 12.8037;AF T1: 16.4731;BF T2: 33.0158;AF T2: 52.1655;In-T1B: 48.7237;In-T1A: 72.0298;In+T1B: 56.2933;In+T1A: 60.3289;In-T2B: 46.399;In-T2A: 72.8495;In+T2B: 60.9183;In+T2A: 56.6223
310: Distance: 0.12
---------------------
BF T1: 21.4611;AF T1: 11.2886;BF T2: 49.3637;AF T2: 26.0851;In-T1B: 60.9183;In-T1A: 56.6223;In+T1B: 72.0298;In+T1A: 61.2354;In-T2B: 56.2933;In-T2A: 60.3289;In+T2B: 67.1715;In+T2A: 58.1421
320: Distance: 0.12
---------------------
BF T1: 9.86237;AF T1: 9.45016;BF T2: 45.2034;AF T2: 29.833;In-T1B: 72.8495;In-T1A: 65.1489;In+T1B: 67.1715;In+T1A: 58.1421;In-T2B: 60.9183;In-T2A: 56.6223;In+T2B: 60.3289;In+T2A: 56
350: Distance: 0.16
---------------------
BF T1: 10.1734;AF T1: 31.7606;BF T2: 25.2988;AF T2: 41.6504;In-T1B: 60.3289;In-T1A: 56;In+T1B: 65.1489;In+T1A: 23.9526;In-T2B: 67.1715;In-T2A: 58.1421;In+T2B: 61.2354;In+T2A: 22.9421
520: Distance: 0.16
---------------------
BF T1: 18.7097;AF T1: 33.9171;BF T2: 29.6203;AF T2: 83.1971;In-T1B: 26.6604;In-T1A: 119.436;In+T1B: 62.118;In+T1A: 116.341;In-T2B: 25.7553;In-T2A: 103.573;In+T2B: 86.2929;In+T2A: 107.726
280: Distance: 0.04
---------------------
BF T1: 12.8037;AF T1: 16.4731;BF T2: 33.0158;AF T2: 52.1655;In-T1B: 48.7237;In-T1A: 72.0298;In+T1B: 56.2933;In+T1A: 60.3289;In-T2B: 46.399;In-T2A: 72.8495;In+T2B: 60.9183;In+T2A: 56.6223
310: Distance: 0.12
---------------------
BF T1: 21.4611;AF T1: 11.2886;BF T2: 49.3637;AF T2: 26.0851;In-T1B: 60.9183;In-T1A: 56.6223;In+T1B: 72.0298;In+T1A: 61.2354;In-T2B: 56.2933;In-T2A: 60.3289;In+T2B: 67.1715;In+T2A: 58.1421
320: Distance: 0.12
---------------------
BF T1: 9.86237;AF T1: 9.45016;BF T2: 45.2034;AF T2: 29.833;In-T1B: 72.8495;In-T1A: 65.1489;In+T1B: 67.1715;In+T1A: 58.1421;In-T2B: 60.9183;In-T2A: 56.6223;In+T2B: 60.3289;In+T2A: 56
350: Distance: 0.16
---------------------
BF T1: 10.1734;AF T1: 31.7606;BF T2: 25.2988;AF T2: 41.6504;In-T1B: 60.3289;In-T1A: 56;In+T1B: 65.1489;In+T1A: 23.9526;In-T2B: 67.1715;In-T2A: 58.1421;In+T2B: 61.2354;In+T2A: 22.9421
520: Distance: 0.08
---------------------
BF T1: 18.7097;AF T1: 33.9171;BF T2: 29.6203;AF T2: 83.1971;In-T1B: 26.6604;In-T1A: 119.436;In+T1B: 62.118;In+T1A: 116.341;In-T2B: 25.7553;In-T2A: 103.573;In+T2B: 86.2929;In+T2A: 107.726
280: Distance: 0.04
---------------------
BF T1: 12.8037;AF T1: 16.4731;BF T2: 33.0158;AF T2: 52.1655;In-T1B: 48.7237;In-T1A: 72.0298;In+T1B: 56.2933;In+T1A: 60.3289;In-T2B: 46.399;In-T2A: 72.8495;In+T2B: 60.9183;In+T2A: 56.6223
310: Distance: 0.04
---------------------
BF T1: 21.4611;AF T1: 11.2886;BF T2: 49.3637;AF T2: 26.0851;In-T1B: 60.9183;In-T1A: 56.6223;In+T1B: 72.0298;In+T1A: 61.2354;In-T2B: 56.2933;In-T2A: 60.3289;In+T2B: 67.1715;In+T2A: 58.1421
320: Distance: 0.04
---------------------
BF T1: 9.86237;AF T1: 9.45016;BF T2: 45.2034;AF T2: 29.833;In-T1B: 72.8495;In-T1A: 65.1489;In+T1B: 67.1715;In+T1A: 58.1421;In-T2B: 60.9183;In-T2A: 56.6223;In+T2B: 60.3289;In+T2A: 56
350: Distance: 0.08
---------------------
BF T1: 10.1734;AF T1: 31.7606;BF T2: 25.2988;AF T2: 41.6504;In-T1B: 60.3289;In-T1A: 56;In+T1B: 65.1489;In+T1A: 23.9526;In-T2B: 67.1715;In-T2A: 58.1421;In+T2B: 61.2354;In+T2A: 22.9421
530: Distance: 0.04
---------------------
BF T1: 27.0188;AF T1: 33.7051;BF T2: 51.0134;AF T2: 79.1684;In-T1B: 40.2397;In-T1A: 124.524;In+T1B: 86.2929;In+T1A: 107.726;In-T2B: 26.6604;In-T2A: 119.436;In+T2B: 103.573;In+T2A: 103.013
350: Distance: 0.08
---------------------
BF T1: 10.1734;AF T1: 31.7606;BF T2: 25.2988;AF T2: 41.6504;In-T1B: 60.3289;In-T1A: 56;In+T1B: 65.1489;In+T1A: 23.9526;In-T2B: 67.1715;In-T2A: 58.1421;In+T2B: 61.2354;In+T2A: 22.9421
530: Distance: 0.04
---------------------
BF T1: 27.0188;AF T1: 33.7051;BF T2: 51.0134;AF T2: 79.1684;In-T1B: 40.2397;In-T1A: 124.524;In+T1B: 86.2929;In+T1A: 107.726;In-T2B: 26.6604;In-T2A: 119.436;In+T2B: 103.573;In+T2A: 103.013
350: Distance: 0.08
---------------------
BF T1: 10.1734;AF T1: 31.7606;BF T2: 25.2988;AF T2: 41.6504;In-T1B: 60.3289;In-T1A: 56;In+T1B: 65.1489;In+T1A: 23.9526;In-T2B: 67.1715;In-T2A: 58.1421;In+T2B: 61.2354;In+T2A: 22.9421
530: Distance: 0.04
---------------------
BF T1: 27.0188;AF T1: 33.7051;BF T2: 51.0134;AF T2: 79.1684;In-T1B: 40.2397;In-T1A: 124.524;In+T1B: 86.2929;In+T1A: 107.726;In-T2B: 26.6604;In-T2A: 119.436;In+T2B: 103.573;In+T2A: 103.013
350: Distance: 0.04
---------------------
BF T1: 10.1734;AF T1: 31.7606;BF T2: 25.2988;AF T2: 41.6504;In-T1B: 60.3289;In-T1A: 56;In+T1B: 65.1489;In+T1A: 23.9526;In-T2B: 67.1715;In-T2A: 58.1421;In+T2B: 61.2354;In+T2A: 22.9421
530: Distance: 0.04
---------------------
BF T1: 27.0188;AF T1: 33.7051;BF T2: 51.0134;AF T2: 79.1684;In-T1B: 40.2397;In-T1A: 124.524;In+T1B: 86.2929;In+T1A: 107.726;In-T2B: 26.6604;In-T2A: 119.436;In+T2B: 103.573;In+T2A: 103.013
-----------------
Top Local Maximums: 
510: Distance: 2.28, Opticalflow Before this frame: 26.6604
180: Distance: 2.08, Opticalflow Before this frame: 17.4955
200: Distance: 1.32, Opticalflow Before this frame: 25.3607
...............
Score1 Calculation:
MaxD:2.28
180:2.08
510:2.28
510:2.28
...............
Score2 Calculation:
510:2.28
180:2.08
200:1.32
260:1.28
280:1.16
...............
Score3 Calculation:
510:2.28
510:2.28
180:2.08
510:1.76
510:1.6
Duration of Processing Video: 1 seconds.
Analyzing Video finished.
Total Processing Time: 5 seconds.
Video Name : Game15_video0031
Moment of Snap:510
Max Distance:2.28
Threshold:1973.19
Confidence: 0.743374; Score1: 0.686747; Score2: 0.2; Score3: 0.8
BF T1: 5.28489;AF T1: 22.5117;BF T2: 16.3895;AF T2: 79.4336;In-T1B: 25.7553;In-T1A: 103.573;In+T1B: 40.2397;In+T1A: 124.524;In-T2B: 24.8327;In-T2A: 86.2929;In+T2B: 62.118;In+T2A: 116.341
----------------------------------------------------

********************************
Video Name : Game15_video0032
Generating optical flow Started.
Duration of Running optical flow: 6 seconds.
Video Length : 931
# Of Frames Processed in Optical flow: 465
Generating optical flow Finished.

Analyzing Video started.
Scanning Window Size = 100
Minimum Threshold Value:0,  Maximum  Threshold Value3257.92   Average  Threshold Value:208.707
Local Maximums Size Before Pruning:114
Local Maximums Size After Pruning:114
Local Maximums: 
170: Distance: 0.28
---------------------
BF T1: 11.6668;AF T1: 15.6355;BF T2: 42.0481;AF T2: 42.1464;In-T1B: 70.9963;In-T1A: 68.8357;In+T1B: 72.0346;In+T1A: 76.5418;In-T2B: 73.0508;In-T2A: 63.3212;In+T2B: 63.5823;In+T2A: 81.3973
200: Distance: 0.6
---------------------
BF T1: 17.4878;AF T1: 21.6863;BF T2: 39.022;AF T2: 53.854;In-T1B: 63.5823;In-T1A: 81.3973;In+T1B: 68.8357;In+T1A: 71.2733;In-T2B: 72.0346;In-T2A: 76.5418;In+T2B: 74.4456;In+T2A: 67.5698
280: Distance: 0.08
---------------------
BF T1: 14.5669;AF T1: 29.3325;BF T2: 41.6754;AF T2: 61.4748;In-T1B: 67.5698;In-T1A: 87.4178;In+T1B: 80.0605;In+T1A: 84.6239;In-T2B: 71.2733;In-T2A: 87.1655;In+T2B: 86.4783;In+T2A: 85.5505
320: Distance: 0.52
---------------------
BF T1: 13.8254;AF T1: 22.8458;BF T2: 46.4411;AF T2: 59.9641;In-T1B: 87.1655;In-T1A: 96.2528;In+T1B: 89.3035;In+T1A: 121.566;In-T2B: 86.4783;In-T2A: 85.5505;In+T2B: 84.6239;In+T2A: 122.923
770: Distance: 0.08
---------------------
BF T1: 13.7838;AF T1: 18.0018;BF T2: 44.0232;AF T2: 53.1362;In-T1B: 75.1865;In-T1A: 81.3198;In+T1B: 75.7146;In+T1A: 94.8956;In-T2B: 75.1335;In-T2A: 77.6785;In+T2B: 73.2137;In+T2A: 105.359
190: Distance: 0.76
---------------------
BF T1: 8.31881;AF T1: 20.6122;BF T2: 33.2009;AF T2: 54.8877;In-T1B: 72.0346;In-T1A: 76.5418;In+T1B: 63.3212;In+T1A: 75.8849;In-T2B: 69.1513;In-T2A: 74.4456;In+T2B: 68.8357;In+T2A: 71.2733
250: Distance: 0.12
---------------------
BF T1: 11.9754;AF T1: 14.811;BF T2: 40.4612;AF T2: 48.3242;In-T1B: 81.3973;In-T1A: 80.0605;In+T1B: 71.2733;In+T1A: 87.1655;In-T2B: 76.5418;In-T2A: 66.8252;In+T2B: 67.5698;In+T2A: 87.4178
280: Distance: 0.52
---------------------
BF T1: 14.5669;AF T1: 29.3325;BF T2: 41.6754;AF T2: 61.4748;In-T1B: 67.5698;In-T1A: 87.4178;In+T1B: 80.0605;In+T1A: 84.6239;In-T2B: 71.2733;In-T2A: 87.1655;In+T2B: 86.4783;In+T2A: 85.5505
320: Distance: 1.16
---------------------
BF T1: 13.8254;AF T1: 22.8458;BF T2: 46.4411;AF T2: 59.9641;In-T1B: 87.1655;In-T1A: 96.2528;In+T1B: 89.3035;In+T1A: 121.566;In-T2B: 86.4783;In-T2A: 85.5505;In+T2B: 84.6239;In+T2A: 122.923
550: Distance: 0.04
---------------------
BF T1: 27.2302;AF T1: 24.0857;BF T2: 106.249;AF T2: 68.0492;In-T1B: 150.254;In-T1A: 114.927;In+T1B: 154.258;In+T1A: 109.772;In-T2B: 129.556;In-T2A: 133.681;In+T2B: 148.479;In+T2A: 107.74
700: Distance: 0.04
---------------------
BF T1: 12.8774;AF T1: 16.7028;BF T2: 40.6421;AF T2: 45.3681;In-T1B: 79.1265;In-T1A: 71.8121;In+T1B: 67.8235;In+T1A: 75.1865;In-T2B: 83.2585;In-T2A: 67.6914;In+T2B: 71.0612;In+T2A: 72.5388
730: Distance: 0.96
---------------------
BF T1: 11.4427;AF T1: 19.6304;BF T2: 41.8618;AF T2: 49.7015;In-T1B: 71.0612;In-T1A: 72.5388;In+T1B: 71.8121;In+T1A: 73.2137;In-T2B: 67.8235;In-T2A: 75.1865;In+T2B: 75.1335;In+T2A: 77.6785
820: Distance: 0.32
---------------------
BF T1: 19.486;AF T1: 26.7781;BF T2: 57.8314;AF T2: 77.4787;In-T1B: 81.3198;In-T1A: 114.157;In+T1B: 94.8956;In+T1A: 121.376;In-T2B: 77.6785;In-T2A: 109.504;In+T2B: 105.359;In+T2A: 121.579
190: Distance: 0.48
---------------------
BF T1: 8.31881;AF T1: 20.6122;BF T2: 33.2009;AF T2: 54.8877;In-T1B: 72.0346;In-T1A: 76.5418;In+T1B: 63.3212;In+T1A: 75.8849;In-T2B: 69.1513;In-T2A: 74.4456;In+T2B: 68.8357;In+T2A: 71.2733
260: Distance: 0.44
---------------------
BF T1: 13.5355;AF T1: 16.0503;BF T2: 38.6852;AF T2: 57.4725;In-T1B: 75.8849;In-T1A: 86.4783;In+T1B: 67.5698;In+T1A: 87.4178;In-T2B: 81.3973;In-T2A: 80.0605;In+T2B: 66.8252;In+T2A: 89.3035
280: Distance: 0.44
---------------------
BF T1: 14.5669;AF T1: 29.3325;BF T2: 41.6754;AF T2: 61.4748;In-T1B: 67.5698;In-T1A: 87.4178;In+T1B: 80.0605;In+T1A: 84.6239;In-T2B: 71.2733;In-T2A: 87.1655;In+T2B: 86.4783;In+T2A: 85.5505
330: Distance: 1.44
---------------------
BF T1: 16.4526;AF T1: 24.923;BF T2: 44.5006;AF T2: 71.893;In-T1B: 87.4178;In-T1A: 114.03;In+T1B: 84.6239;In+T1A: 122.923;In-T2B: 87.1655;In-T2A: 96.2528;In+T2B: 85.5505;In+T2A: 125.15
550: Distance: 0.12
---------------------
BF T1: 27.2302;AF T1: 24.0857;BF T2: 106.249;AF T2: 68.0492;In-T1B: 150.254;In-T1A: 114.927;In+T1B: 154.258;In+T1A: 109.772;In-T2B: 129.556;In-T2A: 133.681;In+T2B: 148.479;In+T2A: 107.74
730: Distance: 1
---------------------
BF T1: 11.4427;AF T1: 19.6304;BF T2: 41.8618;AF T2: 49.7015;In-T1B: 71.0612;In-T1A: 72.5388;In+T1B: 71.8121;In+T1A: 73.2137;In-T2B: 67.8235;In-T2A: 75.1865;In+T2B: 75.1335;In+T2A: 77.6785
790: Distance: 0.56
---------------------
BF T1: 14.572;AF T1: 23.9457;BF T2: 42.9744;AF T2: 61.3994;In-T1B: 75.7146;In-T1A: 94.8956;In+T1B: 77.6785;In+T1A: 109.504;In-T2B: 72.5388;In-T2A: 87.022;In+T2B: 81.3198;In+T2A: 114.157
810: Distance: 0.84
---------------------
BF T1: 17.6819;AF T1: 23.0539;BF T2: 52.9175;AF T2: 71.8101;In-T1B: 77.6785;In-T1A: 109.504;In+T1B: 87.022;In+T1A: 119.702;In-T2B: 73.2137;In-T2A: 105.359;In+T2B: 94.8956;In+T2A: 121.376
160: Distance: 0.16
---------------------
BF T1: 12.6324;AF T1: 13.0533;BF T2: 47.1524;AF T2: 34.4072;In-T1B: 73.0508;In-T1A: 63.3212;In+T1B: 69.1513;In+T1A: 74.4456;In-T2B: 72.8343;In-T2A: 63.5823;In+T2B: 72.0346;In+T2A: 76.5418
200: Distance: 0.16
---------------------
BF T1: 17.4878;AF T1: 21.6863;BF T2: 39.022;AF T2: 53.854;In-T1B: 63.5823;In-T1A: 81.3973;In+T1B: 68.8357;In+T1A: 71.2733;In-T2B: 72.0346;In-T2A: 76.5418;In+T2B: 74.4456;In+T2A: 67.5698
260: Distance: 0.6
---------------------
BF T1: 13.5355;AF T1: 16.0503;BF T2: 38.6852;AF T2: 57.4725;In-T1B: 75.8849;In-T1A: 86.4783;In+T1B: 67.5698;In+T1A: 87.4178;In-T2B: 81.3973;In-T2A: 80.0605;In+T2B: 66.8252;In+T2A: 89.3035
280: Distance: 0.52
---------------------
BF T1: 14.5669;AF T1: 29.3325;BF T2: 41.6754;AF T2: 61.4748;In-T1B: 67.5698;In-T1A: 87.4178;In+T1B: 80.0605;In+T1A: 84.6239;In-T2B: 71.2733;In-T2A: 87.1655;In+T2B: 86.4783;In+T2A: 85.5505
350: Distance: 1.56
---------------------
BF T1: 19.3198;AF T1: 30.8431;BF T2: 57.5025;AF T2: 84.4833;In-T1B: 84.6239;In-T1A: 122.923;In+T1B: 96.2528;In+T1A: 129.996;In-T2B: 89.3035;In-T2A: 121.566;In+T2B: 114.03;In+T2A: 127.63
510: Distance: 0.32
---------------------
BF T1: 19.7906;AF T1: 33.1034;BF T2: 65.8196;AF T2: 112.961;In-T1B: 140.167;In-T1A: 153.201;In+T1B: 123.343;In+T1A: 148.479;In-T2B: 150.576;In-T2A: 150.254;In+T2B: 129.556;In+T2A: 133.681
700: Distance: 0.28
---------------------
BF T1: 12.8774;AF T1: 16.7028;BF T2: 40.6421;AF T2: 45.3681;In-T1B: 79.1265;In-T1A: 71.8121;In+T1B: 67.8235;In+T1A: 75.1865;In-T2B: 83.2585;In-T2A: 67.6914;In+T2B: 71.0612;In+T2A: 72.5388
730: Distance: 0.48
---------------------
BF T1: 11.4427;AF T1: 19.6304;BF T2: 41.8618;AF T2: 49.7015;In-T1B: 71.0612;In-T1A: 72.5388;In+T1B: 71.8121;In+T1A: 73.2137;In-T2B: 67.8235;In-T2A: 75.1865;In+T2B: 75.1335;In+T2A: 77.6785
760: Distance: 0.56
---------------------
BF T1: 14.0405;AF T1: 16.7621;BF T2: 47.3123;AF T2: 48.0885;In-T1B: 75.1335;In-T1A: 77.6785;In+T1B: 72.5388;In+T1A: 87.022;In-T2B: 71.8121;In-T2A: 73.2137;In+T2B: 75.7146;In+T2A: 94.8956
800: Distance: 1.36
---------------------
BF T1: 20.6636;AF T1: 20.6329;BF T2: 49.8541;AF T2: 63.9459;In-T1B: 73.2137;In-T1A: 105.359;In+T1B: 81.3198;In+T1A: 114.157;In-T2B: 75.7146;In-T2A: 94.8956;In+T2B: 87.022;In+T2A: 119.702
820: Distance: 1.36
---------------------
BF T1: 19.486;AF T1: 26.7781;BF T2: 57.8314;AF T2: 77.4787;In-T1B: 81.3198;In-T1A: 114.157;In+T1B: 94.8956;In+T1A: 121.376;In-T2B: 77.6785;In-T2A: 109.504;In+T2B: 105.359;In+T2A: 121.579
170: Distance: 0.12
---------------------
BF T1: 11.6668;AF T1: 15.6355;BF T2: 42.0481;AF T2: 42.1464;In-T1B: 70.9963;In-T1A: 68.8357;In+T1B: 72.0346;In+T1A: 76.5418;In-T2B: 73.0508;In-T2A: 63.3212;In+T2B: 63.5823;In+T2A: 81.3973
190: Distance: 0.16
---------------------
BF T1: 8.31881;AF T1: 20.6122;BF T2: 33.2009;AF T2: 54.8877;In-T1B: 72.0346;In-T1A: 76.5418;In+T1B: 63.3212;In+T1A: 75.8849;In-T2B: 69.1513;In-T2A: 74.4456;In+T2B: 68.8357;In+T2A: 71.2733
270: Distance: 0.48
---------------------
BF T1: 13.5731;AF T1: 21.2156;BF T2: 39.0839;AF T2: 62.8793;In-T1B: 71.2733;In-T1A: 87.1655;In+T1B: 66.8252;In+T1A: 89.3035;In-T2B: 75.8849;In-T2A: 86.4783;In+T2B: 80.0605;In+T2A: 84.6239
350: Distance: 1.44
---------------------
BF T1: 19.3198;AF T1: 30.8431;BF T2: 57.5025;AF T2: 84.4833;In-T1B: 84.6239;In-T1A: 122.923;In+T1B: 96.2528;In+T1A: 129.996;In-T2B: 89.3035;In-T2A: 121.566;In+T2B: 114.03;In+T2A: 127.63
380: Distance: 0.88
---------------------
BF T1: 23.988;AF T1: 26.8678;BF T2: 80.5158;AF T2: 79.1961;In-T1B: 114.03;In-T1A: 127.63;In+T1B: 122.923;In+T1A: 135.709;In-T2B: 96.2528;In-T2A: 129.996;In+T2B: 125.15;In+T2A: 148.856
520: Distance: 0.68
---------------------
BF T1: 27.1613;AF T1: 43.9397;BF T2: 71.236;AF T2: 110.062;In-T1B: 127.686;In-T1A: 154.258;In+T1B: 129.556;In+T1A: 133.681;In-T2B: 140.167;In-T2A: 153.201;In+T2B: 150.254;In+T2A: 114.927
710: Distance: 0.24
---------------------
BF T1: 13.9875;AF T1: 18.3197;BF T2: 39.8172;AF T2: 47.5046;In-T1B: 73.2198;In-T1A: 75.1335;In+T1B: 71.0612;In+T1A: 72.5388;In-T2B: 79.1265;In-T2A: 71.8121;In+T2B: 67.6914;In+T2A: 75.7146
730: Distance: 0.28
---------------------
BF T1: 11.4427;AF T1: 19.6304;BF T2: 41.8618;AF T2: 49.7015;In-T1B: 71.0612;In-T1A: 72.5388;In+T1B: 71.8121;In+T1A: 73.2137;In-T2B: 67.8235;In-T2A: 75.1865;In+T2B: 75.1335;In+T2A: 77.6785
800: Distance: 1.6
---------------------
BF T1: 20.6636;AF T1: 20.6329;BF T2: 49.8541;AF T2: 63.9459;In-T1B: 73.2137;In-T1A: 105.359;In+T1B: 81.3198;In+T1A: 114.157;In-T2B: 75.7146;In-T2A: 94.8956;In+T2B: 87.022;In+T2A: 119.702
80: Distance: 0.2
---------------------
BF T1: 16.3437;AF T1: 23.7448;BF T2: 47.0636;AF T2: 55.0404;In-T1B: 72.6209;In-T1A: 82.7591;In+T1B: 82.2361;In+T1A: 72.8343;In-T2B: 74.0244;In-T2A: 82.8229;In+T2B: 85.2802;In+T2A: 73.0508
270: Distance: 0.36
---------------------
BF T1: 13.5731;AF T1: 21.2156;BF T2: 39.0839;AF T2: 62.8793;In-T1B: 71.2733;In-T1A: 87.1655;In+T1B: 66.8252;In+T1A: 89.3035;In-T2B: 75.8849;In-T2A: 86.4783;In+T2B: 80.0605;In+T2A: 84.6239
290: Distance: 0.32
---------------------
BF T1: 26.4097;AF T1: 21.9027;BF T2: 54.5497;AF T2: 49.0549;In-T1B: 66.8252;In-T1A: 89.3035;In+T1B: 86.4783;In+T1A: 85.5505;In-T2B: 67.5698;In-T2A: 87.4178;In+T2B: 87.1655;In+T2A: 96.2528
330: Distance: 1.2
---------------------
BF T1: 16.4526;AF T1: 24.923;BF T2: 44.5006;AF T2: 71.893;In-T1B: 87.4178;In-T1A: 114.03;In+T1B: 84.6239;In+T1A: 122.923;In-T2B: 87.1655;In-T2A: 96.2528;In+T2B: 85.5505;In+T2A: 125.15
350: Distance: 1.28
---------------------
BF T1: 19.3198;AF T1: 30.8431;BF T2: 57.5025;AF T2: 84.4833;In-T1B: 84.6239;In-T1A: 122.923;In+T1B: 96.2528;In+T1A: 129.996;In-T2B: 89.3035;In-T2A: 121.566;In+T2B: 114.03;In+T2A: 127.63
380: Distance: 1
---------------------
BF T1: 23.988;AF T1: 26.8678;BF T2: 80.5158;AF T2: 79.1961;In-T1B: 114.03;In-T1A: 127.63;In+T1B: 122.923;In+T1A: 135.709;In-T2B: 96.2528;In-T2A: 129.996;In+T2B: 125.15;In+T2A: 148.856
400: Distance: 1
---------------------
BF T1: 21.5468;AF T1: 34.5623;BF T2: 68.6218;AF T2: 90.7794;In-T1B: 122.923;In-T1A: 135.709;In+T1B: 129.996;In+T1A: 151.356;In-T2B: 121.566;In-T2A: 130.888;In+T2B: 127.63;In+T2A: 153.624
520: Distance: 0.68
---------------------
BF T1: 27.1613;AF T1: 43.9397;BF T2: 71.236;AF T2: 110.062;In-T1B: 127.686;In-T1A: 154.258;In+T1B: 129.556;In+T1A: 133.681;In-T2B: 140.167;In-T2A: 153.201;In+T2B: 150.254;In+T2A: 114.927
710: Distance: 0.28
---------------------
BF T1: 13.9875;AF T1: 18.3197;BF T2: 39.8172;AF T2: 47.5046;In-T1B: 73.2198;In-T1A: 75.1335;In+T1B: 71.0612;In+T1A: 72.5388;In-T2B: 79.1265;In-T2A: 71.8121;In+T2B: 67.6914;In+T2A: 75.7146
730: Distance: 0.24
---------------------
BF T1: 11.4427;AF T1: 19.6304;BF T2: 41.8618;AF T2: 49.7015;In-T1B: 71.0612;In-T1A: 72.5388;In+T1B: 71.8121;In+T1A: 73.2137;In-T2B: 67.8235;In-T2A: 75.1865;In+T2B: 75.1335;In+T2A: 77.6785
800: Distance: 1.2
---------------------
BF T1: 20.6636;AF T1: 20.6329;BF T2: 49.8541;AF T2: 63.9459;In-T1B: 73.2137;In-T1A: 105.359;In+T1B: 81.3198;In+T1A: 114.157;In-T2B: 75.7146;In-T2A: 94.8956;In+T2B: 87.022;In+T2A: 119.702
90: Distance: 0.2
---------------------
BF T1: 20.6842;AF T1: 21.2176;BF T2: 50.6035;AF T2: 48.1261;In-T1B: 73.7808;In-T1A: 76.7474;In+T1B: 85.2802;In+T1A: 73.0508;In-T2B: 72.6209;In-T2A: 82.7591;In+T2B: 82.8229;In+T2A: 70.9963
250: Distance: 0.08
---------------------
BF T1: 11.9754;AF T1: 14.811;BF T2: 40.4612;AF T2: 48.3242;In-T1B: 81.3973;In-T1A: 80.0605;In+T1B: 71.2733;In+T1A: 87.1655;In-T2B: 76.5418;In-T2A: 66.8252;In+T2B: 67.5698;In+T2A: 87.4178
270: Distance: 0.12
---------------------
BF T1: 13.5731;AF T1: 21.2156;BF T2: 39.0839;AF T2: 62.8793;In-T1B: 71.2733;In-T1A: 87.1655;In+T1B: 66.8252;In+T1A: 89.3035;In-T2B: 75.8849;In-T2A: 86.4783;In+T2B: 80.0605;In+T2A: 84.6239
290: Distance: 0.24
---------------------
BF T1: 26.4097;AF T1: 21.9027;BF T2: 54.5497;AF T2: 49.0549;In-T1B: 66.8252;In-T1A: 89.3035;In+T1B: 86.4783;In+T1A: 85.5505;In-T2B: 67.5698;In-T2A: 87.4178;In+T2B: 87.1655;In+T2A: 96.2528
330: Distance: 0.92
---------------------
BF T1: 16.4526;AF T1: 24.923;BF T2: 44.5006;AF T2: 71.893;In-T1B: 87.4178;In-T1A: 114.03;In+T1B: 84.6239;In+T1A: 122.923;In-T2B: 87.1655;In-T2A: 96.2528;In+T2B: 85.5505;In+T2A: 125.15
350: Distance: 1.16
---------------------
BF T1: 19.3198;AF T1: 30.8431;BF T2: 57.5025;AF T2: 84.4833;In-T1B: 84.6239;In-T1A: 122.923;In+T1B: 96.2528;In+T1A: 129.996;In-T2B: 89.3035;In-T2A: 121.566;In+T2B: 114.03;In+T2A: 127.63
410: Distance: 1.08
---------------------
BF T1: 29.771;AF T1: 33.104;BF T2: 74.4048;AF T2: 90.4432;In-T1B: 125.15;In-T1A: 148.856;In+T1B: 127.63;In+T1A: 153.624;In-T2B: 122.923;In-T2A: 135.709;In+T2B: 130.888;In+T2A: 156.739
520: Distance: 0.44
---------------------
BF T1: 27.1613;AF T1: 43.9397;BF T2: 71.236;AF T2: 110.062;In-T1B: 127.686;In-T1A: 154.258;In+T1B: 129.556;In+T1A: 133.681;In-T2B: 140.167;In-T2A: 153.201;In+T2B: 150.254;In+T2A: 114.927
710: Distance: 0.12
---------------------
BF T1: 13.9875;AF T1: 18.3197;BF T2: 39.8172;AF T2: 47.5046;In-T1B: 73.2198;In-T1A: 75.1335;In+T1B: 71.0612;In+T1A: 72.5388;In-T2B: 79.1265;In-T2A: 71.8121;In+T2B: 67.6914;In+T2A: 75.7146
730: Distance: 0.08
---------------------
BF T1: 11.4427;AF T1: 19.6304;BF T2: 41.8618;AF T2: 49.7015;In-T1B: 71.0612;In-T1A: 72.5388;In+T1B: 71.8121;In+T1A: 73.2137;In-T2B: 67.8235;In-T2A: 75.1865;In+T2B: 75.1335;In+T2A: 77.6785
790: Distance: 0.88
---------------------
BF T1: 14.572;AF T1: 23.9457;BF T2: 42.9744;AF T2: 61.3994;In-T1B: 75.7146;In-T1A: 94.8956;In+T1B: 77.6785;In+T1A: 109.504;In-T2B: 72.5388;In-T2A: 87.022;In+T2B: 81.3198;In+T2A: 114.157
270: Distance: 0.04
---------------------
BF T1: 13.5731;AF T1: 21.2156;BF T2: 39.0839;AF T2: 62.8793;In-T1B: 71.2733;In-T1A: 87.1655;In+T1B: 66.8252;In+T1A: 89.3035;In-T2B: 75.8849;In-T2A: 86.4783;In+T2B: 80.0605;In+T2A: 84.6239
280: Distance: 0.04
---------------------
BF T1: 14.5669;AF T1: 29.3325;BF T2: 41.6754;AF T2: 61.4748;In-T1B: 67.5698;In-T1A: 87.4178;In+T1B: 80.0605;In+T1A: 84.6239;In-T2B: 71.2733;In-T2A: 87.1655;In+T2B: 86.4783;In+T2A: 85.5505
360: Distance: 0.92
---------------------
BF T1: 24.9249;AF T1: 37.5582;BF T2: 65.9748;AF T2: 82.4587;In-T1B: 85.5505;In-T1A: 125.15;In+T1B: 114.03;In+T1A: 127.63;In-T2B: 84.6239;In-T2A: 122.923;In+T2B: 121.566;In+T2A: 130.888
400: Distance: 1
---------------------
BF T1: 21.5468;AF T1: 34.5623;BF T2: 68.6218;AF T2: 90.7794;In-T1B: 122.923;In-T1A: 135.709;In+T1B: 129.996;In+T1A: 151.356;In-T2B: 121.566;In-T2A: 130.888;In+T2B: 127.63;In+T2A: 153.624
530: Distance: 0.52
---------------------
BF T1: 36.575;AF T1: 49.2245;BF T2: 83.5269;AF T2: 93.7593;In-T1B: 123.343;In-T1A: 148.479;In+T1B: 150.254;In+T1A: 114.927;In-T2B: 127.686;In-T2A: 154.258;In+T2B: 153.201;In+T2A: 108.639
710: Distance: 0.04
---------------------
BF T1: 13.9875;AF T1: 18.3197;BF T2: 39.8172;AF T2: 47.5046;In-T1B: 73.2198;In-T1A: 75.1335;In+T1B: 71.0612;In+T1A: 72.5388;In-T2B: 79.1265;In-T2A: 71.8121;In+T2B: 67.6914;In+T2A: 75.7146
730: Distance: 0.08
---------------------
BF T1: 11.4427;AF T1: 19.6304;BF T2: 41.8618;AF T2: 49.7015;In-T1B: 71.0612;In-T1A: 72.5388;In+T1B: 71.8121;In+T1A: 73.2137;In-T2B: 67.8235;In-T2A: 75.1865;In+T2B: 75.1335;In+T2A: 77.6785
790: Distance: 0.8
---------------------
BF T1: 14.572;AF T1: 23.9457;BF T2: 42.9744;AF T2: 61.3994;In-T1B: 75.7146;In-T1A: 94.8956;In+T1B: 77.6785;In+T1A: 109.504;In-T2B: 72.5388;In-T2A: 87.022;In+T2B: 81.3198;In+T2A: 114.157
140: Distance: 0.04
---------------------
BF T1: 16.7711;AF T1: 18.7507;BF T2: 40.6149;AF T2: 43.4347;In-T1B: 76.7474;In-T1A: 72.0346;In+T1B: 73.0508;In+T1A: 63.3212;In-T2B: 82.7591;In-T2A: 69.1513;In+T2B: 70.9963;In+T2A: 68.8357
290: Distance: 0.04
---------------------
BF T1: 26.4097;AF T1: 21.9027;BF T2: 54.5497;AF T2: 49.0549;In-T1B: 66.8252;In-T1A: 89.3035;In+T1B: 86.4783;In+T1A: 85.5505;In-T2B: 67.5698;In-T2A: 87.4178;In+T2B: 87.1655;In+T2A: 96.2528
350: Distance: 0.48
---------------------
BF T1: 19.3198;AF T1: 30.8431;BF T2: 57.5025;AF T2: 84.4833;In-T1B: 84.6239;In-T1A: 122.923;In+T1B: 96.2528;In+T1A: 129.996;In-T2B: 89.3035;In-T2A: 121.566;In+T2B: 114.03;In+T2A: 127.63
420: Distance: 1.08
---------------------
BF T1: 29.2369;AF T1: 31.7715;BF T2: 80.5547;AF T2: 96.4588;In-T1B: 129.996;In-T1A: 151.356;In+T1B: 130.888;In+T1A: 156.739;In-T2B: 125.15;In-T2A: 148.856;In+T2B: 135.709;In+T2A: 150.576
530: Distance: 0.24
---------------------
BF T1: 36.575;AF T1: 49.2245;BF T2: 83.5269;AF T2: 93.7593;In-T1B: 123.343;In-T1A: 148.479;In+T1B: 150.254;In+T1A: 114.927;In-T2B: 127.686;In-T2A: 154.258;In+T2B: 153.201;In+T2A: 108.639
560: Distance: 0.16
---------------------
BF T1: 20.8477;AF T1: 24.7069;BF T2: 90.5212;AF T2: 71.6928;In-T1B: 153.201;In-T1A: 108.639;In+T1B: 148.479;In+T1A: 107.74;In-T2B: 150.254;In-T2A: 114.927;In+T2B: 133.681;In+T2A: 107.709
730: Distance: 0.04
---------------------
BF T1: 11.4427;AF T1: 19.6304;BF T2: 41.8618;AF T2: 49.7015;In-T1B: 71.0612;In-T1A: 72.5388;In+T1B: 71.8121;In+T1A: 73.2137;In-T2B: 67.8235;In-T2A: 75.1865;In+T2B: 75.1335;In+T2A: 77.6785
790: Distance: 0.4
---------------------
BF T1: 14.572;AF T1: 23.9457;BF T2: 42.9744;AF T2: 61.3994;In-T1B: 75.7146;In-T1A: 94.8956;In+T1B: 77.6785;In+T1A: 109.504;In-T2B: 72.5388;In-T2A: 87.022;In+T2B: 81.3198;In+T2A: 114.157
140: Distance: 0.04
---------------------
BF T1: 16.7711;AF T1: 18.7507;BF T2: 40.6149;AF T2: 43.4347;In-T1B: 76.7474;In-T1A: 72.0346;In+T1B: 73.0508;In+T1A: 63.3212;In-T2B: 82.7591;In-T2A: 69.1513;In+T2B: 70.9963;In+T2A: 68.8357
290: Distance: 0.04
---------------------
BF T1: 26.4097;AF T1: 21.9027;BF T2: 54.5497;AF T2: 49.0549;In-T1B: 66.8252;In-T1A: 89.3035;In+T1B: 86.4783;In+T1A: 85.5505;In-T2B: 67.5698;In-T2A: 87.4178;In+T2B: 87.1655;In+T2A: 96.2528
360: Distance: 0.4
---------------------
BF T1: 24.9249;AF T1: 37.5582;BF T2: 65.9748;AF T2: 82.4587;In-T1B: 85.5505;In-T1A: 125.15;In+T1B: 114.03;In+T1A: 127.63;In-T2B: 84.6239;In-T2A: 122.923;In+T2B: 121.566;In+T2A: 130.888
400: Distance: 0.6
---------------------
BF T1: 21.5468;AF T1: 34.5623;BF T2: 68.6218;AF T2: 90.7794;In-T1B: 122.923;In-T1A: 135.709;In+T1B: 129.996;In+T1A: 151.356;In-T2B: 121.566;In-T2A: 130.888;In+T2B: 127.63;In+T2A: 153.624
520: Distance: 0.24
---------------------
BF T1: 27.1613;AF T1: 43.9397;BF T2: 71.236;AF T2: 110.062;In-T1B: 127.686;In-T1A: 154.258;In+T1B: 129.556;In+T1A: 133.681;In-T2B: 140.167;In-T2A: 153.201;In+T2B: 150.254;In+T2A: 114.927
540: Distance: 0.28
---------------------
BF T1: 42.4434;AF T1: 31.0435;BF T2: 106.18;AF T2: 72.7847;In-T1B: 129.556;In-T1A: 133.681;In+T1B: 153.201;In+T1A: 108.639;In-T2B: 123.343;In-T2A: 148.479;In+T2B: 154.258;In+T2A: 109.772
560: Distance: 0.28
---------------------
BF T1: 20.8477;AF T1: 24.7069;BF T2: 90.5212;AF T2: 71.6928;In-T1B: 153.201;In-T1A: 108.639;In+T1B: 148.479;In+T1A: 107.74;In-T2B: 150.254;In-T2A: 114.927;In+T2B: 133.681;In+T2A: 107.709
730: Distance: 0.04
---------------------
BF T1: 11.4427;AF T1: 19.6304;BF T2: 41.8618;AF T2: 49.7015;In-T1B: 71.0612;In-T1A: 72.5388;In+T1B: 71.8121;In+T1A: 73.2137;In-T2B: 67.8235;In-T2A: 75.1865;In+T2B: 75.1335;In+T2A: 77.6785
750: Distance: 0.08
---------------------
BF T1: 16.1988;AF T1: 16.4297;BF T2: 44.7145;AF T2: 45.8261;In-T1B: 71.8121;In-T1A: 73.2137;In+T1B: 75.1865;In+T1A: 81.3198;In-T2B: 67.6914;In-T2A: 75.7146;In+T2B: 72.5388;In+T2A: 87.022
770: Distance: 0.2
---------------------
BF T1: 13.7838;AF T1: 18.0018;BF T2: 44.0232;AF T2: 53.1362;In-T1B: 75.1865;In-T1A: 81.3198;In+T1B: 75.7146;In+T1A: 94.8956;In-T2B: 75.1335;In-T2A: 77.6785;In+T2B: 73.2137;In+T2A: 105.359
790: Distance: 0.28
---------------------
BF T1: 14.572;AF T1: 23.9457;BF T2: 42.9744;AF T2: 61.3994;In-T1B: 75.7146;In-T1A: 94.8956;In+T1B: 77.6785;In+T1A: 109.504;In-T2B: 72.5388;In-T2A: 87.022;In+T2B: 81.3198;In+T2A: 114.157
140: Distance: 0.04
---------------------
BF T1: 16.7711;AF T1: 18.7507;BF T2: 40.6149;AF T2: 43.4347;In-T1B: 76.7474;In-T1A: 72.0346;In+T1B: 73.0508;In+T1A: 63.3212;In-T2B: 82.7591;In-T2A: 69.1513;In+T2B: 70.9963;In+T2A: 68.8357
340: Distance: 0.04
---------------------
BF T1: 21.7301;AF T1: 21.7814;BF T2: 52.0081;AF T2: 81.8029;In-T1B: 89.3035;In-T1A: 121.566;In+T1B: 85.5505;In+T1A: 125.15;In-T2B: 87.4178;In-T2A: 114.03;In+T2B: 96.2528;In+T2A: 129.996
370: Distance: 0.16
---------------------
BF T1: 31.6029;AF T1: 27.9554;BF T2: 75.8476;AF T2: 73.0365;In-T1B: 96.2528;In-T1A: 129.996;In+T1B: 121.566;In+T1A: 130.888;In-T2B: 85.5505;In-T2A: 125.15;In+T2B: 122.923;In+T2A: 135.709
380: Distance: 0.16
---------------------
BF T1: 23.988;AF T1: 26.8678;BF T2: 80.5158;AF T2: 79.1961;In-T1B: 114.03;In-T1A: 127.63;In+T1B: 122.923;In+T1A: 135.709;In-T2B: 96.2528;In-T2A: 129.996;In+T2B: 125.15;In+T2A: 148.856
410: Distance: 0.6
---------------------
BF T1: 29.771;AF T1: 33.104;BF T2: 74.4048;AF T2: 90.4432;In-T1B: 125.15;In-T1A: 148.856;In+T1B: 127.63;In+T1A: 153.624;In-T2B: 122.923;In-T2A: 135.709;In+T2B: 130.888;In+T2A: 156.739
430: Distance: 0.64
---------------------
BF T1: 27.2464;AF T1: 33.96;BF T2: 86.2543;AF T2: 101.538;In-T1B: 127.63;In-T1A: 153.624;In+T1B: 135.709;In+T1A: 150.576;In-T2B: 129.996;In-T2A: 151.356;In+T2B: 148.856;In+T2A: 140.167
560: Distance: 0.32
---------------------
BF T1: 20.8477;AF T1: 24.7069;BF T2: 90.5212;AF T2: 71.6928;In-T1B: 153.201;In-T1A: 108.639;In+T1B: 148.479;In+T1A: 107.74;In-T2B: 150.254;In-T2A: 114.927;In+T2B: 133.681;In+T2A: 107.709
750: Distance: 0.04
---------------------
BF T1: 16.1988;AF T1: 16.4297;BF T2: 44.7145;AF T2: 45.8261;In-T1B: 71.8121;In-T1A: 73.2137;In+T1B: 75.1865;In+T1A: 81.3198;In-T2B: 67.6914;In-T2A: 75.7146;In+T2B: 72.5388;In+T2A: 87.022
790: Distance: 0.28
---------------------
BF T1: 14.572;AF T1: 23.9457;BF T2: 42.9744;AF T2: 61.3994;In-T1B: 75.7146;In-T1A: 94.8956;In+T1B: 77.6785;In+T1A: 109.504;In-T2B: 72.5388;In-T2A: 87.022;In+T2B: 81.3198;In+T2A: 114.157
370: Distance: 0.08
---------------------
BF T1: 31.6029;AF T1: 27.9554;BF T2: 75.8476;AF T2: 73.0365;In-T1B: 96.2528;In-T1A: 129.996;In+T1B: 121.566;In+T1A: 130.888;In-T2B: 85.5505;In-T2A: 125.15;In+T2B: 122.923;In+T2A: 135.709
430: Distance: 0.48
---------------------
BF T1: 27.2464;AF T1: 33.96;BF T2: 86.2543;AF T2: 101.538;In-T1B: 127.63;In-T1A: 153.624;In+T1B: 135.709;In+T1A: 150.576;In-T2B: 129.996;In-T2A: 151.356;In+T2B: 148.856;In+T2A: 140.167
570: Distance: 0.08
---------------------
BF T1: 21.3828;AF T1: 25.8187;BF T2: 69.4607;AF T2: 70.4024;In-T1B: 154.258;In-T1A: 109.772;In+T1B: 133.681;In+T1A: 107.709;In-T2B: 153.201;In-T2A: 108.639;In+T2B: 114.927;In+T2A: 101.105
810: Distance: 0.08
---------------------
BF T1: 17.6819;AF T1: 23.0539;BF T2: 52.9175;AF T2: 71.8101;In-T1B: 77.6785;In-T1A: 109.504;In+T1B: 87.022;In+T1A: 119.702;In-T2B: 73.2137;In-T2A: 105.359;In+T2B: 94.8956;In+T2A: 121.376
370: Distance: 0.08
---------------------
BF T1: 31.6029;AF T1: 27.9554;BF T2: 75.8476;AF T2: 73.0365;In-T1B: 96.2528;In-T1A: 129.996;In+T1B: 121.566;In+T1A: 130.888;In-T2B: 85.5505;In-T2A: 125.15;In+T2B: 122.923;In+T2A: 135.709
380: Distance: 0.08
---------------------
BF T1: 23.988;AF T1: 26.8678;BF T2: 80.5158;AF T2: 79.1961;In-T1B: 114.03;In-T1A: 127.63;In+T1B: 122.923;In+T1A: 135.709;In-T2B: 96.2528;In-T2A: 129.996;In+T2B: 125.15;In+T2A: 148.856
410: Distance: 0.28
---------------------
BF T1: 29.771;AF T1: 33.104;BF T2: 74.4048;AF T2: 90.4432;In-T1B: 125.15;In-T1A: 148.856;In+T1B: 127.63;In+T1A: 153.624;In-T2B: 122.923;In-T2A: 135.709;In+T2B: 130.888;In+T2A: 156.739
440: Distance: 0.28
---------------------
BF T1: 27.9078;AF T1: 41.3046;BF T2: 84.3911;AF T2: 104.225;In-T1B: 130.888;In-T1A: 156.739;In+T1B: 148.856;In+T1A: 140.167;In-T2B: 127.63;In-T2A: 153.624;In+T2B: 151.356;In+T2A: 127.686
820: Distance: 0.04
---------------------
BF T1: 19.486;AF T1: 26.7781;BF T2: 57.8314;AF T2: 77.4787;In-T1B: 81.3198;In-T1A: 114.157;In+T1B: 94.8956;In+T1A: 121.376;In-T2B: 77.6785;In-T2A: 109.504;In+T2B: 105.359;In+T2A: 121.579
370: Distance: 0.08
---------------------
BF T1: 31.6029;AF T1: 27.9554;BF T2: 75.8476;AF T2: 73.0365;In-T1B: 96.2528;In-T1A: 129.996;In+T1B: 121.566;In+T1A: 130.888;In-T2B: 85.5505;In-T2A: 125.15;In+T2B: 122.923;In+T2A: 135.709
380: Distance: 0.08
---------------------
BF T1: 23.988;AF T1: 26.8678;BF T2: 80.5158;AF T2: 79.1961;In-T1B: 114.03;In-T1A: 127.63;In+T1B: 122.923;In+T1A: 135.709;In-T2B: 96.2528;In-T2A: 129.996;In+T2B: 125.15;In+T2A: 148.856
410: Distance: 0.16
---------------------
BF T1: 29.771;AF T1: 33.104;BF T2: 74.4048;AF T2: 90.4432;In-T1B: 125.15;In-T1A: 148.856;In+T1B: 127.63;In+T1A: 153.624;In-T2B: 122.923;In-T2A: 135.709;In+T2B: 130.888;In+T2A: 156.739
440: Distance: 0.2
---------------------
BF T1: 27.9078;AF T1: 41.3046;BF T2: 84.3911;AF T2: 104.225;In-T1B: 130.888;In-T1A: 156.739;In+T1B: 148.856;In+T1A: 140.167;In-T2B: 127.63;In-T2A: 153.624;In+T2B: 151.356;In+T2A: 127.686
450: Distance: 0.04
---------------------
BF T1: 34.6937;AF T1: 38.9369;BF T2: 89.8479;AF T2: 98.0078;In-T1B: 135.709;In-T1A: 150.576;In+T1B: 151.356;In+T1A: 127.686;In-T2B: 130.888;In-T2A: 156.739;In+T2B: 153.624;In+T2A: 123.343
450: Distance: 0.04
---------------------
BF T1: 34.6937;AF T1: 38.9369;BF T2: 89.8479;AF T2: 98.0078;In-T1B: 135.709;In-T1A: 150.576;In+T1B: 151.356;In+T1A: 127.686;In-T2B: 130.888;In-T2A: 156.739;In+T2B: 153.624;In+T2A: 123.343
-----------------
Top Local Maximums: 
800: Distance: 1.6, Opticalflow Before this frame: 77.6785
350: Distance: 1.56, Opticalflow Before this frame: 85.5505
330: Distance: 1.44, Opticalflow Before this frame: 89.3035
...............
Score1 Calculation:
MaxD:1.6
350:1.56
800:1.6
...............
Score2 Calculation:
800:1.6
350:1.56
330:1.44
820:1.36
320:1.16
...............
Score3 Calculation:
800:1.6
350:1.56
350:1.44
330:1.44
800:1.36
Duration of Processing Video: 2 seconds.
Analyzing Video finished.
Total Processing Time: 8 seconds.
Video Name : Game15_video0032
Moment of Snap:800
Max Distance:1.6
Threshold:977.377
Confidence: 0.226582; Score1: 0.506329; Score2: 0.4; Score3: 0.4
BF T1: 20.6636;AF T1: 20.6329;BF T2: 49.8541;AF T2: 63.9459;In-T1B: 73.2137;In-T1A: 105.359;In+T1B: 81.3198;In+T1A: 114.157;In-T2B: 75.7146;In-T2A: 94.8956;In+T2B: 87.022;In+T2A: 119.702
----------------------------------------------------

